<?xml version="1.0" encoding="utf-8"?>
<test-run id="2" testcasecount="51" result="Passed" total="51" passed="51" failed="0" inconclusive="0" skipped="0" asserts="0" engine-version="3.5.0.0" clr-version="4.0.30319.42000" start-time="2026-05-06 05:29:38Z" end-time="2026-05-06 05:29:38Z" duration="0.629446">
  <test-suite type="TestSuite" id="1077" name="EmbodiedDebate" fullname="EmbodiedDebate" runstate="Runnable" testcasecount="51" result="Passed" start-time="2026-05-06 05:29:38Z" end-time="2026-05-06 05:29:38Z" duration="0.629446" total="51" passed="51" failed="0" inconclusive="0" skipped="0" asserts="0">
    <properties />
    <test-suite type="Assembly" id="1117" name="ArgusUnity.Tests.EditMode.dll" fullname="/Users/guribbong/code/Argus/unity/EmbodiedDebate/Library/ScriptAssemblies/ArgusUnity.Tests.EditMode.dll" runstate="Runnable" testcasecount="32" result="Passed" start-time="2026-05-06 05:29:38Z" end-time="2026-05-06 05:29:38Z" duration="0.341109" total="32" passed="32" failed="0" inconclusive="0" skipped="0" asserts="0">
      <properties>
        <property name="_PID" value="43186" />
        <property name="_APPDOMAIN" value="Unity Child Domain" />
        <property name="platform" value="EditMode" />
      </properties>
      <test-suite type="TestSuite" id="1118" name="ArgusUnity" fullname="ArgusUnity" runstate="Runnable" testcasecount="32" result="Passed" start-time="2026-05-06 05:29:38Z" end-time="2026-05-06 05:29:38Z" duration="0.340252" total="32" passed="32" failed="0" inconclusive="0" skipped="0" asserts="0">
        <properties />
        <test-suite type="TestSuite" id="1119" name="Tests" fullname="ArgusUnity.Tests" runstate="Runnable" testcasecount="32" result="Passed" start-time="2026-05-06 05:29:38Z" end-time="2026-05-06 05:29:38Z" duration="0.335980" total="32" passed="32" failed="0" inconclusive="0" skipped="0" asserts="0">
          <properties />
          <test-suite type="TestSuite" id="1120" name="EditMode" fullname="ArgusUnity.Tests.EditMode" runstate="Runnable" testcasecount="32" result="Passed" start-time="2026-05-06 05:29:38Z" end-time="2026-05-06 05:29:38Z" duration="0.332095" total="32" passed="32" failed="0" inconclusive="0" skipped="0" asserts="0">
            <properties />
            <test-suite type="TestFixture" id="1078" name="AgentInspectorFormatterTests" fullname="ArgusUnity.Tests.EditMode.AgentInspectorFormatterTests" classname="ArgusUnity.Tests.EditMode.AgentInspectorFormatterTests" runstate="Runnable" testcasecount="1" result="Passed" start-time="2026-05-06 05:29:38Z" end-time="2026-05-06 05:29:38Z" duration="0.048939" total="1" passed="1" failed="0" inconclusive="0" skipped="0" asserts="0">
              <properties />
              <test-case id="1079" name="DropsSensitiveNestedKeysBeyondAllowlist" fullname="ArgusUnity.Tests.EditMode.AgentInspectorFormatterTests.DropsSensitiveNestedKeysBeyondAllowlist" methodname="DropsSensitiveNestedKeysBeyondAllowlist" classname="ArgusUnity.Tests.EditMode.AgentInspectorFormatterTests" runstate="Runnable" seed="1242858933" result="Passed" start-time="2026-05-06 05:29:38Z" end-time="2026-05-06 05:29:38Z" duration="0.033864" asserts="0">
                <properties />
              </test-case>
            </test-suite>
            <test-suite type="TestFixture" id="1080" name="AgentLocomotionDriverTests" fullname="ArgusUnity.Tests.EditMode.AgentLocomotionDriverTests" classname="ArgusUnity.Tests.EditMode.AgentLocomotionDriverTests" runstate="Runnable" testcasecount="6" result="Passed" start-time="2026-05-06 05:29:38Z" end-time="2026-05-06 05:29:38Z" duration="0.027388" total="6" passed="6" failed="0" inconclusive="0" skipped="0" asserts="0">
              <properties />
              <test-case id="1085" name="BoundaryTurnaroundDirectionMovesInwardAndKeepsATangent" fullname="ArgusUnity.Tests.EditMode.AgentLocomotionDriverTests.BoundaryTurnaroundDirectionMovesInwardAndKeepsATangent" methodname="BoundaryTurnaroundDirectionMovesInwardAndKeepsATangent" classname="ArgusUnity.Tests.EditMode.AgentLocomotionDriverTests" runstate="Runnable" seed="1830801999" result="Passed" start-time="2026-05-06 05:29:38Z" end-time="2026-05-06 05:29:38Z" duration="0.018415" asserts="0">
                <properties />
              </test-case>
              <test-case id="1084" name="ClampPlanarKeepsPositionInsideWalkableRoom" fullname="ArgusUnity.Tests.EditMode.AgentLocomotionDriverTests.ClampPlanarKeepsPositionInsideWalkableRoom" methodname="ClampPlanarKeepsPositionInsideWalkableRoom" classname="ArgusUnity.Tests.EditMode.AgentLocomotionDriverTests" runstate="Runnable" seed="1607731645" result="Passed" start-time="2026-05-06 05:29:38Z" end-time="2026-05-06 05:29:38Z" duration="0.000908" asserts="0">
                <properties />
              </test-case>
              <test-case id="1081" name="PlanarSpeedIgnoresVerticalDelta" fullname="ArgusUnity.Tests.EditMode.AgentLocomotionDriverTests.PlanarSpeedIgnoresVerticalDelta" methodname="PlanarSpeedIgnoresVerticalDelta" classname="ArgusUnity.Tests.EditMode.AgentLocomotionDriverTests" runstate="Runnable" seed="28221381" result="Passed" start-time="2026-05-06 05:29:38Z" end-time="2026-05-06 05:29:38Z" duration="0.000377" asserts="0">
                <properties />
              </test-case>
              <test-case id="1086" name="PushThroughTargetAimsBehindPushableObject" fullname="ArgusUnity.Tests.EditMode.AgentLocomotionDriverTests.PushThroughTargetAimsBehindPushableObject" methodname="PushThroughTargetAimsBehindPushableObject" classname="ArgusUnity.Tests.EditMode.AgentLocomotionDriverTests" runstate="Runnable" seed="839961427" result="Passed" start-time="2026-05-06 05:29:38Z" end-time="2026-05-06 05:29:38Z" duration="0.000926" asserts="0">
                <properties />
              </test-case>
              <test-case id="1082" name="ResolveMovingUsesStartStopHysteresis" fullname="ArgusUnity.Tests.EditMode.AgentLocomotionDriverTests.ResolveMovingUsesStartStopHysteresis" methodname="ResolveMovingUsesStartStopHysteresis" classname="ArgusUnity.Tests.EditMode.AgentLocomotionDriverTests" runstate="Runnable" seed="1227768692" result="Passed" start-time="2026-05-06 05:29:38Z" end-time="2026-05-06 05:29:38Z" duration="0.000488" asserts="0">
                <properties />
              </test-case>
              <test-case id="1083" name="YawFromPlanarDirectionUsesUnityForwardAxis" fullname="ArgusUnity.Tests.EditMode.AgentLocomotionDriverTests.YawFromPlanarDirectionUsesUnityForwardAxis" methodname="YawFromPlanarDirectionUsesUnityForwardAxis" classname="ArgusUnity.Tests.EditMode.AgentLocomotionDriverTests" runstate="Runnable" seed="168465303" result="Passed" start-time="2026-05-06 05:29:38Z" end-time="2026-05-06 05:29:38Z" duration="0.000589" asserts="0">
                <properties />
              </test-case>
            </test-suite>
            <test-suite type="TestFixture" id="1087" name="AnimationStateMapperTests" fullname="ArgusUnity.Tests.EditMode.AnimationStateMapperTests" classname="ArgusUnity.Tests.EditMode.AnimationStateMapperTests" runstate="Runnable" testcasecount="12" result="Passed" start-time="2026-05-06 05:29:38Z" end-time="2026-05-06 05:29:38Z" duration="0.011617" total="12" passed="12" failed="0" inconclusive="0" skipped="0" asserts="0">
              <properties />
              <test-case id="1100" name="EmptyActionFallsBackToIdleWarning" fullname="ArgusUnity.Tests.EditMode.AnimationStateMapperTests.EmptyActionFallsBackToIdleWarning" methodname="EmptyActionFallsBackToIdleWarning" classname="ArgusUnity.Tests.EditMode.AnimationStateMapperTests" runstate="Runnable" seed="54817793" result="Passed" start-time="2026-05-06 05:29:38Z" end-time="2026-05-06 05:29:38Z" duration="0.003835" asserts="0">
                <properties />
              </test-case>
              <test-suite type="ParameterizedMethod" id="1098" name="KnownActionsMapToConfiguredClips" fullname="ArgusUnity.Tests.EditMode.AnimationStateMapperTests.KnownActionsMapToConfiguredClips" classname="ArgusUnity.Tests.EditMode.AnimationStateMapperTests" runstate="Runnable" testcasecount="10" result="Passed" start-time="2026-05-06 05:29:38Z" end-time="2026-05-06 05:29:38Z" duration="0.005476" total="10" passed="10" failed="0" inconclusive="0" skipped="0" asserts="0">
                <properties />
                <test-case id="1088" name="KnownActionsMapToConfiguredClips(&quot;idle&quot;,&quot;IdleClip&quot;)" fullname="ArgusUnity.Tests.EditMode.AnimationStateMapperTests.KnownActionsMapToConfiguredClips(&quot;idle&quot;,&quot;IdleClip&quot;)" methodname="KnownActionsMapToConfiguredClips" classname="ArgusUnity.Tests.EditMode.AnimationStateMapperTests" runstate="Runnable" seed="2010480059" result="Passed" start-time="2026-05-06 05:29:38Z" end-time="2026-05-06 05:29:38Z" duration="0.000734" asserts="0">
                  <properties />
                </test-case>
                <test-case id="1089" name="KnownActionsMapToConfiguredClips(&quot;walk&quot;,&quot;WalkClip&quot;)" fullname="ArgusUnity.Tests.EditMode.AnimationStateMapperTests.KnownActionsMapToConfiguredClips(&quot;walk&quot;,&quot;WalkClip&quot;)" methodname="KnownActionsMapToConfiguredClips" classname="ArgusUnity.Tests.EditMode.AnimationStateMapperTests" runstate="Runnable" seed="2016685567" result="Passed" start-time="2026-05-06 05:29:38Z" end-time="2026-05-06 05:29:38Z" duration="0.001000" asserts="0">
                  <properties />
                </test-case>
                <test-case id="1090" name="KnownActionsMapToConfiguredClips(&quot;run&quot;,&quot;RunClip&quot;)" fullname="ArgusUnity.Tests.EditMode.AnimationStateMapperTests.KnownActionsMapToConfiguredClips(&quot;run&quot;,&quot;RunClip&quot;)" methodname="KnownActionsMapToConfiguredClips" classname="ArgusUnity.Tests.EditMode.AnimationStateMapperTests" runstate="Runnable" seed="1618952068" result="Passed" start-time="2026-05-06 05:29:38Z" end-time="2026-05-06 05:29:38Z" duration="0.000130" asserts="0">
                  <properties />
                </test-case>
                <test-case id="1091" name="KnownActionsMapToConfiguredClips(&quot;speak&quot;,&quot;SpeakClip&quot;)" fullname="ArgusUnity.Tests.EditMode.AnimationStateMapperTests.KnownActionsMapToConfiguredClips(&quot;speak&quot;,&quot;SpeakClip&quot;)" methodname="KnownActionsMapToConfiguredClips" classname="ArgusUnity.Tests.EditMode.AnimationStateMapperTests" runstate="Runnable" seed="581834896" result="Passed" start-time="2026-05-06 05:29:38Z" end-time="2026-05-06 05:29:38Z" duration="0.000183" asserts="0">
                  <properties />
                </test-case>
                <test-case id="1092" name="KnownActionsMapToConfiguredClips(&quot;argue&quot;,&quot;ArgueClip&quot;)" fullname="ArgusUnity.Tests.EditMode.AnimationStateMapperTests.KnownActionsMapToConfiguredClips(&quot;argue&quot;,&quot;ArgueClip&quot;)" methodname="KnownActionsMapToConfiguredClips" classname="ArgusUnity.Tests.EditMode.AnimationStateMapperTests" runstate="Runnable" seed="1969694177" result="Passed" start-time="2026-05-06 05:29:38Z" end-time="2026-05-06 05:29:38Z" duration="0.000316" asserts="0">
                  <properties />
                </test-case>
                <test-case id="1093" name="KnownActionsMapToConfiguredClips(&quot;push&quot;,&quot;PushClip&quot;)" fullname="ArgusUnity.Tests.EditMode.AnimationStateMapperTests.KnownActionsMapToConfiguredClips(&quot;push&quot;,&quot;PushClip&quot;)" methodname="KnownActionsMapToConfiguredClips" classname="ArgusUnity.Tests.EditMode.AnimationStateMapperTests" runstate="Runnable" seed="94110526" result="Passed" start-time="2026-05-06 05:29:38Z" end-time="2026-05-06 05:29:38Z" duration="0.000230" asserts="0">
                  <properties />
                </test-case>
                <test-case id="1094" name="KnownActionsMapToConfiguredClips(&quot;block&quot;,&quot;BlockClip&quot;)" fullname="ArgusUnity.Tests.EditMode.AnimationStateMapperTests.KnownActionsMapToConfiguredClips(&quot;block&quot;,&quot;BlockClip&quot;)" methodname="KnownActionsMapToConfiguredClips" classname="ArgusUnity.Tests.EditMode.AnimationStateMapperTests" runstate="Runnable" seed="632015112" result="Passed" start-time="2026-05-06 05:29:38Z" end-time="2026-05-06 05:29:38Z" duration="0.000187" asserts="0">
                  <properties />
                </test-case>
                <test-case id="1095" name="KnownActionsMapToConfiguredClips(&quot;stumble&quot;,&quot;StumbleClip&quot;)" fullname="ArgusUnity.Tests.EditMode.AnimationStateMapperTests.KnownActionsMapToConfiguredClips(&quot;stumble&quot;,&quot;StumbleClip&quot;)" methodname="KnownActionsMapToConfiguredClips" classname="ArgusUnity.Tests.EditMode.AnimationStateMapperTests" runstate="Runnable" seed="223545061" result="Passed" start-time="2026-05-06 05:29:38Z" end-time="2026-05-06 05:29:38Z" duration="0.000171" asserts="0">
                  <properties />
                </test-case>
                <test-case id="1096" name="KnownActionsMapToConfiguredClips(&quot;fall&quot;,&quot;FallClip&quot;)" fullname="ArgusUnity.Tests.EditMode.AnimationStateMapperTests.KnownActionsMapToConfiguredClips(&quot;fall&quot;,&quot;FallClip&quot;)" methodname="KnownActionsMapToConfiguredClips" classname="ArgusUnity.Tests.EditMode.AnimationStateMapperTests" runstate="Runnable" seed="1638463732" result="Passed" start-time="2026-05-06 05:29:38Z" end-time="2026-05-06 05:29:38Z" duration="0.000151" asserts="0">
                  <properties />
                </test-case>
                <test-case id="1097" name="KnownActionsMapToConfiguredClips(&quot;recover&quot;,&quot;RecoverClip&quot;)" fullname="ArgusUnity.Tests.EditMode.AnimationStateMapperTests.KnownActionsMapToConfiguredClips(&quot;recover&quot;,&quot;RecoverClip&quot;)" methodname="KnownActionsMapToConfiguredClips" classname="ArgusUnity.Tests.EditMode.AnimationStateMapperTests" runstate="Runnable" seed="283029351" result="Passed" start-time="2026-05-06 05:29:38Z" end-time="2026-05-06 05:29:38Z" duration="0.000094" asserts="0">
                  <properties />
                </test-case>
              </test-suite>
              <test-case id="1099" name="UnknownActionFallsBackToIdleWarning" fullname="ArgusUnity.Tests.EditMode.AnimationStateMapperTests.UnknownActionFallsBackToIdleWarning" methodname="UnknownActionFallsBackToIdleWarning" classname="ArgusUnity.Tests.EditMode.AnimationStateMapperTests" runstate="Runnable" seed="1822232710" result="Passed" start-time="2026-05-06 05:29:38Z" end-time="2026-05-06 05:29:38Z" duration="0.000195" asserts="0">
                <properties />
              </test-case>
            </test-suite>
            <test-suite type="TestFixture" id="1101" name="BridgeEnvelopeTests" fullname="ArgusUnity.Tests.EditMode.BridgeEnvelopeTests" classname="ArgusUnity.Tests.EditMode.BridgeEnvelopeTests" runstate="Runnable" testcasecount="4" result="Passed" start-time="2026-05-06 05:29:38Z" end-time="2026-05-06 05:29:38Z" duration="0.215910" total="4" passed="4" failed="0" inconclusive="0" skipped="0" asserts="0">
              <properties />
              <test-case id="1103" name="MalformedJsonReturnsStructuredError" fullname="ArgusUnity.Tests.EditMode.BridgeEnvelopeTests.MalformedJsonReturnsStructuredError" methodname="MalformedJsonReturnsStructuredError" classname="ArgusUnity.Tests.EditMode.BridgeEnvelopeTests" runstate="Runnable" seed="98051984" result="Passed" start-time="2026-05-06 05:29:38Z" end-time="2026-05-06 05:29:38Z" duration="0.137396" asserts="0">
                <properties />
              </test-case>
              <test-case id="1102" name="ParseValidEnvelopePreservesPayload" fullname="ArgusUnity.Tests.EditMode.BridgeEnvelopeTests.ParseValidEnvelopePreservesPayload" methodname="ParseValidEnvelopePreservesPayload" classname="ArgusUnity.Tests.EditMode.BridgeEnvelopeTests" runstate="Runnable" seed="306698630" result="Passed" start-time="2026-05-06 05:29:38Z" end-time="2026-05-06 05:29:38Z" duration="0.049011" asserts="0">
                <properties />
              </test-case>
              <test-case id="1105" name="UnityAckUsesExpectedPayloadShape" fullname="ArgusUnity.Tests.EditMode.BridgeEnvelopeTests.UnityAckUsesExpectedPayloadShape" methodname="UnityAckUsesExpectedPayloadShape" classname="ArgusUnity.Tests.EditMode.BridgeEnvelopeTests" runstate="Runnable" seed="1874904533" result="Passed" start-time="2026-05-06 05:29:38Z" end-time="2026-05-06 05:29:38Z" duration="0.023536" asserts="0">
                <properties />
              </test-case>
              <test-case id="1104" name="UnknownMessageTypeIsPreservedForCallerHandling" fullname="ArgusUnity.Tests.EditMode.BridgeEnvelopeTests.UnknownMessageTypeIsPreservedForCallerHandling" methodname="UnknownMessageTypeIsPreservedForCallerHandling" classname="ArgusUnity.Tests.EditMode.BridgeEnvelopeTests" runstate="Runnable" seed="828224485" result="Passed" start-time="2026-05-06 05:29:38Z" end-time="2026-05-06 05:29:38Z" duration="0.003096" asserts="0">
                <properties />
              </test-case>
            </test-suite>
            <test-suite type="TestFixture" id="1106" name="BridgePresentationParsingTests" fullname="ArgusUnity.Tests.EditMode.BridgePresentationParsingTests" classname="ArgusUnity.Tests.EditMode.BridgePresentationParsingTests" runstate="Runnable" testcasecount="5" result="Passed" start-time="2026-05-06 05:29:38Z" end-time="2026-05-06 05:29:38Z" duration="0.014544" total="5" passed="5" failed="0" inconclusive="0" skipped="0" asserts="0">
              <properties />
              <test-case id="1111" name="ConflictUpdateNormalizesStageCase" fullname="ArgusUnity.Tests.EditMode.BridgePresentationParsingTests.ConflictUpdateNormalizesStageCase" methodname="ConflictUpdateNormalizesStageCase" classname="ArgusUnity.Tests.EditMode.BridgePresentationParsingTests" runstate="Runnable" seed="1600707235" result="Passed" start-time="2026-05-06 05:29:38Z" end-time="2026-05-06 05:29:38Z" duration="0.004986" asserts="0">
                <properties />
              </test-case>
              <test-case id="1107" name="DialogueParsingExtractsSpeakerTextAndDuration" fullname="ArgusUnity.Tests.EditMode.BridgePresentationParsingTests.DialogueParsingExtractsSpeakerTextAndDuration" methodname="DialogueParsingExtractsSpeakerTextAndDuration" classname="ArgusUnity.Tests.EditMode.BridgePresentationParsingTests" runstate="Runnable" seed="1559804842" result="Passed" start-time="2026-05-06 05:29:38Z" end-time="2026-05-06 05:29:38Z" duration="0.001994" asserts="0">
                <properties />
              </test-case>
              <test-case id="1109" name="DialogueTruncationAppendsEllipsis" fullname="ArgusUnity.Tests.EditMode.BridgePresentationParsingTests.DialogueTruncationAppendsEllipsis" methodname="DialogueTruncationAppendsEllipsis" classname="ArgusUnity.Tests.EditMode.BridgePresentationParsingTests" runstate="Runnable" seed="1001120361" result="Passed" start-time="2026-05-06 05:29:38Z" end-time="2026-05-06 05:29:38Z" duration="0.001670" asserts="0">
                <properties />
              </test-case>
              <test-case id="1108" name="EmotionParsingExtractsIntensity" fullname="ArgusUnity.Tests.EditMode.BridgePresentationParsingTests.EmotionParsingExtractsIntensity" methodname="EmotionParsingExtractsIntensity" classname="ArgusUnity.Tests.EditMode.BridgePresentationParsingTests" runstate="Runnable" seed="788213265" result="Passed" start-time="2026-05-06 05:29:38Z" end-time="2026-05-06 05:29:38Z" duration="0.001539" asserts="0">
                <properties />
              </test-case>
              <test-case id="1110" name="GroupUpdateParsingReadsMembers" fullname="ArgusUnity.Tests.EditMode.BridgePresentationParsingTests.GroupUpdateParsingReadsMembers" methodname="GroupUpdateParsingReadsMembers" classname="ArgusUnity.Tests.EditMode.BridgePresentationParsingTests" runstate="Runnable" seed="808370970" result="Passed" start-time="2026-05-06 05:29:38Z" end-time="2026-05-06 05:29:38Z" duration="0.000879" asserts="0">
                <properties />
              </test-case>
            </test-suite>
            <test-suite type="TestFixture" id="1112" name="SceneOrchestratorTests" fullname="ArgusUnity.Tests.EditMode.SceneOrchestratorTests" classname="ArgusUnity.Tests.EditMode.SceneOrchestratorTests" runstate="Runnable" testcasecount="4" result="Passed" start-time="2026-05-06 05:29:38Z" end-time="2026-05-06 05:29:38Z" duration="0.005404" total="4" passed="4" failed="0" inconclusive="0" skipped="0" asserts="0">
              <properties />
              <test-case id="1116" name="HandlerExceptionReturnsStructuredError" fullname="ArgusUnity.Tests.EditMode.SceneOrchestratorTests.HandlerExceptionReturnsStructuredError" methodname="HandlerExceptionReturnsStructuredError" classname="ArgusUnity.Tests.EditMode.SceneOrchestratorTests" runstate="Runnable" seed="332429997" result="Passed" start-time="2026-05-06 05:29:38Z" end-time="2026-05-06 05:29:38Z" duration="0.001699" asserts="0">
                <properties />
              </test-case>
              <test-case id="1114" name="KnownButUnroutedTypeReturnsWarning" fullname="ArgusUnity.Tests.EditMode.SceneOrchestratorTests.KnownButUnroutedTypeReturnsWarning" methodname="KnownButUnroutedTypeReturnsWarning" classname="ArgusUnity.Tests.EditMode.SceneOrchestratorTests" runstate="Runnable" seed="1086358351" result="Passed" start-time="2026-05-06 05:29:38Z" end-time="2026-05-06 05:29:38Z" duration="0.000410" asserts="0">
                <properties />
              </test-case>
              <test-case id="1113" name="RoutesRequiredBridgeMessageTypes" fullname="ArgusUnity.Tests.EditMode.SceneOrchestratorTests.RoutesRequiredBridgeMessageTypes" methodname="RoutesRequiredBridgeMessageTypes" classname="ArgusUnity.Tests.EditMode.SceneOrchestratorTests" runstate="Runnable" seed="1367723303" result="Passed" start-time="2026-05-06 05:29:38Z" end-time="2026-05-06 05:29:38Z" duration="0.001156" asserts="0">
                <properties />
              </test-case>
              <test-case id="1115" name="UnknownTypeReturnsErrorWithoutThrowing" fullname="ArgusUnity.Tests.EditMode.SceneOrchestratorTests.UnknownTypeReturnsErrorWithoutThrowing" methodname="UnknownTypeReturnsErrorWithoutThrowing" classname="ArgusUnity.Tests.EditMode.SceneOrchestratorTests" runstate="Runnable" seed="1242678117" result="Passed" start-time="2026-05-06 05:29:38Z" end-time="2026-05-06 05:29:38Z" duration="0.000452" asserts="0">
                <properties />
              </test-case>
            </test-suite>
          </test-suite>
        </test-suite>
      </test-suite>
    </test-suite>
    <test-suite type="Assembly" id="1126" name="ArgusUnity.Tests.PlayMode.dll" fullname="/Users/guribbong/code/Argus/unity/EmbodiedDebate/Library/ScriptAssemblies/ArgusUnity.Tests.PlayMode.dll" runstate="Runnable" testcasecount="4" result="Passed" start-time="2026-05-06 05:29:38Z" end-time="2026-05-06 05:29:38Z" duration="0.047153" total="4" passed="4" failed="0" inconclusive="0" skipped="0" asserts="0">
      <properties>
        <property name="_PID" value="43186" />
        <property name="_APPDOMAIN" value="Unity Child Domain" />
        <property name="platform" value="EditMode" />
      </properties>
      <test-suite type="TestSuite" id="1127" name="ArgusUnity" fullname="ArgusUnity" runstate="Runnable" testcasecount="4" result="Passed" start-time="2026-05-06 05:29:38Z" end-time="2026-05-06 05:29:38Z" duration="0.035638" total="4" passed="4" failed="0" inconclusive="0" skipped="0" asserts="0">
        <properties />
        <test-suite type="TestSuite" id="1128" name="Tests" fullname="ArgusUnity.Tests" runstate="Runnable" testcasecount="4" result="Passed" start-time="2026-05-06 05:29:38Z" end-time="2026-05-06 05:29:38Z" duration="0.035062" total="4" passed="4" failed="0" inconclusive="0" skipped="0" asserts="0">
          <properties />
          <test-suite type="TestSuite" id="1129" name="PlayMode" fullname="ArgusUnity.Tests.PlayMode" runstate="Runnable" testcasecount="4" result="Passed" start-time="2026-05-06 05:29:38Z" end-time="2026-05-06 05:29:38Z" duration="0.030574" total="4" passed="4" failed="0" inconclusive="0" skipped="0" asserts="0">
            <properties />
            <test-suite type="TestFixture" id="1121" name="RobotAvatarManagerPlayModeTests" fullname="ArgusUnity.Tests.PlayMode.RobotAvatarManagerPlayModeTests" classname="ArgusUnity.Tests.PlayMode.RobotAvatarManagerPlayModeTests" runstate="Runnable" testcasecount="4" result="Passed" start-time="2026-05-06 05:29:38Z" end-time="2026-05-06 05:29:38Z" duration="0.026390" total="4" passed="4" failed="0" inconclusive="0" skipped="0" asserts="0">
              <properties />
              <test-case id="1123" name="DuplicateSpawnUpdatesExistingAvatar" fullname="ArgusUnity.Tests.PlayMode.RobotAvatarManagerPlayModeTests.DuplicateSpawnUpdatesExistingAvatar" methodname="DuplicateSpawnUpdatesExistingAvatar" classname="ArgusUnity.Tests.PlayMode.RobotAvatarManagerPlayModeTests" runstate="Runnable" seed="861668655" result="Passed" start-time="2026-05-06 05:29:38Z" end-time="2026-05-06 05:29:38Z" duration="0.013571" asserts="0">
                <properties />
              </test-case>
              <test-case id="1122" name="FirstSpawnCreatesOneAvatar" fullname="ArgusUnity.Tests.PlayMode.RobotAvatarManagerPlayModeTests.FirstSpawnCreatesOneAvatar" methodname="FirstSpawnCreatesOneAvatar" classname="ArgusUnity.Tests.PlayMode.RobotAvatarManagerPlayModeTests" runstate="Runnable" seed="1914693952" result="Passed" start-time="2026-05-06 05:29:38Z" end-time="2026-05-06 05:29:38Z" duration="0.002871" asserts="0">
                <properties />
              </test-case>
              <test-case id="1125" name="GroupPresentationIsApplied" fullname="ArgusUnity.Tests.PlayMode.RobotAvatarManagerPlayModeTests.GroupPresentationIsApplied" methodname="GroupPresentationIsApplied" classname="ArgusUnity.Tests.PlayMode.RobotAvatarManagerPlayModeTests" runstate="Runnable" seed="2002635079" result="Passed" start-time="2026-05-06 05:29:38Z" end-time="2026-05-06 05:29:38Z" duration="0.002358" asserts="0">
                <properties />
              </test-case>
              <test-case id="1124" name="MissingPrefabUsesFallbackAndRecordsWarning" fullname="ArgusUnity.Tests.PlayMode.RobotAvatarManagerPlayModeTests.MissingPrefabUsesFallbackAndRecordsWarning" methodname="MissingPrefabUsesFallbackAndRecordsWarning" classname="ArgusUnity.Tests.PlayMode.RobotAvatarManagerPlayModeTests" runstate="Runnable" seed="798130" result="Passed" start-time="2026-05-06 05:29:38Z" end-time="2026-05-06 05:29:38Z" duration="0.000821" asserts="0">
                <properties />
              </test-case>
            </test-suite>
          </test-suite>
        </test-suite>
      </test-suite>
    </test-suite>
    <test-suite type="Assembly" id="1150" name="glTFast.Editor.Tests.dll" fullname="/Users/guribbong/code/Argus/unity/EmbodiedDebate/Library/ScriptAssemblies/glTFast.Editor.Tests.dll" runstate="Runnable" testcasecount="15" result="Passed" start-time="2026-05-06 05:29:38Z" end-time="2026-05-06 05:29:38Z" duration="0.221027" total="15" passed="15" failed="0" inconclusive="0" skipped="0" asserts="0">
      <properties>
        <property name="_PID" value="43186" />
        <property name="_APPDOMAIN" value="Unity Child Domain" />
        <property name="platform" value="EditMode" />
      </properties>
      <test-suite type="TestSuite" id="1151" name="GLTFast" fullname="GLTFast" runstate="Runnable" testcasecount="15" result="Passed" start-time="2026-05-06 05:29:38Z" end-time="2026-05-06 05:29:38Z" duration="0.208029" total="15" passed="15" failed="0" inconclusive="0" skipped="0" asserts="0">
        <properties />
        <test-suite type="TestSuite" id="1152" name="Tests" fullname="GLTFast.Tests" runstate="Runnable" testcasecount="15" result="Passed" start-time="2026-05-06 05:29:38Z" end-time="2026-05-06 05:29:38Z" duration="0.205471" total="15" passed="15" failed="0" inconclusive="0" skipped="0" asserts="0">
          <properties />
          <test-suite type="TestFixture" id="1130" name="JsonParsingTests" fullname="GLTFast.Tests.JsonParsingTests" classname="GLTFast.Tests.JsonParsingTests" runstate="Runnable" testcasecount="6" result="Passed" start-time="2026-05-06 05:29:38Z" end-time="2026-05-06 05:29:38Z" duration="0.029810" total="6" passed="6" failed="0" inconclusive="0" skipped="0" asserts="0">
            <properties />
            <test-case id="1131" name="MaterialExtensions" fullname="GLTFast.Tests.JsonParsingTests.MaterialExtensions" methodname="MaterialExtensions" classname="GLTFast.Tests.JsonParsingTests" runstate="Runnable" seed="683755109" result="Passed" start-time="2026-05-06 05:29:38Z" end-time="2026-05-06 05:29:38Z" duration="0.016216" asserts="0">
              <properties />
            </test-case>
            <test-case id="1133" name="MeshTargetNames" fullname="GLTFast.Tests.JsonParsingTests.MeshTargetNames" methodname="MeshTargetNames" classname="GLTFast.Tests.JsonParsingTests" runstate="Runnable" seed="296595186" result="Passed" start-time="2026-05-06 05:29:38Z" end-time="2026-05-06 05:29:38Z" duration="0.000857" asserts="0">
              <properties />
            </test-case>
            <test-case id="1134" name="MinMagFilter" fullname="GLTFast.Tests.JsonParsingTests.MinMagFilter" methodname="MinMagFilter" classname="GLTFast.Tests.JsonParsingTests" runstate="Runnable" seed="1776151209" result="Passed" start-time="2026-05-06 05:29:38Z" end-time="2026-05-06 05:29:38Z" duration="0.002403" asserts="0">
              <properties />
            </test-case>
            <test-case id="1136" name="ParseGarbage" fullname="GLTFast.Tests.JsonParsingTests.ParseGarbage" methodname="ParseGarbage" classname="GLTFast.Tests.JsonParsingTests" runstate="Runnable" seed="299079228" result="Passed" start-time="2026-05-06 05:29:38Z" end-time="2026-05-06 05:29:38Z" duration="0.000220" asserts="0">
              <properties />
            </test-case>
            <test-case id="1132" name="SparseAccessors" fullname="GLTFast.Tests.JsonParsingTests.SparseAccessors" methodname="SparseAccessors" classname="GLTFast.Tests.JsonParsingTests" runstate="Runnable" seed="1930642952" result="Passed" start-time="2026-05-06 05:29:38Z" end-time="2026-05-06 05:29:38Z" duration="0.003297" asserts="0">
              <properties />
              <output><![CDATA[Invalid Sparse Accessors will break glTFast
]]></output>
            </test-case>
            <test-case id="1135" name="UnknownNodeExtension" fullname="GLTFast.Tests.JsonParsingTests.UnknownNodeExtension" methodname="UnknownNodeExtension" classname="GLTFast.Tests.JsonParsingTests" runstate="Runnable" seed="524680707" result="Passed" start-time="2026-05-06 05:29:38Z" end-time="2026-05-06 05:29:38Z" duration="0.001309" asserts="0">
              <properties />
            </test-case>
          </test-suite>
          <test-suite type="TestFixture" id="1137" name="LoggerTest" fullname="GLTFast.Tests.LoggerTest" classname="GLTFast.Tests.LoggerTest" runstate="Runnable" testcasecount="2" result="Passed" start-time="2026-05-06 05:29:38Z" end-time="2026-05-06 05:29:38Z" duration="0.012294" total="2" passed="2" failed="0" inconclusive="0" skipped="0" asserts="0">
            <properties />
            <test-case id="1138" name="CollectingLoggerTest" fullname="GLTFast.Tests.LoggerTest.CollectingLoggerTest" methodname="CollectingLoggerTest" classname="GLTFast.Tests.LoggerTest" runstate="Runnable" seed="957957759" result="Passed" start-time="2026-05-06 05:29:38Z" end-time="2026-05-06 05:29:38Z" duration="0.007212" asserts="0">
              <properties />
            </test-case>
            <test-case id="1139" name="ConsoleLoggerTest" fullname="GLTFast.Tests.LoggerTest.ConsoleLoggerTest" methodname="ConsoleLoggerTest" classname="GLTFast.Tests.LoggerTest" runstate="Runnable" seed="801662765" result="Passed" start-time="2026-05-06 05:29:38Z" end-time="2026-05-06 05:29:38Z" duration="0.003568" asserts="0">
              <properties />
              <output><![CDATA[Download URL https://something.com/nowherfound.glb failed: 404
]]></output>
            </test-case>
          </test-suite>
          <test-suite type="TestFixture" id="1140" name="MatrixExtensionTest" fullname="GLTFast.Tests.MatrixExtensionTest" classname="GLTFast.Tests.MatrixExtensionTest" runstate="Runnable" testcasecount="1" result="Passed" start-time="2026-05-06 05:29:38Z" end-time="2026-05-06 05:29:38Z" duration="0.014520" total="1" passed="1" failed="0" inconclusive="0" skipped="0" asserts="0">
            <properties />
            <test-case id="1141" name="MatrixDecomposeTest" fullname="GLTFast.Tests.MatrixExtensionTest.MatrixDecomposeTest" methodname="MatrixDecomposeTest" classname="GLTFast.Tests.MatrixExtensionTest" runstate="Runnable" seed="387522223" result="Passed" start-time="2026-05-06 05:29:38Z" end-time="2026-05-06 05:29:38Z" duration="0.013214" asserts="0">
              <properties />
            </test-case>
          </test-suite>
          <test-suite type="TestFixture" id="1142" name="MeshPrimitiveTest" fullname="GLTFast.Tests.MeshPrimitiveTest" classname="GLTFast.Tests.MeshPrimitiveTest" runstate="Runnable" testcasecount="1" result="Passed" start-time="2026-05-06 05:29:38Z" end-time="2026-05-06 05:29:38Z" duration="0.003820" total="1" passed="1" failed="0" inconclusive="0" skipped="0" asserts="0">
            <properties />
            <test-case id="1143" name="MeshPrimitiveEqualTest" fullname="GLTFast.Tests.MeshPrimitiveTest.MeshPrimitiveEqualTest" methodname="MeshPrimitiveEqualTest" classname="GLTFast.Tests.MeshPrimitiveTest" runstate="Runnable" seed="1538329345" result="Passed" start-time="2026-05-06 05:29:38Z" end-time="2026-05-06 05:29:38Z" duration="0.001805" asserts="0">
              <properties />
            </test-case>
          </test-suite>
          <test-suite type="TestFixture" id="1144" name="UriHelperTest" fullname="GLTFast.Tests.UriHelperTest" classname="GLTFast.Tests.UriHelperTest" runstate="Runnable" testcasecount="5" result="Passed" start-time="2026-05-06 05:29:38Z" end-time="2026-05-06 05:29:38Z" duration="0.140024" total="5" passed="5" failed="0" inconclusive="0" skipped="0" asserts="0">
            <properties />
            <test-case id="1145" name="GetBaseUriTest" fullname="GLTFast.Tests.UriHelperTest.GetBaseUriTest" methodname="GetBaseUriTest" classname="GLTFast.Tests.UriHelperTest" runstate="Runnable" seed="640934774" result="Passed" start-time="2026-05-06 05:29:38Z" end-time="2026-05-06 05:29:38Z" duration="0.013586" asserts="0">
              <properties />
            </test-case>
            <test-case id="1149" name="GetImageFormatFromUriTest" fullname="GLTFast.Tests.UriHelperTest.GetImageFormatFromUriTest" methodname="GetImageFormatFromUriTest" classname="GLTFast.Tests.UriHelperTest" runstate="Runnable" seed="1872584404" result="Passed" start-time="2026-05-06 05:29:38Z" end-time="2026-05-06 05:29:38Z" duration="0.001475" asserts="0">
              <properties />
            </test-case>
            <test-case id="1146" name="GetUriStringTest" fullname="GLTFast.Tests.UriHelperTest.GetUriStringTest" methodname="GetUriStringTest" classname="GLTFast.Tests.UriHelperTest" runstate="Runnable" seed="760671098" result="Passed" start-time="2026-05-06 05:29:38Z" end-time="2026-05-06 05:29:38Z" duration="0.002800" asserts="0">
              <properties />
            </test-case>
            <test-case id="1148" name="IsGltfBinaryTest" fullname="GLTFast.Tests.UriHelperTest.IsGltfBinaryTest" methodname="IsGltfBinaryTest" classname="GLTFast.Tests.UriHelperTest" runstate="Runnable" seed="483247318" result="Passed" start-time="2026-05-06 05:29:38Z" end-time="2026-05-06 05:29:38Z" duration="0.117429" asserts="0">
              <properties />
            </test-case>
            <test-case id="1147" name="RemoveDotSegments" fullname="GLTFast.Tests.UriHelperTest.RemoveDotSegments" methodname="RemoveDotSegments" classname="GLTFast.Tests.UriHelperTest" runstate="Runnable" seed="2114554342" result="Passed" start-time="2026-05-06 05:29:38Z" end-time="2026-05-06 05:29:38Z" duration="0.001000" asserts="0">
              <properties />
            </test-case>
          </test-suite>
        </test-suite>
      </test-suite>
    </test-suite>
  </test-suite>
</test-run>