<?xml version="1.0" encoding="utf-8"?>
<test-run id="2" testcasecount="53" result="Passed" total="53" passed="53" failed="0" inconclusive="0" skipped="0" asserts="0" engine-version="3.5.0.0" clr-version="4.0.30319.42000" start-time="2026-05-06 06:33:03Z" end-time="2026-05-06 06:33:04Z" duration="0.5310472">
  <test-suite type="TestSuite" id="1079" name="EmbodiedDebate" fullname="EmbodiedDebate" runstate="Runnable" testcasecount="53" result="Passed" start-time="2026-05-06 06:33:03Z" end-time="2026-05-06 06:33:04Z" duration="0.531047" total="53" passed="53" failed="0" inconclusive="0" skipped="0" asserts="0">
    <properties />
    <test-suite type="Assembly" id="1121" name="ArgusUnity.Tests.EditMode.dll" fullname="/Users/guribbong/code/Argus/unity/EmbodiedDebate/Library/ScriptAssemblies/ArgusUnity.Tests.EditMode.dll" runstate="Runnable" testcasecount="34" result="Passed" start-time="2026-05-06 06:33:03Z" end-time="2026-05-06 06:33:04Z" duration="0.392488" total="34" passed="34" failed="0" inconclusive="0" skipped="0" asserts="0">
      <properties>
        <property name="_PID" value="7864" />
        <property name="_APPDOMAIN" value="Unity Child Domain" />
        <property name="platform" value="EditMode" />
      </properties>
      <test-suite type="TestSuite" id="1122" name="ArgusUnity" fullname="ArgusUnity" runstate="Runnable" testcasecount="34" result="Passed" start-time="2026-05-06 06:33:03Z" end-time="2026-05-06 06:33:04Z" duration="0.392074" total="34" passed="34" failed="0" inconclusive="0" skipped="0" asserts="0">
        <properties />
        <test-suite type="TestSuite" id="1123" name="Tests" fullname="ArgusUnity.Tests" runstate="Runnable" testcasecount="34" result="Passed" start-time="2026-05-06 06:33:03Z" end-time="2026-05-06 06:33:04Z" duration="0.388620" total="34" passed="34" failed="0" inconclusive="0" skipped="0" asserts="0">
          <properties />
          <test-suite type="TestSuite" id="1124" name="EditMode" fullname="ArgusUnity.Tests.EditMode" runstate="Runnable" testcasecount="34" result="Passed" start-time="2026-05-06 06:33:03Z" end-time="2026-05-06 06:33:04Z" duration="0.384906" total="34" passed="34" failed="0" inconclusive="0" skipped="0" asserts="0">
            <properties />
            <test-suite type="TestFixture" id="1080" name="AgentInspectorFormatterTests" fullname="ArgusUnity.Tests.EditMode.AgentInspectorFormatterTests" classname="ArgusUnity.Tests.EditMode.AgentInspectorFormatterTests" runstate="Runnable" testcasecount="1" result="Passed" start-time="2026-05-06 06:33:03Z" end-time="2026-05-06 06:33:03Z" duration="0.036006" total="1" passed="1" failed="0" inconclusive="0" skipped="0" asserts="0">
              <properties />
              <test-case id="1081" name="DropsSensitiveNestedKeysBeyondAllowlist" fullname="ArgusUnity.Tests.EditMode.AgentInspectorFormatterTests.DropsSensitiveNestedKeysBeyondAllowlist" methodname="DropsSensitiveNestedKeysBeyondAllowlist" classname="ArgusUnity.Tests.EditMode.AgentInspectorFormatterTests" runstate="Runnable" seed="776334305" result="Passed" start-time="2026-05-06 06:33:03Z" end-time="2026-05-06 06:33:03Z" duration="0.025949" asserts="0">
                <properties />
              </test-case>
            </test-suite>
            <test-suite type="TestFixture" id="1082" name="AgentLocomotionDriverTests" fullname="ArgusUnity.Tests.EditMode.AgentLocomotionDriverTests" classname="ArgusUnity.Tests.EditMode.AgentLocomotionDriverTests" runstate="Runnable" testcasecount="8" result="Passed" start-time="2026-05-06 06:33:03Z" end-time="2026-05-06 06:33:03Z" duration="0.030803" total="8" passed="8" failed="0" inconclusive="0" skipped="0" asserts="0">
              <properties />
              <test-case id="1090" name="AgentChildColliderIsIgnoredAsObstacle" fullname="ArgusUnity.Tests.EditMode.AgentLocomotionDriverTests.AgentChildColliderIsIgnoredAsObstacle" methodname="AgentChildColliderIsIgnoredAsObstacle" classname="ArgusUnity.Tests.EditMode.AgentLocomotionDriverTests" runstate="Runnable" seed="49117364" result="Passed" start-time="2026-05-06 06:33:03Z" end-time="2026-05-06 06:33:03Z" duration="0.004556" asserts="0">
                <properties />
              </test-case>
              <test-case id="1088" name="BoundaryTurnaroundDirectionMovesInwardAndKeepsATangent" fullname="ArgusUnity.Tests.EditMode.AgentLocomotionDriverTests.BoundaryTurnaroundDirectionMovesInwardAndKeepsATangent" methodname="BoundaryTurnaroundDirectionMovesInwardAndKeepsATangent" classname="ArgusUnity.Tests.EditMode.AgentLocomotionDriverTests" runstate="Runnable" seed="1689085649" result="Passed" start-time="2026-05-06 06:33:03Z" end-time="2026-05-06 06:33:03Z" duration="0.008779" asserts="0">
                <properties />
              </test-case>
              <test-case id="1086" name="ClampPlanarKeepsPositionInsideWalkableRoom" fullname="ArgusUnity.Tests.EditMode.AgentLocomotionDriverTests.ClampPlanarKeepsPositionInsideWalkableRoom" methodname="ClampPlanarKeepsPositionInsideWalkableRoom" classname="ArgusUnity.Tests.EditMode.AgentLocomotionDriverTests" runstate="Runnable" seed="2104581332" result="Passed" start-time="2026-05-06 06:33:03Z" end-time="2026-05-06 06:33:03Z" duration="0.000351" asserts="0">
                <properties />
              </test-case>
              <test-case id="1087" name="ClampPlanarWithInsetMovesPositionAwayFromBoundary" fullname="ArgusUnity.Tests.EditMode.AgentLocomotionDriverTests.ClampPlanarWithInsetMovesPositionAwayFromBoundary" methodname="ClampPlanarWithInsetMovesPositionAwayFromBoundary" classname="ArgusUnity.Tests.EditMode.AgentLocomotionDriverTests" runstate="Runnable" seed="584212148" result="Passed" start-time="2026-05-06 06:33:03Z" end-time="2026-05-06 06:33:03Z" duration="0.001878" asserts="0">
                <properties />
              </test-case>
              <test-case id="1089" name="DynamicFurnitureColliderIsAvoidedAsObstacle" fullname="ArgusUnity.Tests.EditMode.AgentLocomotionDriverTests.DynamicFurnitureColliderIsAvoidedAsObstacle" methodname="DynamicFurnitureColliderIsAvoidedAsObstacle" classname="ArgusUnity.Tests.EditMode.AgentLocomotionDriverTests" runstate="Runnable" seed="803500662" result="Passed" start-time="2026-05-06 06:33:03Z" end-time="2026-05-06 06:33:03Z" duration="0.003324" asserts="0">
                <properties />
              </test-case>
              <test-case id="1083" name="PlanarSpeedIgnoresVerticalDelta" fullname="ArgusUnity.Tests.EditMode.AgentLocomotionDriverTests.PlanarSpeedIgnoresVerticalDelta" methodname="PlanarSpeedIgnoresVerticalDelta" classname="ArgusUnity.Tests.EditMode.AgentLocomotionDriverTests" runstate="Runnable" seed="1050903330" result="Passed" start-time="2026-05-06 06:33:03Z" end-time="2026-05-06 06:33:03Z" duration="0.000233" asserts="0">
                <properties />
              </test-case>
              <test-case id="1084" name="ResolveMovingUsesStartStopHysteresis" fullname="ArgusUnity.Tests.EditMode.AgentLocomotionDriverTests.ResolveMovingUsesStartStopHysteresis" methodname="ResolveMovingUsesStartStopHysteresis" classname="ArgusUnity.Tests.EditMode.AgentLocomotionDriverTests" runstate="Runnable" seed="420432571" result="Passed" start-time="2026-05-06 06:33:03Z" end-time="2026-05-06 06:33:03Z" duration="0.000218" asserts="0">
                <properties />
              </test-case>
              <test-case id="1085" name="YawFromPlanarDirectionUsesUnityForwardAxis" fullname="ArgusUnity.Tests.EditMode.AgentLocomotionDriverTests.YawFromPlanarDirectionUsesUnityForwardAxis" methodname="YawFromPlanarDirectionUsesUnityForwardAxis" classname="ArgusUnity.Tests.EditMode.AgentLocomotionDriverTests" runstate="Runnable" seed="532515121" result="Passed" start-time="2026-05-06 06:33:03Z" end-time="2026-05-06 06:33:03Z" duration="0.000886" asserts="0">
                <properties />
              </test-case>
            </test-suite>
            <test-suite type="TestFixture" id="1091" name="AnimationStateMapperTests" fullname="ArgusUnity.Tests.EditMode.AnimationStateMapperTests" classname="ArgusUnity.Tests.EditMode.AnimationStateMapperTests" runstate="Runnable" testcasecount="12" result="Passed" start-time="2026-05-06 06:33:03Z" end-time="2026-05-06 06:33:03Z" duration="0.008649" total="12" passed="12" failed="0" inconclusive="0" skipped="0" asserts="0">
              <properties />
              <test-case id="1104" name="EmptyActionFallsBackToIdleWarning" fullname="ArgusUnity.Tests.EditMode.AnimationStateMapperTests.EmptyActionFallsBackToIdleWarning" methodname="EmptyActionFallsBackToIdleWarning" classname="ArgusUnity.Tests.EditMode.AnimationStateMapperTests" runstate="Runnable" seed="288353960" result="Passed" start-time="2026-05-06 06:33:03Z" end-time="2026-05-06 06:33:03Z" duration="0.001150" asserts="0">
                <properties />
              </test-case>
              <test-suite type="ParameterizedMethod" id="1102" name="KnownActionsMapToConfiguredClips" fullname="ArgusUnity.Tests.EditMode.AnimationStateMapperTests.KnownActionsMapToConfiguredClips" classname="ArgusUnity.Tests.EditMode.AnimationStateMapperTests" runstate="Runnable" testcasecount="10" result="Passed" start-time="2026-05-06 06:33:03Z" end-time="2026-05-06 06:33:03Z" duration="0.005772" total="10" passed="10" failed="0" inconclusive="0" skipped="0" asserts="0">
                <properties />
                <test-case id="1092" name="KnownActionsMapToConfiguredClips(&quot;idle&quot;,&quot;IdleClip&quot;)" fullname="ArgusUnity.Tests.EditMode.AnimationStateMapperTests.KnownActionsMapToConfiguredClips(&quot;idle&quot;,&quot;IdleClip&quot;)" methodname="KnownActionsMapToConfiguredClips" classname="ArgusUnity.Tests.EditMode.AnimationStateMapperTests" runstate="Runnable" seed="381897441" result="Passed" start-time="2026-05-06 06:33:03Z" end-time="2026-05-06 06:33:03Z" duration="0.000601" asserts="0">
                  <properties />
                </test-case>
                <test-case id="1093" name="KnownActionsMapToConfiguredClips(&quot;walk&quot;,&quot;WalkClip&quot;)" fullname="ArgusUnity.Tests.EditMode.AnimationStateMapperTests.KnownActionsMapToConfiguredClips(&quot;walk&quot;,&quot;WalkClip&quot;)" methodname="KnownActionsMapToConfiguredClips" classname="ArgusUnity.Tests.EditMode.AnimationStateMapperTests" runstate="Runnable" seed="1158497536" result="Passed" start-time="2026-05-06 06:33:03Z" end-time="2026-05-06 06:33:03Z" duration="0.000140" asserts="0">
                  <properties />
                </test-case>
                <test-case id="1094" name="KnownActionsMapToConfiguredClips(&quot;run&quot;,&quot;RunClip&quot;)" fullname="ArgusUnity.Tests.EditMode.AnimationStateMapperTests.KnownActionsMapToConfiguredClips(&quot;run&quot;,&quot;RunClip&quot;)" methodname="KnownActionsMapToConfiguredClips" classname="ArgusUnity.Tests.EditMode.AnimationStateMapperTests" runstate="Runnable" seed="362910751" result="Passed" start-time="2026-05-06 06:33:03Z" end-time="2026-05-06 06:33:03Z" duration="0.000078" asserts="0">
                  <properties />
                </test-case>
                <test-case id="1095" name="KnownActionsMapToConfiguredClips(&quot;speak&quot;,&quot;SpeakClip&quot;)" fullname="ArgusUnity.Tests.EditMode.AnimationStateMapperTests.KnownActionsMapToConfiguredClips(&quot;speak&quot;,&quot;SpeakClip&quot;)" methodname="KnownActionsMapToConfiguredClips" classname="ArgusUnity.Tests.EditMode.AnimationStateMapperTests" runstate="Runnable" seed="1499388746" result="Passed" start-time="2026-05-06 06:33:03Z" end-time="2026-05-06 06:33:03Z" duration="0.000089" asserts="0">
                  <properties />
                </test-case>
                <test-case id="1096" name="KnownActionsMapToConfiguredClips(&quot;argue&quot;,&quot;ArgueClip&quot;)" fullname="ArgusUnity.Tests.EditMode.AnimationStateMapperTests.KnownActionsMapToConfiguredClips(&quot;argue&quot;,&quot;ArgueClip&quot;)" methodname="KnownActionsMapToConfiguredClips" classname="ArgusUnity.Tests.EditMode.AnimationStateMapperTests" runstate="Runnable" seed="431397282" result="Passed" start-time="2026-05-06 06:33:03Z" end-time="2026-05-06 06:33:03Z" duration="0.000075" asserts="0">
                  <properties />
                </test-case>
                <test-case id="1097" name="KnownActionsMapToConfiguredClips(&quot;push&quot;,&quot;PushClip&quot;)" fullname="ArgusUnity.Tests.EditMode.AnimationStateMapperTests.KnownActionsMapToConfiguredClips(&quot;push&quot;,&quot;PushClip&quot;)" methodname="KnownActionsMapToConfiguredClips" classname="ArgusUnity.Tests.EditMode.AnimationStateMapperTests" runstate="Runnable" seed="717339711" result="Passed" start-time="2026-05-06 06:33:03Z" end-time="2026-05-06 06:33:03Z" duration="0.000068" asserts="0">
                  <properties />
                </test-case>
                <test-case id="1098" name="KnownActionsMapToConfiguredClips(&quot;block&quot;,&quot;BlockClip&quot;)" fullname="ArgusUnity.Tests.EditMode.AnimationStateMapperTests.KnownActionsMapToConfiguredClips(&quot;block&quot;,&quot;BlockClip&quot;)" methodname="KnownActionsMapToConfiguredClips" classname="ArgusUnity.Tests.EditMode.AnimationStateMapperTests" runstate="Runnable" seed="468144182" result="Passed" start-time="2026-05-06 06:33:03Z" end-time="2026-05-06 06:33:03Z" duration="0.000069" asserts="0">
                  <properties />
                </test-case>
                <test-case id="1099" name="KnownActionsMapToConfiguredClips(&quot;stumble&quot;,&quot;StumbleClip&quot;)" fullname="ArgusUnity.Tests.EditMode.AnimationStateMapperTests.KnownActionsMapToConfiguredClips(&quot;stumble&quot;,&quot;StumbleClip&quot;)" methodname="KnownActionsMapToConfiguredClips" classname="ArgusUnity.Tests.EditMode.AnimationStateMapperTests" runstate="Runnable" seed="1266353258" result="Passed" start-time="2026-05-06 06:33:03Z" end-time="2026-05-06 06:33:03Z" duration="0.000066" asserts="0">
                  <properties />
                </test-case>
                <test-case id="1100" name="KnownActionsMapToConfiguredClips(&quot;fall&quot;,&quot;FallClip&quot;)" fullname="ArgusUnity.Tests.EditMode.AnimationStateMapperTests.KnownActionsMapToConfiguredClips(&quot;fall&quot;,&quot;FallClip&quot;)" methodname="KnownActionsMapToConfiguredClips" classname="ArgusUnity.Tests.EditMode.AnimationStateMapperTests" runstate="Runnable" seed="395748313" result="Passed" start-time="2026-05-06 06:33:03Z" end-time="2026-05-06 06:33:03Z" duration="0.000074" asserts="0">
                  <properties />
                </test-case>
                <test-case id="1101" name="KnownActionsMapToConfiguredClips(&quot;recover&quot;,&quot;RecoverClip&quot;)" fullname="ArgusUnity.Tests.EditMode.AnimationStateMapperTests.KnownActionsMapToConfiguredClips(&quot;recover&quot;,&quot;RecoverClip&quot;)" methodname="KnownActionsMapToConfiguredClips" classname="ArgusUnity.Tests.EditMode.AnimationStateMapperTests" runstate="Runnable" seed="1808144720" result="Passed" start-time="2026-05-06 06:33:03Z" end-time="2026-05-06 06:33:03Z" duration="0.000060" asserts="0">
                  <properties />
                </test-case>
              </test-suite>
              <test-case id="1103" name="UnknownActionFallsBackToIdleWarning" fullname="ArgusUnity.Tests.EditMode.AnimationStateMapperTests.UnknownActionFallsBackToIdleWarning" methodname="UnknownActionFallsBackToIdleWarning" classname="ArgusUnity.Tests.EditMode.AnimationStateMapperTests" runstate="Runnable" seed="235488351" result="Passed" start-time="2026-05-06 06:33:03Z" end-time="2026-05-06 06:33:03Z" duration="0.000131" asserts="0">
                <properties />
              </test-case>
            </test-suite>
            <test-suite type="TestFixture" id="1105" name="BridgeEnvelopeTests" fullname="ArgusUnity.Tests.EditMode.BridgeEnvelopeTests" classname="ArgusUnity.Tests.EditMode.BridgeEnvelopeTests" runstate="Runnable" testcasecount="4" result="Passed" start-time="2026-05-06 06:33:03Z" end-time="2026-05-06 06:33:04Z" duration="0.289050" total="4" passed="4" failed="0" inconclusive="0" skipped="0" asserts="0">
              <properties />
              <test-case id="1107" name="MalformedJsonReturnsStructuredError" fullname="ArgusUnity.Tests.EditMode.BridgeEnvelopeTests.MalformedJsonReturnsStructuredError" methodname="MalformedJsonReturnsStructuredError" classname="ArgusUnity.Tests.EditMode.BridgeEnvelopeTests" runstate="Runnable" seed="171576166" result="Passed" start-time="2026-05-06 06:33:03Z" end-time="2026-05-06 06:33:03Z" duration="0.192651" asserts="0">
                <properties />
              </test-case>
              <test-case id="1106" name="ParseValidEnvelopePreservesPayload" fullname="ArgusUnity.Tests.EditMode.BridgeEnvelopeTests.ParseValidEnvelopePreservesPayload" methodname="ParseValidEnvelopePreservesPayload" classname="ArgusUnity.Tests.EditMode.BridgeEnvelopeTests" runstate="Runnable" seed="2030202978" result="Passed" start-time="2026-05-06 06:33:03Z" end-time="2026-05-06 06:33:04Z" duration="0.058727" asserts="0">
                <properties />
              </test-case>
              <test-case id="1109" name="UnityAckUsesExpectedPayloadShape" fullname="ArgusUnity.Tests.EditMode.BridgeEnvelopeTests.UnityAckUsesExpectedPayloadShape" methodname="UnityAckUsesExpectedPayloadShape" classname="ArgusUnity.Tests.EditMode.BridgeEnvelopeTests" runstate="Runnable" seed="1009787463" result="Passed" start-time="2026-05-06 06:33:04Z" end-time="2026-05-06 06:33:04Z" duration="0.032117" asserts="0">
                <properties />
              </test-case>
              <test-case id="1108" name="UnknownMessageTypeIsPreservedForCallerHandling" fullname="ArgusUnity.Tests.EditMode.BridgeEnvelopeTests.UnknownMessageTypeIsPreservedForCallerHandling" methodname="UnknownMessageTypeIsPreservedForCallerHandling" classname="ArgusUnity.Tests.EditMode.BridgeEnvelopeTests" runstate="Runnable" seed="1912179122" result="Passed" start-time="2026-05-06 06:33:04Z" end-time="2026-05-06 06:33:04Z" duration="0.000969" asserts="0">
                <properties />
              </test-case>
            </test-suite>
            <test-suite type="TestFixture" id="1110" name="BridgePresentationParsingTests" fullname="ArgusUnity.Tests.EditMode.BridgePresentationParsingTests" classname="ArgusUnity.Tests.EditMode.BridgePresentationParsingTests" runstate="Runnable" testcasecount="5" result="Passed" start-time="2026-05-06 06:33:04Z" end-time="2026-05-06 06:33:04Z" duration="0.009801" total="5" passed="5" failed="0" inconclusive="0" skipped="0" asserts="0">
              <properties />
              <test-case id="1115" name="ConflictUpdateNormalizesStageCase" fullname="ArgusUnity.Tests.EditMode.BridgePresentationParsingTests.ConflictUpdateNormalizesStageCase" methodname="ConflictUpdateNormalizesStageCase" classname="ArgusUnity.Tests.EditMode.BridgePresentationParsingTests" runstate="Runnable" seed="2060817023" result="Passed" start-time="2026-05-06 06:33:04Z" end-time="2026-05-06 06:33:04Z" duration="0.002217" asserts="0">
                <properties />
              </test-case>
              <test-case id="1111" name="DialogueParsingExtractsSpeakerTextAndDuration" fullname="ArgusUnity.Tests.EditMode.BridgePresentationParsingTests.DialogueParsingExtractsSpeakerTextAndDuration" methodname="DialogueParsingExtractsSpeakerTextAndDuration" classname="ArgusUnity.Tests.EditMode.BridgePresentationParsingTests" runstate="Runnable" seed="1626815505" result="Passed" start-time="2026-05-06 06:33:04Z" end-time="2026-05-06 06:33:04Z" duration="0.001609" asserts="0">
                <properties />
              </test-case>
              <test-case id="1113" name="DialogueTruncationAppendsEllipsis" fullname="ArgusUnity.Tests.EditMode.BridgePresentationParsingTests.DialogueTruncationAppendsEllipsis" methodname="DialogueTruncationAppendsEllipsis" classname="ArgusUnity.Tests.EditMode.BridgePresentationParsingTests" runstate="Runnable" seed="1265604117" result="Passed" start-time="2026-05-06 06:33:04Z" end-time="2026-05-06 06:33:04Z" duration="0.000785" asserts="0">
                <properties />
              </test-case>
              <test-case id="1112" name="EmotionParsingExtractsIntensity" fullname="ArgusUnity.Tests.EditMode.BridgePresentationParsingTests.EmotionParsingExtractsIntensity" methodname="EmotionParsingExtractsIntensity" classname="ArgusUnity.Tests.EditMode.BridgePresentationParsingTests" runstate="Runnable" seed="741883508" result="Passed" start-time="2026-05-06 06:33:04Z" end-time="2026-05-06 06:33:04Z" duration="0.000549" asserts="0">
                <properties />
              </test-case>
              <test-case id="1114" name="GroupUpdateParsingReadsMembers" fullname="ArgusUnity.Tests.EditMode.BridgePresentationParsingTests.GroupUpdateParsingReadsMembers" methodname="GroupUpdateParsingReadsMembers" classname="ArgusUnity.Tests.EditMode.BridgePresentationParsingTests" runstate="Runnable" seed="1800612717" result="Passed" start-time="2026-05-06 06:33:04Z" end-time="2026-05-06 06:33:04Z" duration="0.000711" asserts="0">
                <properties />
              </test-case>
            </test-suite>
            <test-suite type="TestFixture" id="1116" name="SceneOrchestratorTests" fullname="ArgusUnity.Tests.EditMode.SceneOrchestratorTests" classname="ArgusUnity.Tests.EditMode.SceneOrchestratorTests" runstate="Runnable" testcasecount="4" result="Passed" start-time="2026-05-06 06:33:04Z" end-time="2026-05-06 06:33:04Z" duration="0.005179" total="4" passed="4" failed="0" inconclusive="0" skipped="0" asserts="0">
              <properties />
              <test-case id="1120" name="HandlerExceptionReturnsStructuredError" fullname="ArgusUnity.Tests.EditMode.SceneOrchestratorTests.HandlerExceptionReturnsStructuredError" methodname="HandlerExceptionReturnsStructuredError" classname="ArgusUnity.Tests.EditMode.SceneOrchestratorTests" runstate="Runnable" seed="1967019160" result="Passed" start-time="2026-05-06 06:33:04Z" end-time="2026-05-06 06:33:04Z" duration="0.002490" asserts="0">
                <properties />
              </test-case>
              <test-case id="1118" name="KnownButUnroutedTypeReturnsWarning" fullname="ArgusUnity.Tests.EditMode.SceneOrchestratorTests.KnownButUnroutedTypeReturnsWarning" methodname="KnownButUnroutedTypeReturnsWarning" classname="ArgusUnity.Tests.EditMode.SceneOrchestratorTests" runstate="Runnable" seed="1725230078" result="Passed" start-time="2026-05-06 06:33:04Z" end-time="2026-05-06 06:33:04Z" duration="0.000296" asserts="0">
                <properties />
              </test-case>
              <test-case id="1117" name="RoutesRequiredBridgeMessageTypes" fullname="ArgusUnity.Tests.EditMode.SceneOrchestratorTests.RoutesRequiredBridgeMessageTypes" methodname="RoutesRequiredBridgeMessageTypes" classname="ArgusUnity.Tests.EditMode.SceneOrchestratorTests" runstate="Runnable" seed="991486962" result="Passed" start-time="2026-05-06 06:33:04Z" end-time="2026-05-06 06:33:04Z" duration="0.000771" asserts="0">
                <properties />
              </test-case>
              <test-case id="1119" name="UnknownTypeReturnsErrorWithoutThrowing" fullname="ArgusUnity.Tests.EditMode.SceneOrchestratorTests.UnknownTypeReturnsErrorWithoutThrowing" methodname="UnknownTypeReturnsErrorWithoutThrowing" classname="ArgusUnity.Tests.EditMode.SceneOrchestratorTests" runstate="Runnable" seed="1671974337" result="Passed" start-time="2026-05-06 06:33:04Z" end-time="2026-05-06 06:33:04Z" duration="0.000215" asserts="0">
                <properties />
              </test-case>
            </test-suite>
          </test-suite>
        </test-suite>
      </test-suite>
    </test-suite>
    <test-suite type="Assembly" id="1130" name="ArgusUnity.Tests.PlayMode.dll" fullname="/Users/guribbong/code/Argus/unity/EmbodiedDebate/Library/ScriptAssemblies/ArgusUnity.Tests.PlayMode.dll" runstate="Runnable" testcasecount="4" result="Passed" start-time="2026-05-06 06:33:04Z" end-time="2026-05-06 06:33:04Z" duration="0.024007" total="4" passed="4" failed="0" inconclusive="0" skipped="0" asserts="0">
      <properties>
        <property name="_PID" value="7864" />
        <property name="_APPDOMAIN" value="Unity Child Domain" />
        <property name="platform" value="EditMode" />
      </properties>
      <test-suite type="TestSuite" id="1131" name="ArgusUnity" fullname="ArgusUnity" runstate="Runnable" testcasecount="4" result="Passed" start-time="2026-05-06 06:33:04Z" end-time="2026-05-06 06:33:04Z" duration="0.022932" total="4" passed="4" failed="0" inconclusive="0" skipped="0" asserts="0">
        <properties />
        <test-suite type="TestSuite" id="1132" name="Tests" fullname="ArgusUnity.Tests" runstate="Runnable" testcasecount="4" result="Passed" start-time="2026-05-06 06:33:04Z" end-time="2026-05-06 06:33:04Z" duration="0.019172" total="4" passed="4" failed="0" inconclusive="0" skipped="0" asserts="0">
          <properties />
          <test-suite type="TestSuite" id="1133" name="PlayMode" fullname="ArgusUnity.Tests.PlayMode" runstate="Runnable" testcasecount="4" result="Passed" start-time="2026-05-06 06:33:04Z" end-time="2026-05-06 06:33:04Z" duration="0.015354" total="4" passed="4" failed="0" inconclusive="0" skipped="0" asserts="0">
            <properties />
            <test-suite type="TestFixture" id="1125" name="RobotAvatarManagerPlayModeTests" fullname="ArgusUnity.Tests.PlayMode.RobotAvatarManagerPlayModeTests" classname="ArgusUnity.Tests.PlayMode.RobotAvatarManagerPlayModeTests" runstate="Runnable" testcasecount="4" result="Passed" start-time="2026-05-06 06:33:04Z" end-time="2026-05-06 06:33:04Z" duration="0.011195" total="4" passed="4" failed="0" inconclusive="0" skipped="0" asserts="0">
              <properties />
              <test-case id="1127" name="DuplicateSpawnUpdatesExistingAvatar" fullname="ArgusUnity.Tests.PlayMode.RobotAvatarManagerPlayModeTests.DuplicateSpawnUpdatesExistingAvatar" methodname="DuplicateSpawnUpdatesExistingAvatar" classname="ArgusUnity.Tests.PlayMode.RobotAvatarManagerPlayModeTests" runstate="Runnable" seed="1693375239" result="Passed" start-time="2026-05-06 06:33:04Z" end-time="2026-05-06 06:33:04Z" duration="0.004697" asserts="0">
                <properties />
              </test-case>
              <test-case id="1126" name="FirstSpawnCreatesOneAvatar" fullname="ArgusUnity.Tests.PlayMode.RobotAvatarManagerPlayModeTests.FirstSpawnCreatesOneAvatar" methodname="FirstSpawnCreatesOneAvatar" classname="ArgusUnity.Tests.PlayMode.RobotAvatarManagerPlayModeTests" runstate="Runnable" seed="1654780214" result="Passed" start-time="2026-05-06 06:33:04Z" end-time="2026-05-06 06:33:04Z" duration="0.000567" asserts="0">
                <properties />
              </test-case>
              <test-case id="1129" name="GroupPresentationIsApplied" fullname="ArgusUnity.Tests.PlayMode.RobotAvatarManagerPlayModeTests.GroupPresentationIsApplied" methodname="GroupPresentationIsApplied" classname="ArgusUnity.Tests.PlayMode.RobotAvatarManagerPlayModeTests" runstate="Runnable" seed="360269346" result="Passed" start-time="2026-05-06 06:33:04Z" end-time="2026-05-06 06:33:04Z" duration="0.000762" asserts="0">
                <properties />
              </test-case>
              <test-case id="1128" name="MissingPrefabUsesFallbackAndRecordsWarning" fullname="ArgusUnity.Tests.PlayMode.RobotAvatarManagerPlayModeTests.MissingPrefabUsesFallbackAndRecordsWarning" methodname="MissingPrefabUsesFallbackAndRecordsWarning" classname="ArgusUnity.Tests.PlayMode.RobotAvatarManagerPlayModeTests" runstate="Runnable" seed="1293519615" result="Passed" start-time="2026-05-06 06:33:04Z" end-time="2026-05-06 06:33:04Z" duration="0.000625" asserts="0">
                <properties />
              </test-case>
            </test-suite>
          </test-suite>
        </test-suite>
      </test-suite>
    </test-suite>
    <test-suite type="Assembly" id="1154" name="glTFast.Editor.Tests.dll" fullname="/Users/guribbong/code/Argus/unity/EmbodiedDebate/Library/ScriptAssemblies/glTFast.Editor.Tests.dll" runstate="Runnable" testcasecount="15" result="Passed" start-time="2026-05-06 06:33:04Z" end-time="2026-05-06 06:33:04Z" duration="0.102413" total="15" passed="15" failed="0" inconclusive="0" skipped="0" asserts="0">
      <properties>
        <property name="_PID" value="7864" />
        <property name="_APPDOMAIN" value="Unity Child Domain" />
        <property name="platform" value="EditMode" />
      </properties>
      <test-suite type="TestSuite" id="1155" name="GLTFast" fullname="GLTFast" runstate="Runnable" testcasecount="15" result="Passed" start-time="2026-05-06 06:33:04Z" end-time="2026-05-06 06:33:04Z" duration="0.101976" total="15" passed="15" failed="0" inconclusive="0" skipped="0" asserts="0">
        <properties />
        <test-suite type="TestSuite" id="1156" name="Tests" fullname="GLTFast.Tests" runstate="Runnable" testcasecount="15" result="Passed" start-time="2026-05-06 06:33:04Z" end-time="2026-05-06 06:33:04Z" duration="0.098272" total="15" passed="15" failed="0" inconclusive="0" skipped="0" asserts="0">
          <properties />
          <test-suite type="TestFixture" id="1134" name="JsonParsingTests" fullname="GLTFast.Tests.JsonParsingTests" classname="GLTFast.Tests.JsonParsingTests" runstate="Runnable" testcasecount="6" result="Passed" start-time="2026-05-06 06:33:04Z" end-time="2026-05-06 06:33:04Z" duration="0.024938" total="6" passed="6" failed="0" inconclusive="0" skipped="0" asserts="0">
            <properties />
            <test-case id="1135" name="MaterialExtensions" fullname="GLTFast.Tests.JsonParsingTests.MaterialExtensions" methodname="MaterialExtensions" classname="GLTFast.Tests.JsonParsingTests" runstate="Runnable" seed="1249226107" result="Passed" start-time="2026-05-06 06:33:04Z" end-time="2026-05-06 06:33:04Z" duration="0.011551" asserts="0">
              <properties />
            </test-case>
            <test-case id="1137" name="MeshTargetNames" fullname="GLTFast.Tests.JsonParsingTests.MeshTargetNames" methodname="MeshTargetNames" classname="GLTFast.Tests.JsonParsingTests" runstate="Runnable" seed="1224782362" result="Passed" start-time="2026-05-06 06:33:04Z" end-time="2026-05-06 06:33:04Z" duration="0.000667" asserts="0">
              <properties />
            </test-case>
            <test-case id="1138" name="MinMagFilter" fullname="GLTFast.Tests.JsonParsingTests.MinMagFilter" methodname="MinMagFilter" classname="GLTFast.Tests.JsonParsingTests" runstate="Runnable" seed="139761793" result="Passed" start-time="2026-05-06 06:33:04Z" end-time="2026-05-06 06:33:04Z" duration="0.002607" asserts="0">
              <properties />
            </test-case>
            <test-case id="1140" name="ParseGarbage" fullname="GLTFast.Tests.JsonParsingTests.ParseGarbage" methodname="ParseGarbage" classname="GLTFast.Tests.JsonParsingTests" runstate="Runnable" seed="2023787808" result="Passed" start-time="2026-05-06 06:33:04Z" end-time="2026-05-06 06:33:04Z" duration="0.000471" asserts="0">
              <properties />
            </test-case>
            <test-case id="1136" name="SparseAccessors" fullname="GLTFast.Tests.JsonParsingTests.SparseAccessors" methodname="SparseAccessors" classname="GLTFast.Tests.JsonParsingTests" runstate="Runnable" seed="412360001" result="Passed" start-time="2026-05-06 06:33:04Z" end-time="2026-05-06 06:33:04Z" duration="0.002614" asserts="0">
              <properties />
              <output><![CDATA[Invalid Sparse Accessors will break glTFast
]]></output>
            </test-case>
            <test-case id="1139" name="UnknownNodeExtension" fullname="GLTFast.Tests.JsonParsingTests.UnknownNodeExtension" methodname="UnknownNodeExtension" classname="GLTFast.Tests.JsonParsingTests" runstate="Runnable" seed="1272895924" result="Passed" start-time="2026-05-06 06:33:04Z" end-time="2026-05-06 06:33:04Z" duration="0.001090" asserts="0">
              <properties />
            </test-case>
          </test-suite>
          <test-suite type="TestFixture" id="1141" name="LoggerTest" fullname="GLTFast.Tests.LoggerTest" classname="GLTFast.Tests.LoggerTest" runstate="Runnable" testcasecount="2" result="Passed" start-time="2026-05-06 06:33:04Z" end-time="2026-05-06 06:33:04Z" duration="0.006362" total="2" passed="2" failed="0" inconclusive="0" skipped="0" asserts="0">
            <properties />
            <test-case id="1142" name="CollectingLoggerTest" fullname="GLTFast.Tests.LoggerTest.CollectingLoggerTest" methodname="CollectingLoggerTest" classname="GLTFast.Tests.LoggerTest" runstate="Runnable" seed="430009452" result="Passed" start-time="2026-05-06 06:33:04Z" end-time="2026-05-06 06:33:04Z" duration="0.002842" asserts="0">
              <properties />
            </test-case>
            <test-case id="1143" name="ConsoleLoggerTest" fullname="GLTFast.Tests.LoggerTest.ConsoleLoggerTest" methodname="ConsoleLoggerTest" classname="GLTFast.Tests.LoggerTest" runstate="Runnable" seed="852992342" result="Passed" start-time="2026-05-06 06:33:04Z" end-time="2026-05-06 06:33:04Z" duration="0.002125" asserts="0">
              <properties />
              <output><![CDATA[Download URL https://something.com/nowherfound.glb failed: 404
]]></output>
            </test-case>
          </test-suite>
          <test-suite type="TestFixture" id="1144" name="MatrixExtensionTest" fullname="GLTFast.Tests.MatrixExtensionTest" classname="GLTFast.Tests.MatrixExtensionTest" runstate="Runnable" testcasecount="1" result="Passed" start-time="2026-05-06 06:33:04Z" end-time="2026-05-06 06:33:04Z" duration="0.011340" total="1" passed="1" failed="0" inconclusive="0" skipped="0" asserts="0">
            <properties />
            <test-case id="1145" name="MatrixDecomposeTest" fullname="GLTFast.Tests.MatrixExtensionTest.MatrixDecomposeTest" methodname="MatrixDecomposeTest" classname="GLTFast.Tests.MatrixExtensionTest" runstate="Runnable" seed="646942156" result="Passed" start-time="2026-05-06 06:33:04Z" end-time="2026-05-06 06:33:04Z" duration="0.009281" asserts="0">
              <properties />
            </test-case>
          </test-suite>
          <test-suite type="TestFixture" id="1146" name="MeshPrimitiveTest" fullname="GLTFast.Tests.MeshPrimitiveTest" classname="GLTFast.Tests.MeshPrimitiveTest" runstate="Runnable" testcasecount="1" result="Passed" start-time="2026-05-06 06:33:04Z" end-time="2026-05-06 06:33:04Z" duration="0.002875" total="1" passed="1" failed="0" inconclusive="0" skipped="0" asserts="0">
            <properties />
            <test-case id="1147" name="MeshPrimitiveEqualTest" fullname="GLTFast.Tests.MeshPrimitiveTest.MeshPrimitiveEqualTest" methodname="MeshPrimitiveEqualTest" classname="GLTFast.Tests.MeshPrimitiveTest" runstate="Runnable" seed="938722724" result="Passed" start-time="2026-05-06 06:33:04Z" end-time="2026-05-06 06:33:04Z" duration="0.001509" asserts="0">
              <properties />
            </test-case>
          </test-suite>
          <test-suite type="TestFixture" id="1148" name="UriHelperTest" fullname="GLTFast.Tests.UriHelperTest" classname="GLTFast.Tests.UriHelperTest" runstate="Runnable" testcasecount="5" result="Passed" start-time="2026-05-06 06:33:04Z" end-time="2026-05-06 06:33:04Z" duration="0.048628" total="5" passed="5" failed="0" inconclusive="0" skipped="0" asserts="0">
            <properties />
            <test-case id="1149" name="GetBaseUriTest" fullname="GLTFast.Tests.UriHelperTest.GetBaseUriTest" methodname="GetBaseUriTest" classname="GLTFast.Tests.UriHelperTest" runstate="Runnable" seed="183883526" result="Passed" start-time="2026-05-06 06:33:04Z" end-time="2026-05-06 06:33:04Z" duration="0.008387" asserts="0">
              <properties />
            </test-case>
            <test-case id="1153" name="GetImageFormatFromUriTest" fullname="GLTFast.Tests.UriHelperTest.GetImageFormatFromUriTest" methodname="GetImageFormatFromUriTest" classname="GLTFast.Tests.UriHelperTest" runstate="Runnable" seed="548550787" result="Passed" start-time="2026-05-06 06:33:04Z" end-time="2026-05-06 06:33:04Z" duration="0.001173" asserts="0">
              <properties />
            </test-case>
            <test-case id="1150" name="GetUriStringTest" fullname="GLTFast.Tests.UriHelperTest.GetUriStringTest" methodname="GetUriStringTest" classname="GLTFast.Tests.UriHelperTest" runstate="Runnable" seed="717883373" result="Passed" start-time="2026-05-06 06:33:04Z" end-time="2026-05-06 06:33:04Z" duration="0.001589" asserts="0">
              <properties />
            </test-case>
            <test-case id="1152" name="IsGltfBinaryTest" fullname="GLTFast.Tests.UriHelperTest.IsGltfBinaryTest" methodname="IsGltfBinaryTest" classname="GLTFast.Tests.UriHelperTest" runstate="Runnable" seed="185383929" result="Passed" start-time="2026-05-06 06:33:04Z" end-time="2026-05-06 06:33:04Z" duration="0.034880" asserts="0">
              <properties />
            </test-case>
            <test-case id="1151" name="RemoveDotSegments" fullname="GLTFast.Tests.UriHelperTest.RemoveDotSegments" methodname="RemoveDotSegments" classname="GLTFast.Tests.UriHelperTest" runstate="Runnable" seed="826434668" result="Passed" start-time="2026-05-06 06:33:04Z" end-time="2026-05-06 06:33:04Z" duration="0.000781" asserts="0">
              <properties />
            </test-case>
          </test-suite>
        </test-suite>
      </test-suite>
    </test-suite>
  </test-suite>
</test-run>