<?xml version="1.0" encoding="utf-8"?>
<test-run id="2" testcasecount="59" result="Passed" total="59" passed="59" failed="0" inconclusive="0" skipped="0" asserts="0" engine-version="3.5.0.0" clr-version="4.0.30319.42000" start-time="2026-05-08 10:59:23Z" end-time="2026-05-08 10:59:23Z" duration="0.260245">
  <test-suite type="TestSuite" id="1106" name="EmbodiedDebate" fullname="EmbodiedDebate" runstate="Runnable" testcasecount="78" result="Passed" start-time="2026-05-08 10:59:23Z" end-time="2026-05-08 10:59:23Z" duration="0.260245" total="59" passed="59" failed="0" inconclusive="0" skipped="0" asserts="0">
    <properties />
    <test-suite type="Assembly" id="1175" name="ArgusUnity.Tests.EditMode.dll" fullname="/Users/guribbong/code/Argus/unity/EmbodiedDebate/Library/ScriptAssemblies/ArgusUnity.Tests.EditMode.dll" runstate="Runnable" testcasecount="59" result="Passed" start-time="2026-05-08 10:59:23Z" end-time="2026-05-08 10:59:23Z" duration="0.251253" total="59" passed="59" failed="0" inconclusive="0" skipped="0" asserts="0">
      <properties>
        <property name="_PID" value="18600" />
        <property name="_APPDOMAIN" value="Unity Child Domain" />
        <property name="platform" value="EditMode" />
      </properties>
      <test-suite type="TestSuite" id="1176" name="ArgusUnity" fullname="ArgusUnity" runstate="Runnable" testcasecount="59" result="Passed" start-time="2026-05-08 10:59:23Z" end-time="2026-05-08 10:59:23Z" duration="0.250989" total="59" passed="59" failed="0" inconclusive="0" skipped="0" asserts="0">
        <properties />
        <test-suite type="TestSuite" id="1177" name="Tests" fullname="ArgusUnity.Tests" runstate="Runnable" testcasecount="59" result="Passed" start-time="2026-05-08 10:59:23Z" end-time="2026-05-08 10:59:23Z" duration="0.247465" total="59" passed="59" failed="0" inconclusive="0" skipped="0" asserts="0">
          <properties />
          <test-suite type="TestSuite" id="1178" name="EditMode" fullname="ArgusUnity.Tests.EditMode" runstate="Runnable" testcasecount="59" result="Passed" start-time="2026-05-08 10:59:23Z" end-time="2026-05-08 10:59:23Z" duration="0.243892" total="59" passed="59" failed="0" inconclusive="0" skipped="0" asserts="0">
            <properties />
            <test-suite type="TestFixture" id="1107" name="AgentInspectorFormatterTests" fullname="ArgusUnity.Tests.EditMode.AgentInspectorFormatterTests" classname="ArgusUnity.Tests.EditMode.AgentInspectorFormatterTests" runstate="Runnable" testcasecount="1" result="Passed" start-time="2026-05-08 10:59:23Z" end-time="2026-05-08 10:59:23Z" duration="0.018761" total="1" passed="1" failed="0" inconclusive="0" skipped="0" asserts="0">
              <properties />
              <test-case id="1108" name="DropsSensitiveNestedKeysBeyondAllowlist" fullname="ArgusUnity.Tests.EditMode.AgentInspectorFormatterTests.DropsSensitiveNestedKeysBeyondAllowlist" methodname="DropsSensitiveNestedKeysBeyondAllowlist" classname="ArgusUnity.Tests.EditMode.AgentInspectorFormatterTests" runstate="Runnable" seed="1428885868" result="Passed" start-time="2026-05-08 10:59:23Z" end-time="2026-05-08 10:59:23Z" duration="0.012578" asserts="0">
                <properties />
              </test-case>
            </test-suite>
            <test-suite type="TestFixture" id="1109" name="AgentLocomotionDriverTests" fullname="ArgusUnity.Tests.EditMode.AgentLocomotionDriverTests" classname="ArgusUnity.Tests.EditMode.AgentLocomotionDriverTests" runstate="Runnable" testcasecount="23" result="Passed" start-time="2026-05-08 10:59:23Z" end-time="2026-05-08 10:59:23Z" duration="0.020564" total="23" passed="23" failed="0" inconclusive="0" skipped="0" asserts="0">
              <properties />
              <test-case id="1132" name="AgentChildColliderIsIgnoredAsObstacle" fullname="ArgusUnity.Tests.EditMode.AgentLocomotionDriverTests.AgentChildColliderIsIgnoredAsObstacle" methodname="AgentChildColliderIsIgnoredAsObstacle" classname="ArgusUnity.Tests.EditMode.AgentLocomotionDriverTests" runstate="Runnable" seed="1935165657" result="Passed" start-time="2026-05-08 10:59:23Z" end-time="2026-05-08 10:59:23Z" duration="0.001891" asserts="0">
                <properties />
              </test-case>
              <test-case id="1121" name="BoundaryTurnaroundDirectionMovesInwardAndKeepsATangent" fullname="ArgusUnity.Tests.EditMode.AgentLocomotionDriverTests.BoundaryTurnaroundDirectionMovesInwardAndKeepsATangent" methodname="BoundaryTurnaroundDirectionMovesInwardAndKeepsATangent" classname="ArgusUnity.Tests.EditMode.AgentLocomotionDriverTests" runstate="Runnable" seed="2135349337" result="Passed" start-time="2026-05-08 10:59:23Z" end-time="2026-05-08 10:59:23Z" duration="0.004532" asserts="0">
                <properties />
              </test-case>
              <test-case id="1119" name="ClampPlanarKeepsPositionInsideWalkableRoom" fullname="ArgusUnity.Tests.EditMode.AgentLocomotionDriverTests.ClampPlanarKeepsPositionInsideWalkableRoom" methodname="ClampPlanarKeepsPositionInsideWalkableRoom" classname="ArgusUnity.Tests.EditMode.AgentLocomotionDriverTests" runstate="Runnable" seed="2012877060" result="Passed" start-time="2026-05-08 10:59:23Z" end-time="2026-05-08 10:59:23Z" duration="0.000232" asserts="0">
                <properties />
              </test-case>
              <test-case id="1120" name="ClampPlanarWithInsetMovesPositionAwayFromBoundary" fullname="ArgusUnity.Tests.EditMode.AgentLocomotionDriverTests.ClampPlanarWithInsetMovesPositionAwayFromBoundary" methodname="ClampPlanarWithInsetMovesPositionAwayFromBoundary" classname="ArgusUnity.Tests.EditMode.AgentLocomotionDriverTests" runstate="Runnable" seed="1182645357" result="Passed" start-time="2026-05-08 10:59:23Z" end-time="2026-05-08 10:59:23Z" duration="0.000231" asserts="0">
                <properties />
              </test-case>
              <test-case id="1131" name="DynamicFurnitureColliderIsAvoidedAsObstacle" fullname="ArgusUnity.Tests.EditMode.AgentLocomotionDriverTests.DynamicFurnitureColliderIsAvoidedAsObstacle" methodname="DynamicFurnitureColliderIsAvoidedAsObstacle" classname="ArgusUnity.Tests.EditMode.AgentLocomotionDriverTests" runstate="Runnable" seed="765434534" result="Passed" start-time="2026-05-08 10:59:23Z" end-time="2026-05-08 10:59:23Z" duration="0.002019" asserts="0">
                <properties />
              </test-case>
              <test-case id="1130" name="MaterialFactoryPrefersUrpShadersBeforeLegacyFallbacks" fullname="ArgusUnity.Tests.EditMode.AgentLocomotionDriverTests.MaterialFactoryPrefersUrpShadersBeforeLegacyFallbacks" methodname="MaterialFactoryPrefersUrpShadersBeforeLegacyFallbacks" classname="ArgusUnity.Tests.EditMode.AgentLocomotionDriverTests" runstate="Runnable" seed="216273481" result="Passed" start-time="2026-05-08 10:59:23Z" end-time="2026-05-08 10:59:23Z" duration="0.000118" asserts="0">
                <properties />
              </test-case>
              <test-case id="1118" name="MissingAnimatorParametersLogsWarning" fullname="ArgusUnity.Tests.EditMode.AgentLocomotionDriverTests.MissingAnimatorParametersLogsWarning" methodname="MissingAnimatorParametersLogsWarning" classname="ArgusUnity.Tests.EditMode.AgentLocomotionDriverTests" runstate="Runnable" seed="1188167882" result="Passed" start-time="2026-05-08 10:59:23Z" end-time="2026-05-08 10:59:23Z" duration="0.005269" asserts="0">
                <properties />
                <output><![CDATA[The Animator Controller (MissingParamController) you have used is not valid. Animations will not play
AgentLocomotionDriver: Animator locomotion ready controller=MissingParamController, rootMotion=False, hasSpeed=False, hasTurn=False.
AgentLocomotionDriver: Animator parameter mismatch controller=MissingParamController, missingSpeed=True, missingTurn=True, expectedSpeed=Speed, expectedTurn=Turn.
]]></output>
              </test-case>
              <test-case id="1127" name="MovePlanarVelocityTowardsLimitsAcceleration" fullname="ArgusUnity.Tests.EditMode.AgentLocomotionDriverTests.MovePlanarVelocityTowardsLimitsAcceleration" methodname="MovePlanarVelocityTowardsLimitsAcceleration" classname="ArgusUnity.Tests.EditMode.AgentLocomotionDriverTests" runstate="Runnable" seed="1136628776" result="Passed" start-time="2026-05-08 10:59:23Z" end-time="2026-05-08 10:59:23Z" duration="0.000283" asserts="0">
                <properties />
              </test-case>
              <test-case id="1128" name="MovePlanarVelocityTowardsUsesDecelerationWhenSlowing" fullname="ArgusUnity.Tests.EditMode.AgentLocomotionDriverTests.MovePlanarVelocityTowardsUsesDecelerationWhenSlowing" methodname="MovePlanarVelocityTowardsUsesDecelerationWhenSlowing" classname="ArgusUnity.Tests.EditMode.AgentLocomotionDriverTests" runstate="Runnable" seed="879396912" result="Passed" start-time="2026-05-08 10:59:23Z" end-time="2026-05-08 10:59:23Z" duration="0.000120" asserts="0">
                <properties />
              </test-case>
              <test-case id="1110" name="PlanarSpeedIgnoresVerticalDelta" fullname="ArgusUnity.Tests.EditMode.AgentLocomotionDriverTests.PlanarSpeedIgnoresVerticalDelta" methodname="PlanarSpeedIgnoresVerticalDelta" classname="ArgusUnity.Tests.EditMode.AgentLocomotionDriverTests" runstate="Runnable" seed="339659347" result="Passed" start-time="2026-05-08 10:59:23Z" end-time="2026-05-08 10:59:23Z" duration="0.000102" asserts="0">
                <properties />
              </test-case>
              <test-case id="1124" name="ProjectPlanarVelocityAlongWallRemovesBlockedComponent" fullname="ArgusUnity.Tests.EditMode.AgentLocomotionDriverTests.ProjectPlanarVelocityAlongWallRemovesBlockedComponent" methodname="ProjectPlanarVelocityAlongWallRemovesBlockedComponent" classname="ArgusUnity.Tests.EditMode.AgentLocomotionDriverTests" runstate="Runnable" seed="1520170004" result="Passed" start-time="2026-05-08 10:59:23Z" end-time="2026-05-08 10:59:23Z" duration="0.000351" asserts="0">
                <properties />
              </test-case>
              <test-case id="1125" name="ProjectPlanarVelocityAlongWallStopsHeadOnWallDrive" fullname="ArgusUnity.Tests.EditMode.AgentLocomotionDriverTests.ProjectPlanarVelocityAlongWallStopsHeadOnWallDrive" methodname="ProjectPlanarVelocityAlongWallStopsHeadOnWallDrive" classname="ArgusUnity.Tests.EditMode.AgentLocomotionDriverTests" runstate="Runnable" seed="1897683883" result="Passed" start-time="2026-05-08 10:59:23Z" end-time="2026-05-08 10:59:23Z" duration="0.000882" asserts="0">
                <properties />
              </test-case>
              <test-case id="1129" name="RandomInteriorTargetStaysInsideBounds" fullname="ArgusUnity.Tests.EditMode.AgentLocomotionDriverTests.RandomInteriorTargetStaysInsideBounds" methodname="RandomInteriorTargetStaysInsideBounds" classname="ArgusUnity.Tests.EditMode.AgentLocomotionDriverTests" runstate="Runnable" seed="1277590248" result="Passed" start-time="2026-05-08 10:59:23Z" end-time="2026-05-08 10:59:23Z" duration="0.000390" asserts="0">
                <properties />
              </test-case>
              <test-case id="1126" name="RemoveVelocityTowardClampStopsInsetBoundaryPush" fullname="ArgusUnity.Tests.EditMode.AgentLocomotionDriverTests.RemoveVelocityTowardClampStopsInsetBoundaryPush" methodname="RemoveVelocityTowardClampStopsInsetBoundaryPush" classname="ArgusUnity.Tests.EditMode.AgentLocomotionDriverTests" runstate="Runnable" seed="674614367" result="Passed" start-time="2026-05-08 10:59:23Z" end-time="2026-05-08 10:59:23Z" duration="0.000152" asserts="0">
                <properties />
              </test-case>
              <test-case id="1111" name="ResolveMovingUsesStartStopHysteresis" fullname="ArgusUnity.Tests.EditMode.AgentLocomotionDriverTests.ResolveMovingUsesStartStopHysteresis" methodname="ResolveMovingUsesStartStopHysteresis" classname="ArgusUnity.Tests.EditMode.AgentLocomotionDriverTests" runstate="Runnable" seed="1538069616" result="Passed" start-time="2026-05-08 10:59:23Z" end-time="2026-05-08 10:59:23Z" duration="0.000120" asserts="0">
                <properties />
              </test-case>
              <test-case id="1117" name="ResolveTurnValueClampsToBlendTreeRange" fullname="ArgusUnity.Tests.EditMode.AgentLocomotionDriverTests.ResolveTurnValueClampsToBlendTreeRange" methodname="ResolveTurnValueClampsToBlendTreeRange" classname="ArgusUnity.Tests.EditMode.AgentLocomotionDriverTests" runstate="Runnable" seed="82815637" result="Passed" start-time="2026-05-08 10:59:23Z" end-time="2026-05-08 10:59:23Z" duration="0.000166" asserts="0">
                <properties />
              </test-case>
              <test-case id="1116" name="ResolveTurnValueStopsWhenAgentStopsMoving" fullname="ArgusUnity.Tests.EditMode.AgentLocomotionDriverTests.ResolveTurnValueStopsWhenAgentStopsMoving" methodname="ResolveTurnValueStopsWhenAgentStopsMoving" classname="ArgusUnity.Tests.EditMode.AgentLocomotionDriverTests" runstate="Runnable" seed="518050882" result="Passed" start-time="2026-05-08 10:59:23Z" end-time="2026-05-08 10:59:23Z" duration="0.000061" asserts="0">
                <properties />
              </test-case>
              <test-case id="1115" name="ResolveTurnValueUsesHysteresisToAvoidFlicker" fullname="ArgusUnity.Tests.EditMode.AgentLocomotionDriverTests.ResolveTurnValueUsesHysteresisToAvoidFlicker" methodname="ResolveTurnValueUsesHysteresisToAvoidFlicker" classname="ArgusUnity.Tests.EditMode.AgentLocomotionDriverTests" runstate="Runnable" seed="1728770277" result="Passed" start-time="2026-05-08 10:59:23Z" end-time="2026-05-08 10:59:23Z" duration="0.000155" asserts="0">
                <properties />
              </test-case>
              <test-case id="1113" name="SignedYawDeltaMapsSideTurnsToBlendTreeTurn" fullname="ArgusUnity.Tests.EditMode.AgentLocomotionDriverTests.SignedYawDeltaMapsSideTurnsToBlendTreeTurn" methodname="SignedYawDeltaMapsSideTurnsToBlendTreeTurn" classname="ArgusUnity.Tests.EditMode.AgentLocomotionDriverTests" runstate="Runnable" seed="679841027" result="Passed" start-time="2026-05-08 10:59:23Z" end-time="2026-05-08 10:59:23Z" duration="0.000143" asserts="0">
                <properties />
              </test-case>
              <test-case id="1114" name="SignedYawRateUsesActualRotationDeltaPerSecond" fullname="ArgusUnity.Tests.EditMode.AgentLocomotionDriverTests.SignedYawRateUsesActualRotationDeltaPerSecond" methodname="SignedYawRateUsesActualRotationDeltaPerSecond" classname="ArgusUnity.Tests.EditMode.AgentLocomotionDriverTests" runstate="Runnable" seed="699681654" result="Passed" start-time="2026-05-08 10:59:23Z" end-time="2026-05-08 10:59:23Z" duration="0.000117" asserts="0">
                <properties />
              </test-case>
              <test-case id="1123" name="WallContactRecoveryChoosesSideThatMovesAwayFromSideWall" fullname="ArgusUnity.Tests.EditMode.AgentLocomotionDriverTests.WallContactRecoveryChoosesSideThatMovesAwayFromSideWall" methodname="WallContactRecoveryChoosesSideThatMovesAwayFromSideWall" classname="ArgusUnity.Tests.EditMode.AgentLocomotionDriverTests" runstate="Runnable" seed="2053659606" result="Passed" start-time="2026-05-08 10:59:23Z" end-time="2026-05-08 10:59:23Z" duration="0.000652" asserts="0">
                <properties />
              </test-case>
              <test-case id="1122" name="WallContactRecoveryTurnsNinetyDegreesWithInwardBias" fullname="ArgusUnity.Tests.EditMode.AgentLocomotionDriverTests.WallContactRecoveryTurnsNinetyDegreesWithInwardBias" methodname="WallContactRecoveryTurnsNinetyDegreesWithInwardBias" classname="ArgusUnity.Tests.EditMode.AgentLocomotionDriverTests" runstate="Runnable" seed="1178423599" result="Passed" start-time="2026-05-08 10:59:23Z" end-time="2026-05-08 10:59:23Z" duration="0.000219" asserts="0">
                <properties />
              </test-case>
              <test-case id="1112" name="YawFromPlanarDirectionUsesUnityForwardAxis" fullname="ArgusUnity.Tests.EditMode.AgentLocomotionDriverTests.YawFromPlanarDirectionUsesUnityForwardAxis" methodname="YawFromPlanarDirectionUsesUnityForwardAxis" classname="ArgusUnity.Tests.EditMode.AgentLocomotionDriverTests" runstate="Runnable" seed="1386601836" result="Passed" start-time="2026-05-08 10:59:23Z" end-time="2026-05-08 10:59:23Z" duration="0.000444" asserts="0">
                <properties />
              </test-case>
            </test-suite>
            <test-suite type="TestFixture" id="1133" name="AnimationStateMapperTests" fullname="ArgusUnity.Tests.EditMode.AnimationStateMapperTests" classname="ArgusUnity.Tests.EditMode.AnimationStateMapperTests" runstate="Runnable" testcasecount="12" result="Passed" start-time="2026-05-08 10:59:23Z" end-time="2026-05-08 10:59:23Z" duration="0.007166" total="12" passed="12" failed="0" inconclusive="0" skipped="0" asserts="0">
              <properties />
              <test-case id="1146" name="EmptyActionFallsBackToIdleWarning" fullname="ArgusUnity.Tests.EditMode.AnimationStateMapperTests.EmptyActionFallsBackToIdleWarning" methodname="EmptyActionFallsBackToIdleWarning" classname="ArgusUnity.Tests.EditMode.AnimationStateMapperTests" runstate="Runnable" seed="1019716059" result="Passed" start-time="2026-05-08 10:59:23Z" end-time="2026-05-08 10:59:23Z" duration="0.000724" asserts="0">
                <properties />
              </test-case>
              <test-suite type="ParameterizedMethod" id="1144" name="KnownActionsMapToConfiguredClips" fullname="ArgusUnity.Tests.EditMode.AnimationStateMapperTests.KnownActionsMapToConfiguredClips" classname="ArgusUnity.Tests.EditMode.AnimationStateMapperTests" runstate="Runnable" testcasecount="10" result="Passed" start-time="2026-05-08 10:59:23Z" end-time="2026-05-08 10:59:23Z" duration="0.001621" total="10" passed="10" failed="0" inconclusive="0" skipped="0" asserts="0">
                <properties />
                <test-case id="1134" name="KnownActionsMapToConfiguredClips(&quot;idle&quot;,&quot;IdleClip&quot;)" fullname="ArgusUnity.Tests.EditMode.AnimationStateMapperTests.KnownActionsMapToConfiguredClips(&quot;idle&quot;,&quot;IdleClip&quot;)" methodname="KnownActionsMapToConfiguredClips" classname="ArgusUnity.Tests.EditMode.AnimationStateMapperTests" runstate="Runnable" seed="1404704028" result="Passed" start-time="2026-05-08 10:59:23Z" end-time="2026-05-08 10:59:23Z" duration="0.000350" asserts="0">
                  <properties />
                </test-case>
                <test-case id="1135" name="KnownActionsMapToConfiguredClips(&quot;walk&quot;,&quot;WalkClip&quot;)" fullname="ArgusUnity.Tests.EditMode.AnimationStateMapperTests.KnownActionsMapToConfiguredClips(&quot;walk&quot;,&quot;WalkClip&quot;)" methodname="KnownActionsMapToConfiguredClips" classname="ArgusUnity.Tests.EditMode.AnimationStateMapperTests" runstate="Runnable" seed="2109942224" result="Passed" start-time="2026-05-08 10:59:23Z" end-time="2026-05-08 10:59:23Z" duration="0.000058" asserts="0">
                  <properties />
                </test-case>
                <test-case id="1136" name="KnownActionsMapToConfiguredClips(&quot;run&quot;,&quot;RunClip&quot;)" fullname="ArgusUnity.Tests.EditMode.AnimationStateMapperTests.KnownActionsMapToConfiguredClips(&quot;run&quot;,&quot;RunClip&quot;)" methodname="KnownActionsMapToConfiguredClips" classname="ArgusUnity.Tests.EditMode.AnimationStateMapperTests" runstate="Runnable" seed="213070300" result="Passed" start-time="2026-05-08 10:59:23Z" end-time="2026-05-08 10:59:23Z" duration="0.000050" asserts="0">
                  <properties />
                </test-case>
                <test-case id="1137" name="KnownActionsMapToConfiguredClips(&quot;speak&quot;,&quot;SpeakClip&quot;)" fullname="ArgusUnity.Tests.EditMode.AnimationStateMapperTests.KnownActionsMapToConfiguredClips(&quot;speak&quot;,&quot;SpeakClip&quot;)" methodname="KnownActionsMapToConfiguredClips" classname="ArgusUnity.Tests.EditMode.AnimationStateMapperTests" runstate="Runnable" seed="1845772008" result="Passed" start-time="2026-05-08 10:59:23Z" end-time="2026-05-08 10:59:23Z" duration="0.000049" asserts="0">
                  <properties />
                </test-case>
                <test-case id="1138" name="KnownActionsMapToConfiguredClips(&quot;argue&quot;,&quot;ArgueClip&quot;)" fullname="ArgusUnity.Tests.EditMode.AnimationStateMapperTests.KnownActionsMapToConfiguredClips(&quot;argue&quot;,&quot;ArgueClip&quot;)" methodname="KnownActionsMapToConfiguredClips" classname="ArgusUnity.Tests.EditMode.AnimationStateMapperTests" runstate="Runnable" seed="23986822" result="Passed" start-time="2026-05-08 10:59:23Z" end-time="2026-05-08 10:59:23Z" duration="0.000050" asserts="0">
                  <properties />
                </test-case>
                <test-case id="1139" name="KnownActionsMapToConfiguredClips(&quot;push&quot;,&quot;PushClip&quot;)" fullname="ArgusUnity.Tests.EditMode.AnimationStateMapperTests.KnownActionsMapToConfiguredClips(&quot;push&quot;,&quot;PushClip&quot;)" methodname="KnownActionsMapToConfiguredClips" classname="ArgusUnity.Tests.EditMode.AnimationStateMapperTests" runstate="Runnable" seed="565679866" result="Passed" start-time="2026-05-08 10:59:23Z" end-time="2026-05-08 10:59:23Z" duration="0.000048" asserts="0">
                  <properties />
                </test-case>
                <test-case id="1140" name="KnownActionsMapToConfiguredClips(&quot;block&quot;,&quot;BlockClip&quot;)" fullname="ArgusUnity.Tests.EditMode.AnimationStateMapperTests.KnownActionsMapToConfiguredClips(&quot;block&quot;,&quot;BlockClip&quot;)" methodname="KnownActionsMapToConfiguredClips" classname="ArgusUnity.Tests.EditMode.AnimationStateMapperTests" runstate="Runnable" seed="1527872025" result="Passed" start-time="2026-05-08 10:59:23Z" end-time="2026-05-08 10:59:23Z" duration="0.000046" asserts="0">
                  <properties />
                </test-case>
                <test-case id="1141" name="KnownActionsMapToConfiguredClips(&quot;stumble&quot;,&quot;StumbleClip&quot;)" fullname="ArgusUnity.Tests.EditMode.AnimationStateMapperTests.KnownActionsMapToConfiguredClips(&quot;stumble&quot;,&quot;StumbleClip&quot;)" methodname="KnownActionsMapToConfiguredClips" classname="ArgusUnity.Tests.EditMode.AnimationStateMapperTests" runstate="Runnable" seed="122241179" result="Passed" start-time="2026-05-08 10:59:23Z" end-time="2026-05-08 10:59:23Z" duration="0.000048" asserts="0">
                  <properties />
                </test-case>
                <test-case id="1142" name="KnownActionsMapToConfiguredClips(&quot;fall&quot;,&quot;FallClip&quot;)" fullname="ArgusUnity.Tests.EditMode.AnimationStateMapperTests.KnownActionsMapToConfiguredClips(&quot;fall&quot;,&quot;FallClip&quot;)" methodname="KnownActionsMapToConfiguredClips" classname="ArgusUnity.Tests.EditMode.AnimationStateMapperTests" runstate="Runnable" seed="507214656" result="Passed" start-time="2026-05-08 10:59:23Z" end-time="2026-05-08 10:59:23Z" duration="0.000047" asserts="0">
                  <properties />
                </test-case>
                <test-case id="1143" name="KnownActionsMapToConfiguredClips(&quot;recover&quot;,&quot;RecoverClip&quot;)" fullname="ArgusUnity.Tests.EditMode.AnimationStateMapperTests.KnownActionsMapToConfiguredClips(&quot;recover&quot;,&quot;RecoverClip&quot;)" methodname="KnownActionsMapToConfiguredClips" classname="ArgusUnity.Tests.EditMode.AnimationStateMapperTests" runstate="Runnable" seed="1093440611" result="Passed" start-time="2026-05-08 10:59:23Z" end-time="2026-05-08 10:59:23Z" duration="0.000046" asserts="0">
                  <properties />
                </test-case>
              </test-suite>
              <test-case id="1145" name="UnknownActionFallsBackToIdleWarning" fullname="ArgusUnity.Tests.EditMode.AnimationStateMapperTests.UnknownActionFallsBackToIdleWarning" methodname="UnknownActionFallsBackToIdleWarning" classname="ArgusUnity.Tests.EditMode.AnimationStateMapperTests" runstate="Runnable" seed="1770883918" result="Passed" start-time="2026-05-08 10:59:23Z" end-time="2026-05-08 10:59:23Z" duration="0.000096" asserts="0">
                <properties />
              </test-case>
            </test-suite>
            <test-suite type="TestFixture" id="1147" name="BridgeEnvelopeTests" fullname="ArgusUnity.Tests.EditMode.BridgeEnvelopeTests" classname="ArgusUnity.Tests.EditMode.BridgeEnvelopeTests" runstate="Runnable" testcasecount="4" result="Passed" start-time="2026-05-08 10:59:23Z" end-time="2026-05-08 10:59:23Z" duration="0.056252" total="4" passed="4" failed="0" inconclusive="0" skipped="0" asserts="0">
              <properties />
              <test-case id="1149" name="MalformedJsonReturnsStructuredError" fullname="ArgusUnity.Tests.EditMode.BridgeEnvelopeTests.MalformedJsonReturnsStructuredError" methodname="MalformedJsonReturnsStructuredError" classname="ArgusUnity.Tests.EditMode.BridgeEnvelopeTests" runstate="Runnable" seed="1231942872" result="Passed" start-time="2026-05-08 10:59:23Z" end-time="2026-05-08 10:59:23Z" duration="0.030628" asserts="0">
                <properties />
              </test-case>
              <test-case id="1148" name="ParseValidEnvelopePreservesPayload" fullname="ArgusUnity.Tests.EditMode.BridgeEnvelopeTests.ParseValidEnvelopePreservesPayload" methodname="ParseValidEnvelopePreservesPayload" classname="ArgusUnity.Tests.EditMode.BridgeEnvelopeTests" runstate="Runnable" seed="1472360249" result="Passed" start-time="2026-05-08 10:59:23Z" end-time="2026-05-08 10:59:23Z" duration="0.015036" asserts="0">
                <properties />
              </test-case>
              <test-case id="1151" name="UnityAckUsesExpectedPayloadShape" fullname="ArgusUnity.Tests.EditMode.BridgeEnvelopeTests.UnityAckUsesExpectedPayloadShape" methodname="UnityAckUsesExpectedPayloadShape" classname="ArgusUnity.Tests.EditMode.BridgeEnvelopeTests" runstate="Runnable" seed="1158085787" result="Passed" start-time="2026-05-08 10:59:23Z" end-time="2026-05-08 10:59:23Z" duration="0.007391" asserts="0">
                <properties />
              </test-case>
              <test-case id="1150" name="UnknownMessageTypeIsPreservedForCallerHandling" fullname="ArgusUnity.Tests.EditMode.BridgeEnvelopeTests.UnknownMessageTypeIsPreservedForCallerHandling" methodname="UnknownMessageTypeIsPreservedForCallerHandling" classname="ArgusUnity.Tests.EditMode.BridgeEnvelopeTests" runstate="Runnable" seed="1265050034" result="Passed" start-time="2026-05-08 10:59:23Z" end-time="2026-05-08 10:59:23Z" duration="0.000324" asserts="0">
                <properties />
              </test-case>
            </test-suite>
            <test-suite type="TestFixture" id="1152" name="BridgePresentationParsingTests" fullname="ArgusUnity.Tests.EditMode.BridgePresentationParsingTests" classname="ArgusUnity.Tests.EditMode.BridgePresentationParsingTests" runstate="Runnable" testcasecount="5" result="Passed" start-time="2026-05-08 10:59:23Z" end-time="2026-05-08 10:59:23Z" duration="0.004352" total="5" passed="5" failed="0" inconclusive="0" skipped="0" asserts="0">
              <properties />
              <test-case id="1157" name="ConflictUpdateNormalizesStageCase" fullname="ArgusUnity.Tests.EditMode.BridgePresentationParsingTests.ConflictUpdateNormalizesStageCase" methodname="ConflictUpdateNormalizesStageCase" classname="ArgusUnity.Tests.EditMode.BridgePresentationParsingTests" runstate="Runnable" seed="1106309976" result="Passed" start-time="2026-05-08 10:59:23Z" end-time="2026-05-08 10:59:23Z" duration="0.001380" asserts="0">
                <properties />
              </test-case>
              <test-case id="1153" name="DialogueParsingExtractsSpeakerTextAndDuration" fullname="ArgusUnity.Tests.EditMode.BridgePresentationParsingTests.DialogueParsingExtractsSpeakerTextAndDuration" methodname="DialogueParsingExtractsSpeakerTextAndDuration" classname="ArgusUnity.Tests.EditMode.BridgePresentationParsingTests" runstate="Runnable" seed="1731409632" result="Passed" start-time="2026-05-08 10:59:23Z" end-time="2026-05-08 10:59:23Z" duration="0.000827" asserts="0">
                <properties />
              </test-case>
              <test-case id="1155" name="DialogueTruncationAppendsEllipsis" fullname="ArgusUnity.Tests.EditMode.BridgePresentationParsingTests.DialogueTruncationAppendsEllipsis" methodname="DialogueTruncationAppendsEllipsis" classname="ArgusUnity.Tests.EditMode.BridgePresentationParsingTests" runstate="Runnable" seed="322126165" result="Passed" start-time="2026-05-08 10:59:23Z" end-time="2026-05-08 10:59:23Z" duration="0.000495" asserts="0">
                <properties />
              </test-case>
              <test-case id="1154" name="EmotionParsingExtractsIntensity" fullname="ArgusUnity.Tests.EditMode.BridgePresentationParsingTests.EmotionParsingExtractsIntensity" methodname="EmotionParsingExtractsIntensity" classname="ArgusUnity.Tests.EditMode.BridgePresentationParsingTests" runstate="Runnable" seed="864969085" result="Passed" start-time="2026-05-08 10:59:23Z" end-time="2026-05-08 10:59:23Z" duration="0.000399" asserts="0">
                <properties />
              </test-case>
              <test-case id="1156" name="GroupUpdateParsingReadsMembers" fullname="ArgusUnity.Tests.EditMode.BridgePresentationParsingTests.GroupUpdateParsingReadsMembers" methodname="GroupUpdateParsingReadsMembers" classname="ArgusUnity.Tests.EditMode.BridgePresentationParsingTests" runstate="Runnable" seed="1858555609" result="Passed" start-time="2026-05-08 10:59:23Z" end-time="2026-05-08 10:59:23Z" duration="0.000311" asserts="0">
                <properties />
              </test-case>
            </test-suite>
            <test-suite type="TestFixture" id="1158" name="HideAndSeekDesignBuilderTests" fullname="ArgusUnity.Tests.EditMode.HideAndSeekDesignBuilderTests" classname="ArgusUnity.Tests.EditMode.HideAndSeekDesignBuilderTests" runstate="Runnable" testcasecount="2" result="Passed" start-time="2026-05-08 10:59:23Z" end-time="2026-05-08 10:59:23Z" duration="0.099376" total="2" passed="2" failed="0" inconclusive="0" skipped="0" asserts="0">
              <properties />
              <test-case id="1160" name="ActiveFurnitureAndMiniBotPhysicsAreDynamic" fullname="ArgusUnity.Tests.EditMode.HideAndSeekDesignBuilderTests.ActiveFurnitureAndMiniBotPhysicsAreDynamic" methodname="ActiveFurnitureAndMiniBotPhysicsAreDynamic" classname="ArgusUnity.Tests.EditMode.HideAndSeekDesignBuilderTests" runstate="Runnable" seed="1742541276" result="Passed" start-time="2026-05-08 10:59:23Z" end-time="2026-05-08 10:59:23Z" duration="0.011144" asserts="0">
                <properties />
              </test-case>
              <test-case id="1159" name="WallsFloorCollisionBoxesHaveVisibleDisplays" fullname="ArgusUnity.Tests.EditMode.HideAndSeekDesignBuilderTests.WallsFloorCollisionBoxesHaveVisibleDisplays" methodname="WallsFloorCollisionBoxesHaveVisibleDisplays" classname="ArgusUnity.Tests.EditMode.HideAndSeekDesignBuilderTests" runstate="Runnable" seed="471529634" result="Passed" start-time="2026-05-08 10:59:23Z" end-time="2026-05-08 10:59:23Z" duration="0.087744" asserts="0">
                <properties />
              </test-case>
            </test-suite>
            <test-suite type="TestFixture" id="1161" name="MiniBotAnimationLibraryTests" fullname="ArgusUnity.Tests.EditMode.MiniBotAnimationLibraryTests" classname="ArgusUnity.Tests.EditMode.MiniBotAnimationLibraryTests" runstate="Runnable" testcasecount="8" result="Passed" start-time="2026-05-08 10:59:23Z" end-time="2026-05-08 10:59:23Z" duration="0.030585" total="8" passed="8" failed="0" inconclusive="0" skipped="0" asserts="0">
              <properties />
              <test-case id="1166" name="ActionClipsAreNotInsertedIntoLocomotionBlendTree" fullname="ArgusUnity.Tests.EditMode.MiniBotAnimationLibraryTests.ActionClipsAreNotInsertedIntoLocomotionBlendTree" methodname="ActionClipsAreNotInsertedIntoLocomotionBlendTree" classname="ArgusUnity.Tests.EditMode.MiniBotAnimationLibraryTests" runstate="Runnable" seed="1514989356" result="Passed" start-time="2026-05-08 10:59:23Z" end-time="2026-05-08 10:59:23Z" duration="0.013799" asserts="0">
                <properties />
              </test-case>
              <test-case id="1168" name="AgentLocomotionDriverLogsProductionBriefcaseSources" fullname="ArgusUnity.Tests.EditMode.MiniBotAnimationLibraryTests.AgentLocomotionDriverLogsProductionBriefcaseSources" methodname="AgentLocomotionDriverLogsProductionBriefcaseSources" classname="ArgusUnity.Tests.EditMode.MiniBotAnimationLibraryTests" runstate="Runnable" seed="1480464253" result="Passed" start-time="2026-05-08 10:59:23Z" end-time="2026-05-08 10:59:23Z" duration="0.001554" asserts="0">
                <properties />
              </test-case>
              <test-case id="1167" name="AgentLocomotionDriverRemainsOnlyProductionAnimatorFloatWriter" fullname="ArgusUnity.Tests.EditMode.MiniBotAnimationLibraryTests.AgentLocomotionDriverRemainsOnlyProductionAnimatorFloatWriter" methodname="AgentLocomotionDriverRemainsOnlyProductionAnimatorFloatWriter" classname="ArgusUnity.Tests.EditMode.MiniBotAnimationLibraryTests" runstate="Runnable" seed="887561319" result="Passed" start-time="2026-05-08 10:59:23Z" end-time="2026-05-08 10:59:23Z" duration="0.010326" asserts="0">
                <properties />
              </test-case>
              <test-case id="1164" name="LocomotionBlendTreeUsesOnlyValidatedProductionMotions" fullname="ArgusUnity.Tests.EditMode.MiniBotAnimationLibraryTests.LocomotionBlendTreeUsesOnlyValidatedProductionMotions" methodname="LocomotionBlendTreeUsesOnlyValidatedProductionMotions" classname="ArgusUnity.Tests.EditMode.MiniBotAnimationLibraryTests" runstate="Runnable" seed="61625226" result="Passed" start-time="2026-05-08 10:59:23Z" end-time="2026-05-08 10:59:23Z" duration="0.000638" asserts="0">
                <properties />
              </test-case>
              <test-case id="1163" name="LocomotionControllerKeepsSpeedAndTurnParameters" fullname="ArgusUnity.Tests.EditMode.MiniBotAnimationLibraryTests.LocomotionControllerKeepsSpeedAndTurnParameters" methodname="LocomotionControllerKeepsSpeedAndTurnParameters" classname="ArgusUnity.Tests.EditMode.MiniBotAnimationLibraryTests" runstate="Runnable" seed="1015459085" result="Passed" start-time="2026-05-08 10:59:23Z" end-time="2026-05-08 10:59:23Z" duration="0.000328" asserts="0">
                <properties />
              </test-case>
              <test-case id="1162" name="PlanDocumentListsAllExpandedAnimationSourceFbx" fullname="ArgusUnity.Tests.EditMode.MiniBotAnimationLibraryTests.PlanDocumentListsAllExpandedAnimationSourceFbx" methodname="PlanDocumentListsAllExpandedAnimationSourceFbx" classname="ArgusUnity.Tests.EditMode.MiniBotAnimationLibraryTests" runstate="Runnable" seed="1010774635" result="Passed" start-time="2026-05-08 10:59:23Z" end-time="2026-05-08 10:59:23Z" duration="0.000534" asserts="0">
                <properties />
              </test-case>
              <test-case id="1169" name="PreviewDriverLabelsQuarantinedDiagnosticClips" fullname="ArgusUnity.Tests.EditMode.MiniBotAnimationLibraryTests.PreviewDriverLabelsQuarantinedDiagnosticClips" methodname="PreviewDriverLabelsQuarantinedDiagnosticClips" classname="ArgusUnity.Tests.EditMode.MiniBotAnimationLibraryTests" runstate="Runnable" seed="167271712" result="Passed" start-time="2026-05-08 10:59:23Z" end-time="2026-05-08 10:59:23Z" duration="0.000480" asserts="0">
                <properties />
              </test-case>
              <test-case id="1165" name="QuarantinedClipsAreNotInsertedIntoLocomotionBlendTree" fullname="ArgusUnity.Tests.EditMode.MiniBotAnimationLibraryTests.QuarantinedClipsAreNotInsertedIntoLocomotionBlendTree" methodname="QuarantinedClipsAreNotInsertedIntoLocomotionBlendTree" classname="ArgusUnity.Tests.EditMode.MiniBotAnimationLibraryTests" runstate="Runnable" seed="334084344" result="Passed" start-time="2026-05-08 10:59:23Z" end-time="2026-05-08 10:59:23Z" duration="0.000147" asserts="0">
                <properties />
              </test-case>
            </test-suite>
            <test-suite type="TestFixture" id="1170" name="SceneOrchestratorTests" fullname="ArgusUnity.Tests.EditMode.SceneOrchestratorTests" classname="ArgusUnity.Tests.EditMode.SceneOrchestratorTests" runstate="Runnable" testcasecount="4" result="Passed" start-time="2026-05-08 10:59:23Z" end-time="2026-05-08 10:59:23Z" duration="0.002292" total="4" passed="4" failed="0" inconclusive="0" skipped="0" asserts="0">
              <properties />
              <test-case id="1174" name="HandlerExceptionReturnsStructuredError" fullname="ArgusUnity.Tests.EditMode.SceneOrchestratorTests.HandlerExceptionReturnsStructuredError" methodname="HandlerExceptionReturnsStructuredError" classname="ArgusUnity.Tests.EditMode.SceneOrchestratorTests" runstate="Runnable" seed="1442121901" result="Passed" start-time="2026-05-08 10:59:23Z" end-time="2026-05-08 10:59:23Z" duration="0.000728" asserts="0">
                <properties />
              </test-case>
              <test-case id="1172" name="KnownButUnroutedTypeReturnsWarning" fullname="ArgusUnity.Tests.EditMode.SceneOrchestratorTests.KnownButUnroutedTypeReturnsWarning" methodname="KnownButUnroutedTypeReturnsWarning" classname="ArgusUnity.Tests.EditMode.SceneOrchestratorTests" runstate="Runnable" seed="1276279260" result="Passed" start-time="2026-05-08 10:59:23Z" end-time="2026-05-08 10:59:23Z" duration="0.000160" asserts="0">
                <properties />
              </test-case>
              <test-case id="1171" name="RoutesRequiredBridgeMessageTypes" fullname="ArgusUnity.Tests.EditMode.SceneOrchestratorTests.RoutesRequiredBridgeMessageTypes" methodname="RoutesRequiredBridgeMessageTypes" classname="ArgusUnity.Tests.EditMode.SceneOrchestratorTests" runstate="Runnable" seed="1316539437" result="Passed" start-time="2026-05-08 10:59:23Z" end-time="2026-05-08 10:59:23Z" duration="0.000482" asserts="0">
                <properties />
              </test-case>
              <test-case id="1173" name="UnknownTypeReturnsErrorWithoutThrowing" fullname="ArgusUnity.Tests.EditMode.SceneOrchestratorTests.UnknownTypeReturnsErrorWithoutThrowing" methodname="UnknownTypeReturnsErrorWithoutThrowing" classname="ArgusUnity.Tests.EditMode.SceneOrchestratorTests" runstate="Runnable" seed="723505519" result="Passed" start-time="2026-05-08 10:59:23Z" end-time="2026-05-08 10:59:23Z" duration="0.000120" asserts="0">
                <properties />
              </test-case>
            </test-suite>
          </test-suite>
        </test-suite>
      </test-suite>
    </test-suite>
  </test-suite>
</test-run>