<?xml version="1.0" encoding="utf-8"?>
<test-run id="2" testcasecount="60" result="Passed" total="60" passed="60" failed="0" inconclusive="0" skipped="0" asserts="0" engine-version="3.5.0.0" clr-version="4.0.30319.42000" start-time="2026-05-08 11:38:02Z" end-time="2026-05-08 11:38:03Z" duration="1.1104012">
  <test-suite type="TestSuite" id="1107" name="EmbodiedDebate" fullname="EmbodiedDebate" runstate="Runnable" testcasecount="79" result="Passed" start-time="2026-05-08 11:38:02Z" end-time="2026-05-08 11:38:03Z" duration="1.110401" total="60" passed="60" failed="0" inconclusive="0" skipped="0" asserts="0">
    <properties />
    <test-suite type="Assembly" id="1177" name="ArgusUnity.Tests.EditMode.dll" fullname="/Users/guribbong/code/Argus/unity/EmbodiedDebate/Library/ScriptAssemblies/ArgusUnity.Tests.EditMode.dll" runstate="Runnable" testcasecount="60" result="Passed" start-time="2026-05-08 11:38:02Z" end-time="2026-05-08 11:38:03Z" duration="1.100869" total="60" passed="60" failed="0" inconclusive="0" skipped="0" asserts="0">
      <properties>
        <property name="_PID" value="44114" />
        <property name="_APPDOMAIN" value="Unity Child Domain" />
        <property name="platform" value="EditMode" />
      </properties>
      <test-suite type="TestSuite" id="1178" name="ArgusUnity" fullname="ArgusUnity" runstate="Runnable" testcasecount="60" result="Passed" start-time="2026-05-08 11:38:02Z" end-time="2026-05-08 11:38:03Z" duration="1.100611" total="60" passed="60" failed="0" inconclusive="0" skipped="0" asserts="0">
        <properties />
        <test-suite type="TestSuite" id="1179" name="Tests" fullname="ArgusUnity.Tests" runstate="Runnable" testcasecount="60" result="Passed" start-time="2026-05-08 11:38:02Z" end-time="2026-05-08 11:38:03Z" duration="1.097088" total="60" passed="60" failed="0" inconclusive="0" skipped="0" asserts="0">
          <properties />
          <test-suite type="TestSuite" id="1180" name="EditMode" fullname="ArgusUnity.Tests.EditMode" runstate="Runnable" testcasecount="60" result="Passed" start-time="2026-05-08 11:38:02Z" end-time="2026-05-08 11:38:03Z" duration="1.093481" total="60" passed="60" failed="0" inconclusive="0" skipped="0" asserts="0">
            <properties />
            <test-suite type="TestFixture" id="1108" name="AgentInspectorFormatterTests" fullname="ArgusUnity.Tests.EditMode.AgentInspectorFormatterTests" classname="ArgusUnity.Tests.EditMode.AgentInspectorFormatterTests" runstate="Runnable" testcasecount="1" result="Passed" start-time="2026-05-08 11:38:02Z" end-time="2026-05-08 11:38:02Z" duration="0.018276" total="1" passed="1" failed="0" inconclusive="0" skipped="0" asserts="0">
              <properties />
              <test-case id="1109" name="DropsSensitiveNestedKeysBeyondAllowlist" fullname="ArgusUnity.Tests.EditMode.AgentInspectorFormatterTests.DropsSensitiveNestedKeysBeyondAllowlist" methodname="DropsSensitiveNestedKeysBeyondAllowlist" classname="ArgusUnity.Tests.EditMode.AgentInspectorFormatterTests" runstate="Runnable" seed="1438487669" result="Passed" start-time="2026-05-08 11:38:02Z" end-time="2026-05-08 11:38:02Z" duration="0.012520" asserts="0">
                <properties />
              </test-case>
            </test-suite>
            <test-suite type="TestFixture" id="1110" name="AgentLocomotionDriverTests" fullname="ArgusUnity.Tests.EditMode.AgentLocomotionDriverTests" classname="ArgusUnity.Tests.EditMode.AgentLocomotionDriverTests" runstate="Runnable" testcasecount="23" result="Passed" start-time="2026-05-08 11:38:02Z" end-time="2026-05-08 11:38:02Z" duration="0.019143" total="23" passed="23" failed="0" inconclusive="0" skipped="0" asserts="0">
              <properties />
              <test-case id="1133" name="AgentChildColliderIsIgnoredAsObstacle" fullname="ArgusUnity.Tests.EditMode.AgentLocomotionDriverTests.AgentChildColliderIsIgnoredAsObstacle" methodname="AgentChildColliderIsIgnoredAsObstacle" classname="ArgusUnity.Tests.EditMode.AgentLocomotionDriverTests" runstate="Runnable" seed="1874326379" result="Passed" start-time="2026-05-08 11:38:02Z" end-time="2026-05-08 11:38:02Z" duration="0.001926" asserts="0">
                <properties />
              </test-case>
              <test-case id="1122" name="BoundaryTurnaroundDirectionMovesInwardAndKeepsATangent" fullname="ArgusUnity.Tests.EditMode.AgentLocomotionDriverTests.BoundaryTurnaroundDirectionMovesInwardAndKeepsATangent" methodname="BoundaryTurnaroundDirectionMovesInwardAndKeepsATangent" classname="ArgusUnity.Tests.EditMode.AgentLocomotionDriverTests" runstate="Runnable" seed="514368885" result="Passed" start-time="2026-05-08 11:38:02Z" end-time="2026-05-08 11:38:02Z" duration="0.004324" asserts="0">
                <properties />
              </test-case>
              <test-case id="1120" name="ClampPlanarKeepsPositionInsideWalkableRoom" fullname="ArgusUnity.Tests.EditMode.AgentLocomotionDriverTests.ClampPlanarKeepsPositionInsideWalkableRoom" methodname="ClampPlanarKeepsPositionInsideWalkableRoom" classname="ArgusUnity.Tests.EditMode.AgentLocomotionDriverTests" runstate="Runnable" seed="1813273008" result="Passed" start-time="2026-05-08 11:38:02Z" end-time="2026-05-08 11:38:02Z" duration="0.000204" asserts="0">
                <properties />
              </test-case>
              <test-case id="1121" name="ClampPlanarWithInsetMovesPositionAwayFromBoundary" fullname="ArgusUnity.Tests.EditMode.AgentLocomotionDriverTests.ClampPlanarWithInsetMovesPositionAwayFromBoundary" methodname="ClampPlanarWithInsetMovesPositionAwayFromBoundary" classname="ArgusUnity.Tests.EditMode.AgentLocomotionDriverTests" runstate="Runnable" seed="1371831969" result="Passed" start-time="2026-05-08 11:38:02Z" end-time="2026-05-08 11:38:02Z" duration="0.000197" asserts="0">
                <properties />
              </test-case>
              <test-case id="1132" name="DynamicFurnitureColliderIsAvoidedAsObstacle" fullname="ArgusUnity.Tests.EditMode.AgentLocomotionDriverTests.DynamicFurnitureColliderIsAvoidedAsObstacle" methodname="DynamicFurnitureColliderIsAvoidedAsObstacle" classname="ArgusUnity.Tests.EditMode.AgentLocomotionDriverTests" runstate="Runnable" seed="1036640084" result="Passed" start-time="2026-05-08 11:38:02Z" end-time="2026-05-08 11:38:02Z" duration="0.001682" asserts="0">
                <properties />
              </test-case>
              <test-case id="1131" name="MaterialFactoryPrefersUrpShadersBeforeLegacyFallbacks" fullname="ArgusUnity.Tests.EditMode.AgentLocomotionDriverTests.MaterialFactoryPrefersUrpShadersBeforeLegacyFallbacks" methodname="MaterialFactoryPrefersUrpShadersBeforeLegacyFallbacks" classname="ArgusUnity.Tests.EditMode.AgentLocomotionDriverTests" runstate="Runnable" seed="706964973" result="Passed" start-time="2026-05-08 11:38:02Z" end-time="2026-05-08 11:38:02Z" duration="0.000132" asserts="0">
                <properties />
              </test-case>
              <test-case id="1119" name="MissingAnimatorParametersLogsWarning" fullname="ArgusUnity.Tests.EditMode.AgentLocomotionDriverTests.MissingAnimatorParametersLogsWarning" methodname="MissingAnimatorParametersLogsWarning" classname="ArgusUnity.Tests.EditMode.AgentLocomotionDriverTests" runstate="Runnable" seed="855839978" result="Passed" start-time="2026-05-08 11:38:02Z" end-time="2026-05-08 11:38:02Z" duration="0.004766" asserts="0">
                <properties />
                <output><![CDATA[The Animator Controller (MissingParamController) you have used is not valid. Animations will not play
AgentLocomotionDriver: Animator locomotion ready controller=MissingParamController, rootMotion=False, hasSpeed=False, hasTurn=False.
AgentLocomotionDriver: Animator parameter mismatch controller=MissingParamController, missingSpeed=True, missingTurn=True, expectedSpeed=Speed, expectedTurn=Turn.
]]></output>
              </test-case>
              <test-case id="1128" name="MovePlanarVelocityTowardsLimitsAcceleration" fullname="ArgusUnity.Tests.EditMode.AgentLocomotionDriverTests.MovePlanarVelocityTowardsLimitsAcceleration" methodname="MovePlanarVelocityTowardsLimitsAcceleration" classname="ArgusUnity.Tests.EditMode.AgentLocomotionDriverTests" runstate="Runnable" seed="788188750" result="Passed" start-time="2026-05-08 11:38:02Z" end-time="2026-05-08 11:38:02Z" duration="0.000277" asserts="0">
                <properties />
              </test-case>
              <test-case id="1129" name="MovePlanarVelocityTowardsUsesDecelerationWhenSlowing" fullname="ArgusUnity.Tests.EditMode.AgentLocomotionDriverTests.MovePlanarVelocityTowardsUsesDecelerationWhenSlowing" methodname="MovePlanarVelocityTowardsUsesDecelerationWhenSlowing" classname="ArgusUnity.Tests.EditMode.AgentLocomotionDriverTests" runstate="Runnable" seed="1368416351" result="Passed" start-time="2026-05-08 11:38:02Z" end-time="2026-05-08 11:38:02Z" duration="0.000116" asserts="0">
                <properties />
              </test-case>
              <test-case id="1111" name="PlanarSpeedIgnoresVerticalDelta" fullname="ArgusUnity.Tests.EditMode.AgentLocomotionDriverTests.PlanarSpeedIgnoresVerticalDelta" methodname="PlanarSpeedIgnoresVerticalDelta" classname="ArgusUnity.Tests.EditMode.AgentLocomotionDriverTests" runstate="Runnable" seed="163602400" result="Passed" start-time="2026-05-08 11:38:02Z" end-time="2026-05-08 11:38:02Z" duration="0.000099" asserts="0">
                <properties />
              </test-case>
              <test-case id="1125" name="ProjectPlanarVelocityAlongWallRemovesBlockedComponent" fullname="ArgusUnity.Tests.EditMode.AgentLocomotionDriverTests.ProjectPlanarVelocityAlongWallRemovesBlockedComponent" methodname="ProjectPlanarVelocityAlongWallRemovesBlockedComponent" classname="ArgusUnity.Tests.EditMode.AgentLocomotionDriverTests" runstate="Runnable" seed="1707633226" result="Passed" start-time="2026-05-08 11:38:02Z" end-time="2026-05-08 11:38:02Z" duration="0.000360" asserts="0">
                <properties />
              </test-case>
              <test-case id="1126" name="ProjectPlanarVelocityAlongWallStopsHeadOnWallDrive" fullname="ArgusUnity.Tests.EditMode.AgentLocomotionDriverTests.ProjectPlanarVelocityAlongWallStopsHeadOnWallDrive" methodname="ProjectPlanarVelocityAlongWallStopsHeadOnWallDrive" classname="ArgusUnity.Tests.EditMode.AgentLocomotionDriverTests" runstate="Runnable" seed="2000354131" result="Passed" start-time="2026-05-08 11:38:02Z" end-time="2026-05-08 11:38:02Z" duration="0.000877" asserts="0">
                <properties />
              </test-case>
              <test-case id="1130" name="RandomInteriorTargetStaysInsideBounds" fullname="ArgusUnity.Tests.EditMode.AgentLocomotionDriverTests.RandomInteriorTargetStaysInsideBounds" methodname="RandomInteriorTargetStaysInsideBounds" classname="ArgusUnity.Tests.EditMode.AgentLocomotionDriverTests" runstate="Runnable" seed="683507139" result="Passed" start-time="2026-05-08 11:38:02Z" end-time="2026-05-08 11:38:02Z" duration="0.000388" asserts="0">
                <properties />
              </test-case>
              <test-case id="1127" name="RemoveVelocityTowardClampStopsInsetBoundaryPush" fullname="ArgusUnity.Tests.EditMode.AgentLocomotionDriverTests.RemoveVelocityTowardClampStopsInsetBoundaryPush" methodname="RemoveVelocityTowardClampStopsInsetBoundaryPush" classname="ArgusUnity.Tests.EditMode.AgentLocomotionDriverTests" runstate="Runnable" seed="1432849872" result="Passed" start-time="2026-05-08 11:38:02Z" end-time="2026-05-08 11:38:02Z" duration="0.000150" asserts="0">
                <properties />
              </test-case>
              <test-case id="1112" name="ResolveMovingUsesStartStopHysteresis" fullname="ArgusUnity.Tests.EditMode.AgentLocomotionDriverTests.ResolveMovingUsesStartStopHysteresis" methodname="ResolveMovingUsesStartStopHysteresis" classname="ArgusUnity.Tests.EditMode.AgentLocomotionDriverTests" runstate="Runnable" seed="1446009786" result="Passed" start-time="2026-05-08 11:38:02Z" end-time="2026-05-08 11:38:02Z" duration="0.000117" asserts="0">
                <properties />
              </test-case>
              <test-case id="1118" name="ResolveTurnValueClampsToBlendTreeRange" fullname="ArgusUnity.Tests.EditMode.AgentLocomotionDriverTests.ResolveTurnValueClampsToBlendTreeRange" methodname="ResolveTurnValueClampsToBlendTreeRange" classname="ArgusUnity.Tests.EditMode.AgentLocomotionDriverTests" runstate="Runnable" seed="1129820492" result="Passed" start-time="2026-05-08 11:38:02Z" end-time="2026-05-08 11:38:02Z" duration="0.000165" asserts="0">
                <properties />
              </test-case>
              <test-case id="1117" name="ResolveTurnValueStopsWhenAgentStopsMoving" fullname="ArgusUnity.Tests.EditMode.AgentLocomotionDriverTests.ResolveTurnValueStopsWhenAgentStopsMoving" methodname="ResolveTurnValueStopsWhenAgentStopsMoving" classname="ArgusUnity.Tests.EditMode.AgentLocomotionDriverTests" runstate="Runnable" seed="521146816" result="Passed" start-time="2026-05-08 11:38:02Z" end-time="2026-05-08 11:38:02Z" duration="0.000057" asserts="0">
                <properties />
              </test-case>
              <test-case id="1116" name="ResolveTurnValueUsesHysteresisToAvoidFlicker" fullname="ArgusUnity.Tests.EditMode.AgentLocomotionDriverTests.ResolveTurnValueUsesHysteresisToAvoidFlicker" methodname="ResolveTurnValueUsesHysteresisToAvoidFlicker" classname="ArgusUnity.Tests.EditMode.AgentLocomotionDriverTests" runstate="Runnable" seed="1376785185" result="Passed" start-time="2026-05-08 11:38:02Z" end-time="2026-05-08 11:38:02Z" duration="0.000151" asserts="0">
                <properties />
              </test-case>
              <test-case id="1114" name="SignedYawDeltaMapsSideTurnsToBlendTreeTurn" fullname="ArgusUnity.Tests.EditMode.AgentLocomotionDriverTests.SignedYawDeltaMapsSideTurnsToBlendTreeTurn" methodname="SignedYawDeltaMapsSideTurnsToBlendTreeTurn" classname="ArgusUnity.Tests.EditMode.AgentLocomotionDriverTests" runstate="Runnable" seed="1121516479" result="Passed" start-time="2026-05-08 11:38:02Z" end-time="2026-05-08 11:38:02Z" duration="0.000145" asserts="0">
                <properties />
              </test-case>
              <test-case id="1115" name="SignedYawRateUsesActualRotationDeltaPerSecond" fullname="ArgusUnity.Tests.EditMode.AgentLocomotionDriverTests.SignedYawRateUsesActualRotationDeltaPerSecond" methodname="SignedYawRateUsesActualRotationDeltaPerSecond" classname="ArgusUnity.Tests.EditMode.AgentLocomotionDriverTests" runstate="Runnable" seed="728431618" result="Passed" start-time="2026-05-08 11:38:02Z" end-time="2026-05-08 11:38:02Z" duration="0.000116" asserts="0">
                <properties />
              </test-case>
              <test-case id="1124" name="WallContactRecoveryChoosesSideThatMovesAwayFromSideWall" fullname="ArgusUnity.Tests.EditMode.AgentLocomotionDriverTests.WallContactRecoveryChoosesSideThatMovesAwayFromSideWall" methodname="WallContactRecoveryChoosesSideThatMovesAwayFromSideWall" classname="ArgusUnity.Tests.EditMode.AgentLocomotionDriverTests" runstate="Runnable" seed="2102269388" result="Passed" start-time="2026-05-08 11:38:02Z" end-time="2026-05-08 11:38:02Z" duration="0.000648" asserts="0">
                <properties />
              </test-case>
              <test-case id="1123" name="WallContactRecoveryTurnsNinetyDegreesWithInwardBias" fullname="ArgusUnity.Tests.EditMode.AgentLocomotionDriverTests.WallContactRecoveryTurnsNinetyDegreesWithInwardBias" methodname="WallContactRecoveryTurnsNinetyDegreesWithInwardBias" classname="ArgusUnity.Tests.EditMode.AgentLocomotionDriverTests" runstate="Runnable" seed="1352101375" result="Passed" start-time="2026-05-08 11:38:02Z" end-time="2026-05-08 11:38:02Z" duration="0.000222" asserts="0">
                <properties />
              </test-case>
              <test-case id="1113" name="YawFromPlanarDirectionUsesUnityForwardAxis" fullname="ArgusUnity.Tests.EditMode.AgentLocomotionDriverTests.YawFromPlanarDirectionUsesUnityForwardAxis" methodname="YawFromPlanarDirectionUsesUnityForwardAxis" classname="ArgusUnity.Tests.EditMode.AgentLocomotionDriverTests" runstate="Runnable" seed="563694353" result="Passed" start-time="2026-05-08 11:38:02Z" end-time="2026-05-08 11:38:02Z" duration="0.000160" asserts="0">
                <properties />
              </test-case>
            </test-suite>
            <test-suite type="TestFixture" id="1134" name="AnimationStateMapperTests" fullname="ArgusUnity.Tests.EditMode.AnimationStateMapperTests" classname="ArgusUnity.Tests.EditMode.AnimationStateMapperTests" runstate="Runnable" testcasecount="12" result="Passed" start-time="2026-05-08 11:38:02Z" end-time="2026-05-08 11:38:02Z" duration="0.006886" total="12" passed="12" failed="0" inconclusive="0" skipped="0" asserts="0">
              <properties />
              <test-case id="1147" name="EmptyActionFallsBackToIdleWarning" fullname="ArgusUnity.Tests.EditMode.AnimationStateMapperTests.EmptyActionFallsBackToIdleWarning" methodname="EmptyActionFallsBackToIdleWarning" classname="ArgusUnity.Tests.EditMode.AnimationStateMapperTests" runstate="Runnable" seed="1609992987" result="Passed" start-time="2026-05-08 11:38:02Z" end-time="2026-05-08 11:38:02Z" duration="0.000726" asserts="0">
                <properties />
              </test-case>
              <test-suite type="ParameterizedMethod" id="1145" name="KnownActionsMapToConfiguredClips" fullname="ArgusUnity.Tests.EditMode.AnimationStateMapperTests.KnownActionsMapToConfiguredClips" classname="ArgusUnity.Tests.EditMode.AnimationStateMapperTests" runstate="Runnable" testcasecount="10" result="Passed" start-time="2026-05-08 11:38:02Z" end-time="2026-05-08 11:38:02Z" duration="0.001566" total="10" passed="10" failed="0" inconclusive="0" skipped="0" asserts="0">
                <properties />
                <test-case id="1135" name="KnownActionsMapToConfiguredClips(&quot;idle&quot;,&quot;IdleClip&quot;)" fullname="ArgusUnity.Tests.EditMode.AnimationStateMapperTests.KnownActionsMapToConfiguredClips(&quot;idle&quot;,&quot;IdleClip&quot;)" methodname="KnownActionsMapToConfiguredClips" classname="ArgusUnity.Tests.EditMode.AnimationStateMapperTests" runstate="Runnable" seed="1069179407" result="Passed" start-time="2026-05-08 11:38:02Z" end-time="2026-05-08 11:38:02Z" duration="0.000313" asserts="0">
                  <properties />
                </test-case>
                <test-case id="1136" name="KnownActionsMapToConfiguredClips(&quot;walk&quot;,&quot;WalkClip&quot;)" fullname="ArgusUnity.Tests.EditMode.AnimationStateMapperTests.KnownActionsMapToConfiguredClips(&quot;walk&quot;,&quot;WalkClip&quot;)" methodname="KnownActionsMapToConfiguredClips" classname="ArgusUnity.Tests.EditMode.AnimationStateMapperTests" runstate="Runnable" seed="1584279356" result="Passed" start-time="2026-05-08 11:38:02Z" end-time="2026-05-08 11:38:02Z" duration="0.000057" asserts="0">
                  <properties />
                </test-case>
                <test-case id="1137" name="KnownActionsMapToConfiguredClips(&quot;run&quot;,&quot;RunClip&quot;)" fullname="ArgusUnity.Tests.EditMode.AnimationStateMapperTests.KnownActionsMapToConfiguredClips(&quot;run&quot;,&quot;RunClip&quot;)" methodname="KnownActionsMapToConfiguredClips" classname="ArgusUnity.Tests.EditMode.AnimationStateMapperTests" runstate="Runnable" seed="586399290" result="Passed" start-time="2026-05-08 11:38:02Z" end-time="2026-05-08 11:38:02Z" duration="0.000052" asserts="0">
                  <properties />
                </test-case>
                <test-case id="1138" name="KnownActionsMapToConfiguredClips(&quot;speak&quot;,&quot;SpeakClip&quot;)" fullname="ArgusUnity.Tests.EditMode.AnimationStateMapperTests.KnownActionsMapToConfiguredClips(&quot;speak&quot;,&quot;SpeakClip&quot;)" methodname="KnownActionsMapToConfiguredClips" classname="ArgusUnity.Tests.EditMode.AnimationStateMapperTests" runstate="Runnable" seed="204170402" result="Passed" start-time="2026-05-08 11:38:02Z" end-time="2026-05-08 11:38:02Z" duration="0.000046" asserts="0">
                  <properties />
                </test-case>
                <test-case id="1139" name="KnownActionsMapToConfiguredClips(&quot;argue&quot;,&quot;ArgueClip&quot;)" fullname="ArgusUnity.Tests.EditMode.AnimationStateMapperTests.KnownActionsMapToConfiguredClips(&quot;argue&quot;,&quot;ArgueClip&quot;)" methodname="KnownActionsMapToConfiguredClips" classname="ArgusUnity.Tests.EditMode.AnimationStateMapperTests" runstate="Runnable" seed="2125956621" result="Passed" start-time="2026-05-08 11:38:02Z" end-time="2026-05-08 11:38:02Z" duration="0.000048" asserts="0">
                  <properties />
                </test-case>
                <test-case id="1140" name="KnownActionsMapToConfiguredClips(&quot;push&quot;,&quot;PushClip&quot;)" fullname="ArgusUnity.Tests.EditMode.AnimationStateMapperTests.KnownActionsMapToConfiguredClips(&quot;push&quot;,&quot;PushClip&quot;)" methodname="KnownActionsMapToConfiguredClips" classname="ArgusUnity.Tests.EditMode.AnimationStateMapperTests" runstate="Runnable" seed="683161099" result="Passed" start-time="2026-05-08 11:38:02Z" end-time="2026-05-08 11:38:02Z" duration="0.000046" asserts="0">
                  <properties />
                </test-case>
                <test-case id="1141" name="KnownActionsMapToConfiguredClips(&quot;block&quot;,&quot;BlockClip&quot;)" fullname="ArgusUnity.Tests.EditMode.AnimationStateMapperTests.KnownActionsMapToConfiguredClips(&quot;block&quot;,&quot;BlockClip&quot;)" methodname="KnownActionsMapToConfiguredClips" classname="ArgusUnity.Tests.EditMode.AnimationStateMapperTests" runstate="Runnable" seed="1953297102" result="Passed" start-time="2026-05-08 11:38:02Z" end-time="2026-05-08 11:38:02Z" duration="0.000043" asserts="0">
                  <properties />
                </test-case>
                <test-case id="1142" name="KnownActionsMapToConfiguredClips(&quot;stumble&quot;,&quot;StumbleClip&quot;)" fullname="ArgusUnity.Tests.EditMode.AnimationStateMapperTests.KnownActionsMapToConfiguredClips(&quot;stumble&quot;,&quot;StumbleClip&quot;)" methodname="KnownActionsMapToConfiguredClips" classname="ArgusUnity.Tests.EditMode.AnimationStateMapperTests" runstate="Runnable" seed="981782812" result="Passed" start-time="2026-05-08 11:38:02Z" end-time="2026-05-08 11:38:02Z" duration="0.000045" asserts="0">
                  <properties />
                </test-case>
                <test-case id="1143" name="KnownActionsMapToConfiguredClips(&quot;fall&quot;,&quot;FallClip&quot;)" fullname="ArgusUnity.Tests.EditMode.AnimationStateMapperTests.KnownActionsMapToConfiguredClips(&quot;fall&quot;,&quot;FallClip&quot;)" methodname="KnownActionsMapToConfiguredClips" classname="ArgusUnity.Tests.EditMode.AnimationStateMapperTests" runstate="Runnable" seed="869593386" result="Passed" start-time="2026-05-08 11:38:02Z" end-time="2026-05-08 11:38:02Z" duration="0.000058" asserts="0">
                  <properties />
                </test-case>
                <test-case id="1144" name="KnownActionsMapToConfiguredClips(&quot;recover&quot;,&quot;RecoverClip&quot;)" fullname="ArgusUnity.Tests.EditMode.AnimationStateMapperTests.KnownActionsMapToConfiguredClips(&quot;recover&quot;,&quot;RecoverClip&quot;)" methodname="KnownActionsMapToConfiguredClips" classname="ArgusUnity.Tests.EditMode.AnimationStateMapperTests" runstate="Runnable" seed="886762471" result="Passed" start-time="2026-05-08 11:38:02Z" end-time="2026-05-08 11:38:02Z" duration="0.000048" asserts="0">
                  <properties />
                </test-case>
              </test-suite>
              <test-case id="1146" name="UnknownActionFallsBackToIdleWarning" fullname="ArgusUnity.Tests.EditMode.AnimationStateMapperTests.UnknownActionFallsBackToIdleWarning" methodname="UnknownActionFallsBackToIdleWarning" classname="ArgusUnity.Tests.EditMode.AnimationStateMapperTests" runstate="Runnable" seed="270644839" result="Passed" start-time="2026-05-08 11:38:02Z" end-time="2026-05-08 11:38:02Z" duration="0.000098" asserts="0">
                <properties />
              </test-case>
            </test-suite>
            <test-suite type="TestFixture" id="1148" name="BridgeEnvelopeTests" fullname="ArgusUnity.Tests.EditMode.BridgeEnvelopeTests" classname="ArgusUnity.Tests.EditMode.BridgeEnvelopeTests" runstate="Runnable" testcasecount="4" result="Passed" start-time="2026-05-08 11:38:02Z" end-time="2026-05-08 11:38:02Z" duration="0.053627" total="4" passed="4" failed="0" inconclusive="0" skipped="0" asserts="0">
              <properties />
              <test-case id="1150" name="MalformedJsonReturnsStructuredError" fullname="ArgusUnity.Tests.EditMode.BridgeEnvelopeTests.MalformedJsonReturnsStructuredError" methodname="MalformedJsonReturnsStructuredError" classname="ArgusUnity.Tests.EditMode.BridgeEnvelopeTests" runstate="Runnable" seed="2053674057" result="Passed" start-time="2026-05-08 11:38:02Z" end-time="2026-05-08 11:38:02Z" duration="0.028331" asserts="0">
                <properties />
              </test-case>
              <test-case id="1149" name="ParseValidEnvelopePreservesPayload" fullname="ArgusUnity.Tests.EditMode.BridgeEnvelopeTests.ParseValidEnvelopePreservesPayload" methodname="ParseValidEnvelopePreservesPayload" classname="ArgusUnity.Tests.EditMode.BridgeEnvelopeTests" runstate="Runnable" seed="289164316" result="Passed" start-time="2026-05-08 11:38:02Z" end-time="2026-05-08 11:38:02Z" duration="0.014299" asserts="0">
                <properties />
              </test-case>
              <test-case id="1152" name="UnityAckUsesExpectedPayloadShape" fullname="ArgusUnity.Tests.EditMode.BridgeEnvelopeTests.UnityAckUsesExpectedPayloadShape" methodname="UnityAckUsesExpectedPayloadShape" classname="ArgusUnity.Tests.EditMode.BridgeEnvelopeTests" runstate="Runnable" seed="1120789383" result="Passed" start-time="2026-05-08 11:38:02Z" end-time="2026-05-08 11:38:02Z" duration="0.007861" asserts="0">
                <properties />
              </test-case>
              <test-case id="1151" name="UnknownMessageTypeIsPreservedForCallerHandling" fullname="ArgusUnity.Tests.EditMode.BridgeEnvelopeTests.UnknownMessageTypeIsPreservedForCallerHandling" methodname="UnknownMessageTypeIsPreservedForCallerHandling" classname="ArgusUnity.Tests.EditMode.BridgeEnvelopeTests" runstate="Runnable" seed="1854824790" result="Passed" start-time="2026-05-08 11:38:02Z" end-time="2026-05-08 11:38:02Z" duration="0.000324" asserts="0">
                <properties />
              </test-case>
            </test-suite>
            <test-suite type="TestFixture" id="1153" name="BridgePresentationParsingTests" fullname="ArgusUnity.Tests.EditMode.BridgePresentationParsingTests" classname="ArgusUnity.Tests.EditMode.BridgePresentationParsingTests" runstate="Runnable" testcasecount="5" result="Passed" start-time="2026-05-08 11:38:02Z" end-time="2026-05-08 11:38:02Z" duration="0.004678" total="5" passed="5" failed="0" inconclusive="0" skipped="0" asserts="0">
              <properties />
              <test-case id="1158" name="ConflictUpdateNormalizesStageCase" fullname="ArgusUnity.Tests.EditMode.BridgePresentationParsingTests.ConflictUpdateNormalizesStageCase" methodname="ConflictUpdateNormalizesStageCase" classname="ArgusUnity.Tests.EditMode.BridgePresentationParsingTests" runstate="Runnable" seed="1171190188" result="Passed" start-time="2026-05-08 11:38:02Z" end-time="2026-05-08 11:38:02Z" duration="0.001719" asserts="0">
                <properties />
              </test-case>
              <test-case id="1154" name="DialogueParsingExtractsSpeakerTextAndDuration" fullname="ArgusUnity.Tests.EditMode.BridgePresentationParsingTests.DialogueParsingExtractsSpeakerTextAndDuration" methodname="DialogueParsingExtractsSpeakerTextAndDuration" classname="ArgusUnity.Tests.EditMode.BridgePresentationParsingTests" runstate="Runnable" seed="1991269909" result="Passed" start-time="2026-05-08 11:38:02Z" end-time="2026-05-08 11:38:02Z" duration="0.000711" asserts="0">
                <properties />
              </test-case>
              <test-case id="1156" name="DialogueTruncationAppendsEllipsis" fullname="ArgusUnity.Tests.EditMode.BridgePresentationParsingTests.DialogueTruncationAppendsEllipsis" methodname="DialogueTruncationAppendsEllipsis" classname="ArgusUnity.Tests.EditMode.BridgePresentationParsingTests" runstate="Runnable" seed="1662061776" result="Passed" start-time="2026-05-08 11:38:02Z" end-time="2026-05-08 11:38:02Z" duration="0.000744" asserts="0">
                <properties />
              </test-case>
              <test-case id="1155" name="EmotionParsingExtractsIntensity" fullname="ArgusUnity.Tests.EditMode.BridgePresentationParsingTests.EmotionParsingExtractsIntensity" methodname="EmotionParsingExtractsIntensity" classname="ArgusUnity.Tests.EditMode.BridgePresentationParsingTests" runstate="Runnable" seed="1963104396" result="Passed" start-time="2026-05-08 11:38:02Z" end-time="2026-05-08 11:38:02Z" duration="0.000369" asserts="0">
                <properties />
              </test-case>
              <test-case id="1157" name="GroupUpdateParsingReadsMembers" fullname="ArgusUnity.Tests.EditMode.BridgePresentationParsingTests.GroupUpdateParsingReadsMembers" methodname="GroupUpdateParsingReadsMembers" classname="ArgusUnity.Tests.EditMode.BridgePresentationParsingTests" runstate="Runnable" seed="1910575324" result="Passed" start-time="2026-05-08 11:38:02Z" end-time="2026-05-08 11:38:02Z" duration="0.000320" asserts="0">
                <properties />
              </test-case>
            </test-suite>
            <test-suite type="TestFixture" id="1159" name="HideAndSeekDesignBuilderTests" fullname="ArgusUnity.Tests.EditMode.HideAndSeekDesignBuilderTests" classname="ArgusUnity.Tests.EditMode.HideAndSeekDesignBuilderTests" runstate="Runnable" testcasecount="3" result="Passed" start-time="2026-05-08 11:38:02Z" end-time="2026-05-08 11:38:03Z" duration="0.959989" total="3" passed="3" failed="0" inconclusive="0" skipped="0" asserts="0">
              <properties />
              <test-case id="1161" name="ActiveFurnitureAndMiniBotPhysicsAreDynamic" fullname="ArgusUnity.Tests.EditMode.HideAndSeekDesignBuilderTests.ActiveFurnitureAndMiniBotPhysicsAreDynamic" methodname="ActiveFurnitureAndMiniBotPhysicsAreDynamic" classname="ArgusUnity.Tests.EditMode.HideAndSeekDesignBuilderTests" runstate="Runnable" seed="2077077402" result="Passed" start-time="2026-05-08 11:38:02Z" end-time="2026-05-08 11:38:02Z" duration="0.007787" asserts="0">
                <properties />
              </test-case>
              <test-case id="1162" name="KeyboardTestMiniBotIsRedDynamicAndKeyboardControlled" fullname="ArgusUnity.Tests.EditMode.HideAndSeekDesignBuilderTests.KeyboardTestMiniBotIsRedDynamicAndKeyboardControlled" methodname="KeyboardTestMiniBotIsRedDynamicAndKeyboardControlled" classname="ArgusUnity.Tests.EditMode.HideAndSeekDesignBuilderTests" runstate="Runnable" seed="725636837" result="Passed" start-time="2026-05-08 11:38:02Z" end-time="2026-05-08 11:38:03Z" duration="0.945934" asserts="0">
                <properties />
              </test-case>
              <test-case id="1160" name="WallsFloorCollisionBoxesHaveVisibleDisplays" fullname="ArgusUnity.Tests.EditMode.HideAndSeekDesignBuilderTests.WallsFloorCollisionBoxesHaveVisibleDisplays" methodname="WallsFloorCollisionBoxesHaveVisibleDisplays" classname="ArgusUnity.Tests.EditMode.HideAndSeekDesignBuilderTests" runstate="Runnable" seed="1146795860" result="Passed" start-time="2026-05-08 11:38:03Z" end-time="2026-05-08 11:38:03Z" duration="0.005485" asserts="0">
                <properties />
              </test-case>
            </test-suite>
            <test-suite type="TestFixture" id="1163" name="MiniBotAnimationLibraryTests" fullname="ArgusUnity.Tests.EditMode.MiniBotAnimationLibraryTests" classname="ArgusUnity.Tests.EditMode.MiniBotAnimationLibraryTests" runstate="Runnable" testcasecount="8" result="Passed" start-time="2026-05-08 11:38:03Z" end-time="2026-05-08 11:38:03Z" duration="0.023220" total="8" passed="8" failed="0" inconclusive="0" skipped="0" asserts="0">
              <properties />
              <test-case id="1168" name="ActionClipsAreNotInsertedIntoLocomotionBlendTree" fullname="ArgusUnity.Tests.EditMode.MiniBotAnimationLibraryTests.ActionClipsAreNotInsertedIntoLocomotionBlendTree" methodname="ActionClipsAreNotInsertedIntoLocomotionBlendTree" classname="ArgusUnity.Tests.EditMode.MiniBotAnimationLibraryTests" runstate="Runnable" seed="289053641" result="Passed" start-time="2026-05-08 11:38:03Z" end-time="2026-05-08 11:38:03Z" duration="0.002571" asserts="0">
                <properties />
              </test-case>
              <test-case id="1170" name="AgentLocomotionDriverLogsProductionBriefcaseSources" fullname="ArgusUnity.Tests.EditMode.MiniBotAnimationLibraryTests.AgentLocomotionDriverLogsProductionBriefcaseSources" methodname="AgentLocomotionDriverLogsProductionBriefcaseSources" classname="ArgusUnity.Tests.EditMode.MiniBotAnimationLibraryTests" runstate="Runnable" seed="1559220417" result="Passed" start-time="2026-05-08 11:38:03Z" end-time="2026-05-08 11:38:03Z" duration="0.001635" asserts="0">
                <properties />
              </test-case>
              <test-case id="1169" name="AgentLocomotionDriverRemainsOnlyProductionAnimatorFloatWriter" fullname="ArgusUnity.Tests.EditMode.MiniBotAnimationLibraryTests.AgentLocomotionDriverRemainsOnlyProductionAnimatorFloatWriter" methodname="AgentLocomotionDriverRemainsOnlyProductionAnimatorFloatWriter" classname="ArgusUnity.Tests.EditMode.MiniBotAnimationLibraryTests" runstate="Runnable" seed="1576348217" result="Passed" start-time="2026-05-08 11:38:03Z" end-time="2026-05-08 11:38:03Z" duration="0.012478" asserts="0">
                <properties />
              </test-case>
              <test-case id="1166" name="LocomotionBlendTreeUsesOnlyValidatedProductionMotions" fullname="ArgusUnity.Tests.EditMode.MiniBotAnimationLibraryTests.LocomotionBlendTreeUsesOnlyValidatedProductionMotions" methodname="LocomotionBlendTreeUsesOnlyValidatedProductionMotions" classname="ArgusUnity.Tests.EditMode.MiniBotAnimationLibraryTests" runstate="Runnable" seed="730652206" result="Passed" start-time="2026-05-08 11:38:03Z" end-time="2026-05-08 11:38:03Z" duration="0.000873" asserts="0">
                <properties />
              </test-case>
              <test-case id="1165" name="LocomotionControllerKeepsSpeedAndTurnParameters" fullname="ArgusUnity.Tests.EditMode.MiniBotAnimationLibraryTests.LocomotionControllerKeepsSpeedAndTurnParameters" methodname="LocomotionControllerKeepsSpeedAndTurnParameters" classname="ArgusUnity.Tests.EditMode.MiniBotAnimationLibraryTests" runstate="Runnable" seed="915685120" result="Passed" start-time="2026-05-08 11:38:03Z" end-time="2026-05-08 11:38:03Z" duration="0.000411" asserts="0">
                <properties />
              </test-case>
              <test-case id="1164" name="PlanDocumentListsAllExpandedAnimationSourceFbx" fullname="ArgusUnity.Tests.EditMode.MiniBotAnimationLibraryTests.PlanDocumentListsAllExpandedAnimationSourceFbx" methodname="PlanDocumentListsAllExpandedAnimationSourceFbx" classname="ArgusUnity.Tests.EditMode.MiniBotAnimationLibraryTests" runstate="Runnable" seed="480222098" result="Passed" start-time="2026-05-08 11:38:03Z" end-time="2026-05-08 11:38:03Z" duration="0.000556" asserts="0">
                <properties />
              </test-case>
              <test-case id="1171" name="PreviewDriverLabelsQuarantinedDiagnosticClips" fullname="ArgusUnity.Tests.EditMode.MiniBotAnimationLibraryTests.PreviewDriverLabelsQuarantinedDiagnosticClips" methodname="PreviewDriverLabelsQuarantinedDiagnosticClips" classname="ArgusUnity.Tests.EditMode.MiniBotAnimationLibraryTests" runstate="Runnable" seed="1290428831" result="Passed" start-time="2026-05-08 11:38:03Z" end-time="2026-05-08 11:38:03Z" duration="0.000533" asserts="0">
                <properties />
              </test-case>
              <test-case id="1167" name="QuarantinedClipsAreNotInsertedIntoLocomotionBlendTree" fullname="ArgusUnity.Tests.EditMode.MiniBotAnimationLibraryTests.QuarantinedClipsAreNotInsertedIntoLocomotionBlendTree" methodname="QuarantinedClipsAreNotInsertedIntoLocomotionBlendTree" classname="ArgusUnity.Tests.EditMode.MiniBotAnimationLibraryTests" runstate="Runnable" seed="310789670" result="Passed" start-time="2026-05-08 11:38:03Z" end-time="2026-05-08 11:38:03Z" duration="0.000179" asserts="0">
                <properties />
              </test-case>
            </test-suite>
            <test-suite type="TestFixture" id="1172" name="SceneOrchestratorTests" fullname="ArgusUnity.Tests.EditMode.SceneOrchestratorTests" classname="ArgusUnity.Tests.EditMode.SceneOrchestratorTests" runstate="Runnable" testcasecount="4" result="Passed" start-time="2026-05-08 11:38:03Z" end-time="2026-05-08 11:38:03Z" duration="0.003041" total="4" passed="4" failed="0" inconclusive="0" skipped="0" asserts="0">
              <properties />
              <test-case id="1176" name="HandlerExceptionReturnsStructuredError" fullname="ArgusUnity.Tests.EditMode.SceneOrchestratorTests.HandlerExceptionReturnsStructuredError" methodname="HandlerExceptionReturnsStructuredError" classname="ArgusUnity.Tests.EditMode.SceneOrchestratorTests" runstate="Runnable" seed="1839211443" result="Passed" start-time="2026-05-08 11:38:03Z" end-time="2026-05-08 11:38:03Z" duration="0.000808" asserts="0">
                <properties />
              </test-case>
              <test-case id="1174" name="KnownButUnroutedTypeReturnsWarning" fullname="ArgusUnity.Tests.EditMode.SceneOrchestratorTests.KnownButUnroutedTypeReturnsWarning" methodname="KnownButUnroutedTypeReturnsWarning" classname="ArgusUnity.Tests.EditMode.SceneOrchestratorTests" runstate="Runnable" seed="453335837" result="Passed" start-time="2026-05-08 11:38:03Z" end-time="2026-05-08 11:38:03Z" duration="0.000171" asserts="0">
                <properties />
              </test-case>
              <test-case id="1173" name="RoutesRequiredBridgeMessageTypes" fullname="ArgusUnity.Tests.EditMode.SceneOrchestratorTests.RoutesRequiredBridgeMessageTypes" methodname="RoutesRequiredBridgeMessageTypes" classname="ArgusUnity.Tests.EditMode.SceneOrchestratorTests" runstate="Runnable" seed="283961467" result="Passed" start-time="2026-05-08 11:38:03Z" end-time="2026-05-08 11:38:03Z" duration="0.000543" asserts="0">
                <properties />
              </test-case>
              <test-case id="1175" name="UnknownTypeReturnsErrorWithoutThrowing" fullname="ArgusUnity.Tests.EditMode.SceneOrchestratorTests.UnknownTypeReturnsErrorWithoutThrowing" methodname="UnknownTypeReturnsErrorWithoutThrowing" classname="ArgusUnity.Tests.EditMode.SceneOrchestratorTests" runstate="Runnable" seed="1225736771" result="Passed" start-time="2026-05-08 11:38:03Z" end-time="2026-05-08 11:38:03Z" duration="0.000157" asserts="0">
                <properties />
              </test-case>
            </test-suite>
          </test-suite>
        </test-suite>
      </test-suite>
    </test-suite>
  </test-suite>
</test-run>