<?xml version="1.0" encoding="utf-8"?>
<test-run id="2" testcasecount="85" result="Passed" total="85" passed="85" failed="0" inconclusive="0" skipped="0" asserts="0" engine-version="3.5.0.0" clr-version="4.0.30319.42000" start-time="2026-05-08 11:59:46Z" end-time="2026-05-08 11:59:47Z" duration="1.2575307">
  <test-suite type="TestSuite" id="1113" name="EmbodiedDebate" fullname="EmbodiedDebate" runstate="Runnable" testcasecount="85" result="Passed" start-time="2026-05-08 11:59:46Z" end-time="2026-05-08 11:59:47Z" duration="1.257531" total="85" passed="85" failed="0" inconclusive="0" skipped="0" asserts="0">
    <properties />
    <test-suite type="Assembly" id="1189" name="ArgusUnity.Tests.EditMode.dll" fullname="/Users/guribbong/code/Argus/unity/EmbodiedDebate/Library/ScriptAssemblies/ArgusUnity.Tests.EditMode.dll" runstate="Runnable" testcasecount="66" result="Passed" start-time="2026-05-08 11:59:46Z" end-time="2026-05-08 11:59:47Z" duration="1.177275" total="66" passed="66" failed="0" inconclusive="0" skipped="0" asserts="0">
      <properties>
        <property name="_PID" value="67053" />
        <property name="_APPDOMAIN" value="Unity Child Domain" />
        <property name="platform" value="EditMode" />
      </properties>
      <test-suite type="TestSuite" id="1190" name="ArgusUnity" fullname="ArgusUnity" runstate="Runnable" testcasecount="66" result="Passed" start-time="2026-05-08 11:59:46Z" end-time="2026-05-08 11:59:47Z" duration="1.176955" total="66" passed="66" failed="0" inconclusive="0" skipped="0" asserts="0">
        <properties />
        <test-suite type="TestSuite" id="1191" name="Tests" fullname="ArgusUnity.Tests" runstate="Runnable" testcasecount="66" result="Passed" start-time="2026-05-08 11:59:46Z" end-time="2026-05-08 11:59:47Z" duration="1.173451" total="66" passed="66" failed="0" inconclusive="0" skipped="0" asserts="0">
          <properties />
          <test-suite type="TestSuite" id="1192" name="EditMode" fullname="ArgusUnity.Tests.EditMode" runstate="Runnable" testcasecount="66" result="Passed" start-time="2026-05-08 11:59:46Z" end-time="2026-05-08 11:59:47Z" duration="1.169750" total="66" passed="66" failed="0" inconclusive="0" skipped="0" asserts="0">
            <properties />
            <test-suite type="TestFixture" id="1114" name="AgentInspectorFormatterTests" fullname="ArgusUnity.Tests.EditMode.AgentInspectorFormatterTests" classname="ArgusUnity.Tests.EditMode.AgentInspectorFormatterTests" runstate="Runnable" testcasecount="1" result="Passed" start-time="2026-05-08 11:59:46Z" end-time="2026-05-08 11:59:46Z" duration="0.019097" total="1" passed="1" failed="0" inconclusive="0" skipped="0" asserts="0">
              <properties />
              <test-case id="1115" name="DropsSensitiveNestedKeysBeyondAllowlist" fullname="ArgusUnity.Tests.EditMode.AgentInspectorFormatterTests.DropsSensitiveNestedKeysBeyondAllowlist" methodname="DropsSensitiveNestedKeysBeyondAllowlist" classname="ArgusUnity.Tests.EditMode.AgentInspectorFormatterTests" runstate="Runnable" seed="1918423252" result="Passed" start-time="2026-05-08 11:59:46Z" end-time="2026-05-08 11:59:46Z" duration="0.013050" asserts="0">
                <properties />
              </test-case>
            </test-suite>
            <test-suite type="TestFixture" id="1116" name="AgentLocomotionDriverTests" fullname="ArgusUnity.Tests.EditMode.AgentLocomotionDriverTests" classname="ArgusUnity.Tests.EditMode.AgentLocomotionDriverTests" runstate="Runnable" testcasecount="27" result="Passed" start-time="2026-05-08 11:59:46Z" end-time="2026-05-08 11:59:46Z" duration="0.023960" total="27" passed="27" failed="0" inconclusive="0" skipped="0" asserts="0">
              <properties />
              <test-case id="1143" name="AgentChildColliderIsIgnoredAsObstacle" fullname="ArgusUnity.Tests.EditMode.AgentLocomotionDriverTests.AgentChildColliderIsIgnoredAsObstacle" methodname="AgentChildColliderIsIgnoredAsObstacle" classname="ArgusUnity.Tests.EditMode.AgentLocomotionDriverTests" runstate="Runnable" seed="1604014146" result="Passed" start-time="2026-05-08 11:59:46Z" end-time="2026-05-08 11:59:46Z" duration="0.002129" asserts="0">
                <properties />
              </test-case>
              <test-case id="1122" name="AnimationTurnInputUsesHeadingDeltaInsteadOfYawRateSpike" fullname="ArgusUnity.Tests.EditMode.AgentLocomotionDriverTests.AnimationTurnInputUsesHeadingDeltaInsteadOfYawRateSpike" methodname="AnimationTurnInputUsesHeadingDeltaInsteadOfYawRateSpike" classname="ArgusUnity.Tests.EditMode.AgentLocomotionDriverTests" runstate="Runnable" seed="1560406984" result="Passed" start-time="2026-05-08 11:59:46Z" end-time="2026-05-08 11:59:46Z" duration="0.002338" asserts="0">
                <properties />
              </test-case>
              <test-case id="1131" name="BoundaryTurnaroundDirectionMovesInwardAndKeepsATangent" fullname="ArgusUnity.Tests.EditMode.AgentLocomotionDriverTests.BoundaryTurnaroundDirectionMovesInwardAndKeepsATangent" methodname="BoundaryTurnaroundDirectionMovesInwardAndKeepsATangent" classname="ArgusUnity.Tests.EditMode.AgentLocomotionDriverTests" runstate="Runnable" seed="533165124" result="Passed" start-time="2026-05-08 11:59:46Z" end-time="2026-05-08 11:59:46Z" duration="0.002185" asserts="0">
                <properties />
              </test-case>
              <test-case id="1129" name="ClampPlanarKeepsPositionInsideWalkableRoom" fullname="ArgusUnity.Tests.EditMode.AgentLocomotionDriverTests.ClampPlanarKeepsPositionInsideWalkableRoom" methodname="ClampPlanarKeepsPositionInsideWalkableRoom" classname="ArgusUnity.Tests.EditMode.AgentLocomotionDriverTests" runstate="Runnable" seed="1759504288" result="Passed" start-time="2026-05-08 11:59:46Z" end-time="2026-05-08 11:59:46Z" duration="0.000208" asserts="0">
                <properties />
              </test-case>
              <test-case id="1130" name="ClampPlanarWithInsetMovesPositionAwayFromBoundary" fullname="ArgusUnity.Tests.EditMode.AgentLocomotionDriverTests.ClampPlanarWithInsetMovesPositionAwayFromBoundary" methodname="ClampPlanarWithInsetMovesPositionAwayFromBoundary" classname="ArgusUnity.Tests.EditMode.AgentLocomotionDriverTests" runstate="Runnable" seed="1776762826" result="Passed" start-time="2026-05-08 11:59:46Z" end-time="2026-05-08 11:59:46Z" duration="0.000194" asserts="0">
                <properties />
              </test-case>
              <test-case id="1142" name="DynamicFurnitureColliderIsAvoidedAsObstacle" fullname="ArgusUnity.Tests.EditMode.AgentLocomotionDriverTests.DynamicFurnitureColliderIsAvoidedAsObstacle" methodname="DynamicFurnitureColliderIsAvoidedAsObstacle" classname="ArgusUnity.Tests.EditMode.AgentLocomotionDriverTests" runstate="Runnable" seed="934868301" result="Passed" start-time="2026-05-08 11:59:46Z" end-time="2026-05-08 11:59:46Z" duration="0.001290" asserts="0">
                <properties />
              </test-case>
              <test-case id="1141" name="MaterialFactoryPrefersUrpShadersBeforeLegacyFallbacks" fullname="ArgusUnity.Tests.EditMode.AgentLocomotionDriverTests.MaterialFactoryPrefersUrpShadersBeforeLegacyFallbacks" methodname="MaterialFactoryPrefersUrpShadersBeforeLegacyFallbacks" classname="ArgusUnity.Tests.EditMode.AgentLocomotionDriverTests" runstate="Runnable" seed="346008859" result="Passed" start-time="2026-05-08 11:59:46Z" end-time="2026-05-08 11:59:46Z" duration="0.000161" asserts="0">
                <properties />
              </test-case>
              <test-case id="1128" name="MissingAnimatorParametersLogsWarning" fullname="ArgusUnity.Tests.EditMode.AgentLocomotionDriverTests.MissingAnimatorParametersLogsWarning" methodname="MissingAnimatorParametersLogsWarning" classname="ArgusUnity.Tests.EditMode.AgentLocomotionDriverTests" runstate="Runnable" seed="647901029" result="Passed" start-time="2026-05-08 11:59:46Z" end-time="2026-05-08 11:59:46Z" duration="0.007494" asserts="0">
                <properties />
                <output><![CDATA[The Animator Controller (MissingParamController) you have used is not valid. Animations will not play
AgentLocomotionDriver: Animator locomotion ready controller=MissingParamController, rootMotion=False, hasSpeed=False, hasTurn=False.
AgentLocomotionDriver: Animator parameter mismatch controller=MissingParamController, missingSpeed=True, missingTurn=True, expectedSpeed=Speed, expectedTurn=Turn.
]]></output>
              </test-case>
              <test-case id="1137" name="MovePlanarVelocityTowardsLimitsAcceleration" fullname="ArgusUnity.Tests.EditMode.AgentLocomotionDriverTests.MovePlanarVelocityTowardsLimitsAcceleration" methodname="MovePlanarVelocityTowardsLimitsAcceleration" classname="ArgusUnity.Tests.EditMode.AgentLocomotionDriverTests" runstate="Runnable" seed="1588044795" result="Passed" start-time="2026-05-08 11:59:46Z" end-time="2026-05-08 11:59:46Z" duration="0.000282" asserts="0">
                <properties />
              </test-case>
              <test-case id="1138" name="MovePlanarVelocityTowardsUsesDecelerationWhenSlowing" fullname="ArgusUnity.Tests.EditMode.AgentLocomotionDriverTests.MovePlanarVelocityTowardsUsesDecelerationWhenSlowing" methodname="MovePlanarVelocityTowardsUsesDecelerationWhenSlowing" classname="ArgusUnity.Tests.EditMode.AgentLocomotionDriverTests" runstate="Runnable" seed="58550489" result="Passed" start-time="2026-05-08 11:59:46Z" end-time="2026-05-08 11:59:46Z" duration="0.000123" asserts="0">
                <properties />
              </test-case>
              <test-case id="1139" name="PaceScaledSpeedCapsFastBridgeCommands" fullname="ArgusUnity.Tests.EditMode.AgentLocomotionDriverTests.PaceScaledSpeedCapsFastBridgeCommands" methodname="PaceScaledSpeedCapsFastBridgeCommands" classname="ArgusUnity.Tests.EditMode.AgentLocomotionDriverTests" runstate="Runnable" seed="1113663882" result="Passed" start-time="2026-05-08 11:59:46Z" end-time="2026-05-08 11:59:46Z" duration="0.000147" asserts="0">
                <properties />
              </test-case>
              <test-case id="1117" name="PlanarSpeedIgnoresVerticalDelta" fullname="ArgusUnity.Tests.EditMode.AgentLocomotionDriverTests.PlanarSpeedIgnoresVerticalDelta" methodname="PlanarSpeedIgnoresVerticalDelta" classname="ArgusUnity.Tests.EditMode.AgentLocomotionDriverTests" runstate="Runnable" seed="1871837686" result="Passed" start-time="2026-05-08 11:59:46Z" end-time="2026-05-08 11:59:46Z" duration="0.000101" asserts="0">
                <properties />
              </test-case>
              <test-case id="1134" name="ProjectPlanarVelocityAlongWallRemovesBlockedComponent" fullname="ArgusUnity.Tests.EditMode.AgentLocomotionDriverTests.ProjectPlanarVelocityAlongWallRemovesBlockedComponent" methodname="ProjectPlanarVelocityAlongWallRemovesBlockedComponent" classname="ArgusUnity.Tests.EditMode.AgentLocomotionDriverTests" runstate="Runnable" seed="709649572" result="Passed" start-time="2026-05-08 11:59:46Z" end-time="2026-05-08 11:59:46Z" duration="0.000365" asserts="0">
                <properties />
              </test-case>
              <test-case id="1135" name="ProjectPlanarVelocityAlongWallStopsHeadOnWallDrive" fullname="ArgusUnity.Tests.EditMode.AgentLocomotionDriverTests.ProjectPlanarVelocityAlongWallStopsHeadOnWallDrive" methodname="ProjectPlanarVelocityAlongWallStopsHeadOnWallDrive" classname="ArgusUnity.Tests.EditMode.AgentLocomotionDriverTests" runstate="Runnable" seed="2077256674" result="Passed" start-time="2026-05-08 11:59:46Z" end-time="2026-05-08 11:59:46Z" duration="0.000898" asserts="0">
                <properties />
              </test-case>
              <test-case id="1140" name="RandomInteriorTargetStaysInsideBounds" fullname="ArgusUnity.Tests.EditMode.AgentLocomotionDriverTests.RandomInteriorTargetStaysInsideBounds" methodname="RandomInteriorTargetStaysInsideBounds" classname="ArgusUnity.Tests.EditMode.AgentLocomotionDriverTests" runstate="Runnable" seed="2099767896" result="Passed" start-time="2026-05-08 11:59:46Z" end-time="2026-05-08 11:59:46Z" duration="0.000392" asserts="0">
                <properties />
              </test-case>
              <test-case id="1136" name="RemoveVelocityTowardClampStopsInsetBoundaryPush" fullname="ArgusUnity.Tests.EditMode.AgentLocomotionDriverTests.RemoveVelocityTowardClampStopsInsetBoundaryPush" methodname="RemoveVelocityTowardClampStopsInsetBoundaryPush" classname="ArgusUnity.Tests.EditMode.AgentLocomotionDriverTests" runstate="Runnable" seed="1558832885" result="Passed" start-time="2026-05-08 11:59:46Z" end-time="2026-05-08 11:59:46Z" duration="0.000151" asserts="0">
                <properties />
              </test-case>
              <test-case id="1118" name="ResolveMovingUsesStartStopHysteresis" fullname="ArgusUnity.Tests.EditMode.AgentLocomotionDriverTests.ResolveMovingUsesStartStopHysteresis" methodname="ResolveMovingUsesStartStopHysteresis" classname="ArgusUnity.Tests.EditMode.AgentLocomotionDriverTests" runstate="Runnable" seed="1668492331" result="Passed" start-time="2026-05-08 11:59:46Z" end-time="2026-05-08 11:59:46Z" duration="0.000118" asserts="0">
                <properties />
              </test-case>
              <test-case id="1125" name="ResolveTurnValueClampsToBlendTreeRange" fullname="ArgusUnity.Tests.EditMode.AgentLocomotionDriverTests.ResolveTurnValueClampsToBlendTreeRange" methodname="ResolveTurnValueClampsToBlendTreeRange" classname="ArgusUnity.Tests.EditMode.AgentLocomotionDriverTests" runstate="Runnable" seed="5508878" result="Passed" start-time="2026-05-08 11:59:46Z" end-time="2026-05-08 11:59:46Z" duration="0.000168" asserts="0">
                <properties />
              </test-case>
              <test-case id="1124" name="ResolveTurnValueStopsWhenAgentStopsMoving" fullname="ArgusUnity.Tests.EditMode.AgentLocomotionDriverTests.ResolveTurnValueStopsWhenAgentStopsMoving" methodname="ResolveTurnValueStopsWhenAgentStopsMoving" classname="ArgusUnity.Tests.EditMode.AgentLocomotionDriverTests" runstate="Runnable" seed="1845478869" result="Passed" start-time="2026-05-08 11:59:46Z" end-time="2026-05-08 11:59:46Z" duration="0.000056" asserts="0">
                <properties />
              </test-case>
              <test-case id="1123" name="ResolveTurnValueUsesHysteresisToAvoidFlicker" fullname="ArgusUnity.Tests.EditMode.AgentLocomotionDriverTests.ResolveTurnValueUsesHysteresisToAvoidFlicker" methodname="ResolveTurnValueUsesHysteresisToAvoidFlicker" classname="ArgusUnity.Tests.EditMode.AgentLocomotionDriverTests" runstate="Runnable" seed="1321612110" result="Passed" start-time="2026-05-08 11:59:46Z" end-time="2026-05-08 11:59:46Z" duration="0.000149" asserts="0">
                <properties />
              </test-case>
              <test-case id="1120" name="SignedYawDeltaMapsSideTurnsToBlendTreeTurn" fullname="ArgusUnity.Tests.EditMode.AgentLocomotionDriverTests.SignedYawDeltaMapsSideTurnsToBlendTreeTurn" methodname="SignedYawDeltaMapsSideTurnsToBlendTreeTurn" classname="ArgusUnity.Tests.EditMode.AgentLocomotionDriverTests" runstate="Runnable" seed="242420437" result="Passed" start-time="2026-05-08 11:59:46Z" end-time="2026-05-08 11:59:46Z" duration="0.000159" asserts="0">
                <properties />
              </test-case>
              <test-case id="1121" name="SignedYawRateUsesActualRotationDeltaPerSecond" fullname="ArgusUnity.Tests.EditMode.AgentLocomotionDriverTests.SignedYawRateUsesActualRotationDeltaPerSecond" methodname="SignedYawRateUsesActualRotationDeltaPerSecond" classname="ArgusUnity.Tests.EditMode.AgentLocomotionDriverTests" runstate="Runnable" seed="1446495183" result="Passed" start-time="2026-05-08 11:59:46Z" end-time="2026-05-08 11:59:46Z" duration="0.000122" asserts="0">
                <properties />
              </test-case>
              <test-case id="1126" name="SmoothPlanarDirectionEasesTowardDiagonalWithoutSnapping" fullname="ArgusUnity.Tests.EditMode.AgentLocomotionDriverTests.SmoothPlanarDirectionEasesTowardDiagonalWithoutSnapping" methodname="SmoothPlanarDirectionEasesTowardDiagonalWithoutSnapping" classname="ArgusUnity.Tests.EditMode.AgentLocomotionDriverTests" runstate="Runnable" seed="1483861481" result="Passed" start-time="2026-05-08 11:59:46Z" end-time="2026-05-08 11:59:46Z" duration="0.000894" asserts="0">
                <properties />
              </test-case>
              <test-case id="1127" name="SmoothPlanarDirectionFallsBackToTargetWhenCurrentIsMissing" fullname="ArgusUnity.Tests.EditMode.AgentLocomotionDriverTests.SmoothPlanarDirectionFallsBackToTargetWhenCurrentIsMissing" methodname="SmoothPlanarDirectionFallsBackToTargetWhenCurrentIsMissing" classname="ArgusUnity.Tests.EditMode.AgentLocomotionDriverTests" runstate="Runnable" seed="189092442" result="Passed" start-time="2026-05-08 11:59:46Z" end-time="2026-05-08 11:59:46Z" duration="0.000204" asserts="0">
                <properties />
              </test-case>
              <test-case id="1133" name="WallContactRecoveryChoosesSideThatMovesAwayFromSideWall" fullname="ArgusUnity.Tests.EditMode.AgentLocomotionDriverTests.WallContactRecoveryChoosesSideThatMovesAwayFromSideWall" methodname="WallContactRecoveryChoosesSideThatMovesAwayFromSideWall" classname="ArgusUnity.Tests.EditMode.AgentLocomotionDriverTests" runstate="Runnable" seed="331084197" result="Passed" start-time="2026-05-08 11:59:46Z" end-time="2026-05-08 11:59:46Z" duration="0.000689" asserts="0">
                <properties />
              </test-case>
              <test-case id="1132" name="WallContactRecoveryTurnsNinetyDegreesWithInwardBias" fullname="ArgusUnity.Tests.EditMode.AgentLocomotionDriverTests.WallContactRecoveryTurnsNinetyDegreesWithInwardBias" methodname="WallContactRecoveryTurnsNinetyDegreesWithInwardBias" classname="ArgusUnity.Tests.EditMode.AgentLocomotionDriverTests" runstate="Runnable" seed="1085895502" result="Passed" start-time="2026-05-08 11:59:46Z" end-time="2026-05-08 11:59:46Z" duration="0.000188" asserts="0">
                <properties />
              </test-case>
              <test-case id="1119" name="YawFromPlanarDirectionUsesUnityForwardAxis" fullname="ArgusUnity.Tests.EditMode.AgentLocomotionDriverTests.YawFromPlanarDirectionUsesUnityForwardAxis" methodname="YawFromPlanarDirectionUsesUnityForwardAxis" classname="ArgusUnity.Tests.EditMode.AgentLocomotionDriverTests" runstate="Runnable" seed="671727928" result="Passed" start-time="2026-05-08 11:59:46Z" end-time="2026-05-08 11:59:46Z" duration="0.000501" asserts="0">
                <properties />
              </test-case>
            </test-suite>
            <test-suite type="TestFixture" id="1144" name="AnimationStateMapperTests" fullname="ArgusUnity.Tests.EditMode.AnimationStateMapperTests" classname="ArgusUnity.Tests.EditMode.AnimationStateMapperTests" runstate="Runnable" testcasecount="12" result="Passed" start-time="2026-05-08 11:59:46Z" end-time="2026-05-08 11:59:46Z" duration="0.005416" total="12" passed="12" failed="0" inconclusive="0" skipped="0" asserts="0">
              <properties />
              <test-case id="1157" name="EmptyActionFallsBackToIdleWarning" fullname="ArgusUnity.Tests.EditMode.AnimationStateMapperTests.EmptyActionFallsBackToIdleWarning" methodname="EmptyActionFallsBackToIdleWarning" classname="ArgusUnity.Tests.EditMode.AnimationStateMapperTests" runstate="Runnable" seed="541336912" result="Passed" start-time="2026-05-08 11:59:46Z" end-time="2026-05-08 11:59:46Z" duration="0.000745" asserts="0">
                <properties />
              </test-case>
              <test-suite type="ParameterizedMethod" id="1155" name="KnownActionsMapToConfiguredClips" fullname="ArgusUnity.Tests.EditMode.AnimationStateMapperTests.KnownActionsMapToConfiguredClips" classname="ArgusUnity.Tests.EditMode.AnimationStateMapperTests" runstate="Runnable" testcasecount="10" result="Passed" start-time="2026-05-08 11:59:46Z" end-time="2026-05-08 11:59:46Z" duration="0.003785" total="10" passed="10" failed="0" inconclusive="0" skipped="0" asserts="0">
                <properties />
                <test-case id="1145" name="KnownActionsMapToConfiguredClips(&quot;idle&quot;,&quot;IdleClip&quot;)" fullname="ArgusUnity.Tests.EditMode.AnimationStateMapperTests.KnownActionsMapToConfiguredClips(&quot;idle&quot;,&quot;IdleClip&quot;)" methodname="KnownActionsMapToConfiguredClips" classname="ArgusUnity.Tests.EditMode.AnimationStateMapperTests" runstate="Runnable" seed="283224103" result="Passed" start-time="2026-05-08 11:59:46Z" end-time="2026-05-08 11:59:46Z" duration="0.000301" asserts="0">
                  <properties />
                </test-case>
                <test-case id="1146" name="KnownActionsMapToConfiguredClips(&quot;walk&quot;,&quot;WalkClip&quot;)" fullname="ArgusUnity.Tests.EditMode.AnimationStateMapperTests.KnownActionsMapToConfiguredClips(&quot;walk&quot;,&quot;WalkClip&quot;)" methodname="KnownActionsMapToConfiguredClips" classname="ArgusUnity.Tests.EditMode.AnimationStateMapperTests" runstate="Runnable" seed="564889183" result="Passed" start-time="2026-05-08 11:59:46Z" end-time="2026-05-08 11:59:46Z" duration="0.000052" asserts="0">
                  <properties />
                </test-case>
                <test-case id="1147" name="KnownActionsMapToConfiguredClips(&quot;run&quot;,&quot;RunClip&quot;)" fullname="ArgusUnity.Tests.EditMode.AnimationStateMapperTests.KnownActionsMapToConfiguredClips(&quot;run&quot;,&quot;RunClip&quot;)" methodname="KnownActionsMapToConfiguredClips" classname="ArgusUnity.Tests.EditMode.AnimationStateMapperTests" runstate="Runnable" seed="1902922059" result="Passed" start-time="2026-05-08 11:59:46Z" end-time="2026-05-08 11:59:46Z" duration="0.000049" asserts="0">
                  <properties />
                </test-case>
                <test-case id="1148" name="KnownActionsMapToConfiguredClips(&quot;speak&quot;,&quot;SpeakClip&quot;)" fullname="ArgusUnity.Tests.EditMode.AnimationStateMapperTests.KnownActionsMapToConfiguredClips(&quot;speak&quot;,&quot;SpeakClip&quot;)" methodname="KnownActionsMapToConfiguredClips" classname="ArgusUnity.Tests.EditMode.AnimationStateMapperTests" runstate="Runnable" seed="201770556" result="Passed" start-time="2026-05-08 11:59:46Z" end-time="2026-05-08 11:59:46Z" duration="0.000045" asserts="0">
                  <properties />
                </test-case>
                <test-case id="1149" name="KnownActionsMapToConfiguredClips(&quot;argue&quot;,&quot;ArgueClip&quot;)" fullname="ArgusUnity.Tests.EditMode.AnimationStateMapperTests.KnownActionsMapToConfiguredClips(&quot;argue&quot;,&quot;ArgueClip&quot;)" methodname="KnownActionsMapToConfiguredClips" classname="ArgusUnity.Tests.EditMode.AnimationStateMapperTests" runstate="Runnable" seed="1039038416" result="Passed" start-time="2026-05-08 11:59:46Z" end-time="2026-05-08 11:59:46Z" duration="0.000045" asserts="0">
                  <properties />
                </test-case>
                <test-case id="1150" name="KnownActionsMapToConfiguredClips(&quot;push&quot;,&quot;PushClip&quot;)" fullname="ArgusUnity.Tests.EditMode.AnimationStateMapperTests.KnownActionsMapToConfiguredClips(&quot;push&quot;,&quot;PushClip&quot;)" methodname="KnownActionsMapToConfiguredClips" classname="ArgusUnity.Tests.EditMode.AnimationStateMapperTests" runstate="Runnable" seed="1218946017" result="Passed" start-time="2026-05-08 11:59:46Z" end-time="2026-05-08 11:59:46Z" duration="0.000049" asserts="0">
                  <properties />
                </test-case>
                <test-case id="1151" name="KnownActionsMapToConfiguredClips(&quot;block&quot;,&quot;BlockClip&quot;)" fullname="ArgusUnity.Tests.EditMode.AnimationStateMapperTests.KnownActionsMapToConfiguredClips(&quot;block&quot;,&quot;BlockClip&quot;)" methodname="KnownActionsMapToConfiguredClips" classname="ArgusUnity.Tests.EditMode.AnimationStateMapperTests" runstate="Runnable" seed="437242400" result="Passed" start-time="2026-05-08 11:59:46Z" end-time="2026-05-08 11:59:46Z" duration="0.000043" asserts="0">
                  <properties />
                </test-case>
                <test-case id="1152" name="KnownActionsMapToConfiguredClips(&quot;stumble&quot;,&quot;StumbleClip&quot;)" fullname="ArgusUnity.Tests.EditMode.AnimationStateMapperTests.KnownActionsMapToConfiguredClips(&quot;stumble&quot;,&quot;StumbleClip&quot;)" methodname="KnownActionsMapToConfiguredClips" classname="ArgusUnity.Tests.EditMode.AnimationStateMapperTests" runstate="Runnable" seed="130239901" result="Passed" start-time="2026-05-08 11:59:46Z" end-time="2026-05-08 11:59:46Z" duration="0.000043" asserts="0">
                  <properties />
                </test-case>
                <test-case id="1153" name="KnownActionsMapToConfiguredClips(&quot;fall&quot;,&quot;FallClip&quot;)" fullname="ArgusUnity.Tests.EditMode.AnimationStateMapperTests.KnownActionsMapToConfiguredClips(&quot;fall&quot;,&quot;FallClip&quot;)" methodname="KnownActionsMapToConfiguredClips" classname="ArgusUnity.Tests.EditMode.AnimationStateMapperTests" runstate="Runnable" seed="1708245870" result="Passed" start-time="2026-05-08 11:59:46Z" end-time="2026-05-08 11:59:46Z" duration="0.000046" asserts="0">
                  <properties />
                </test-case>
                <test-case id="1154" name="KnownActionsMapToConfiguredClips(&quot;recover&quot;,&quot;RecoverClip&quot;)" fullname="ArgusUnity.Tests.EditMode.AnimationStateMapperTests.KnownActionsMapToConfiguredClips(&quot;recover&quot;,&quot;RecoverClip&quot;)" methodname="KnownActionsMapToConfiguredClips" classname="ArgusUnity.Tests.EditMode.AnimationStateMapperTests" runstate="Runnable" seed="1631651670" result="Passed" start-time="2026-05-08 11:59:46Z" end-time="2026-05-08 11:59:46Z" duration="0.000043" asserts="0">
                  <properties />
                </test-case>
              </test-suite>
              <test-case id="1156" name="UnknownActionFallsBackToIdleWarning" fullname="ArgusUnity.Tests.EditMode.AnimationStateMapperTests.UnknownActionFallsBackToIdleWarning" methodname="UnknownActionFallsBackToIdleWarning" classname="ArgusUnity.Tests.EditMode.AnimationStateMapperTests" runstate="Runnable" seed="1154637766" result="Passed" start-time="2026-05-08 11:59:46Z" end-time="2026-05-08 11:59:46Z" duration="0.000094" asserts="0">
                <properties />
              </test-case>
            </test-suite>
            <test-suite type="TestFixture" id="1158" name="BridgeEnvelopeTests" fullname="ArgusUnity.Tests.EditMode.BridgeEnvelopeTests" classname="ArgusUnity.Tests.EditMode.BridgeEnvelopeTests" runstate="Runnable" testcasecount="4" result="Passed" start-time="2026-05-08 11:59:46Z" end-time="2026-05-08 11:59:46Z" duration="0.057641" total="4" passed="4" failed="0" inconclusive="0" skipped="0" asserts="0">
              <properties />
              <test-case id="1160" name="MalformedJsonReturnsStructuredError" fullname="ArgusUnity.Tests.EditMode.BridgeEnvelopeTests.MalformedJsonReturnsStructuredError" methodname="MalformedJsonReturnsStructuredError" classname="ArgusUnity.Tests.EditMode.BridgeEnvelopeTests" runstate="Runnable" seed="570472173" result="Passed" start-time="2026-05-08 11:59:46Z" end-time="2026-05-08 11:59:46Z" duration="0.031414" asserts="0">
                <properties />
              </test-case>
              <test-case id="1159" name="ParseValidEnvelopePreservesPayload" fullname="ArgusUnity.Tests.EditMode.BridgeEnvelopeTests.ParseValidEnvelopePreservesPayload" methodname="ParseValidEnvelopePreservesPayload" classname="ArgusUnity.Tests.EditMode.BridgeEnvelopeTests" runstate="Runnable" seed="696572024" result="Passed" start-time="2026-05-08 11:59:46Z" end-time="2026-05-08 11:59:46Z" duration="0.015360" asserts="0">
                <properties />
              </test-case>
              <test-case id="1162" name="UnityAckUsesExpectedPayloadShape" fullname="ArgusUnity.Tests.EditMode.BridgeEnvelopeTests.UnityAckUsesExpectedPayloadShape" methodname="UnityAckUsesExpectedPayloadShape" classname="ArgusUnity.Tests.EditMode.BridgeEnvelopeTests" runstate="Runnable" seed="464073757" result="Passed" start-time="2026-05-08 11:59:46Z" end-time="2026-05-08 11:59:46Z" duration="0.007681" asserts="0">
                <properties />
              </test-case>
              <test-case id="1161" name="UnknownMessageTypeIsPreservedForCallerHandling" fullname="ArgusUnity.Tests.EditMode.BridgeEnvelopeTests.UnknownMessageTypeIsPreservedForCallerHandling" methodname="UnknownMessageTypeIsPreservedForCallerHandling" classname="ArgusUnity.Tests.EditMode.BridgeEnvelopeTests" runstate="Runnable" seed="365415888" result="Passed" start-time="2026-05-08 11:59:46Z" end-time="2026-05-08 11:59:46Z" duration="0.000370" asserts="0">
                <properties />
              </test-case>
            </test-suite>
            <test-suite type="TestFixture" id="1163" name="BridgePresentationParsingTests" fullname="ArgusUnity.Tests.EditMode.BridgePresentationParsingTests" classname="ArgusUnity.Tests.EditMode.BridgePresentationParsingTests" runstate="Runnable" testcasecount="5" result="Passed" start-time="2026-05-08 11:59:46Z" end-time="2026-05-08 11:59:46Z" duration="0.004269" total="5" passed="5" failed="0" inconclusive="0" skipped="0" asserts="0">
              <properties />
              <test-case id="1168" name="ConflictUpdateNormalizesStageCase" fullname="ArgusUnity.Tests.EditMode.BridgePresentationParsingTests.ConflictUpdateNormalizesStageCase" methodname="ConflictUpdateNormalizesStageCase" classname="ArgusUnity.Tests.EditMode.BridgePresentationParsingTests" runstate="Runnable" seed="1640061698" result="Passed" start-time="2026-05-08 11:59:46Z" end-time="2026-05-08 11:59:46Z" duration="0.001367" asserts="0">
                <properties />
              </test-case>
              <test-case id="1164" name="DialogueParsingExtractsSpeakerTextAndDuration" fullname="ArgusUnity.Tests.EditMode.BridgePresentationParsingTests.DialogueParsingExtractsSpeakerTextAndDuration" methodname="DialogueParsingExtractsSpeakerTextAndDuration" classname="ArgusUnity.Tests.EditMode.BridgePresentationParsingTests" runstate="Runnable" seed="273640618" result="Passed" start-time="2026-05-08 11:59:46Z" end-time="2026-05-08 11:59:46Z" duration="0.000702" asserts="0">
                <properties />
              </test-case>
              <test-case id="1166" name="DialogueTruncationAppendsEllipsis" fullname="ArgusUnity.Tests.EditMode.BridgePresentationParsingTests.DialogueTruncationAppendsEllipsis" methodname="DialogueTruncationAppendsEllipsis" classname="ArgusUnity.Tests.EditMode.BridgePresentationParsingTests" runstate="Runnable" seed="1742168356" result="Passed" start-time="2026-05-08 11:59:46Z" end-time="2026-05-08 11:59:46Z" duration="0.000440" asserts="0">
                <properties />
              </test-case>
              <test-case id="1165" name="EmotionParsingExtractsIntensity" fullname="ArgusUnity.Tests.EditMode.BridgePresentationParsingTests.EmotionParsingExtractsIntensity" methodname="EmotionParsingExtractsIntensity" classname="ArgusUnity.Tests.EditMode.BridgePresentationParsingTests" runstate="Runnable" seed="7998329" result="Passed" start-time="2026-05-08 11:59:46Z" end-time="2026-05-08 11:59:46Z" duration="0.000336" asserts="0">
                <properties />
              </test-case>
              <test-case id="1167" name="GroupUpdateParsingReadsMembers" fullname="ArgusUnity.Tests.EditMode.BridgePresentationParsingTests.GroupUpdateParsingReadsMembers" methodname="GroupUpdateParsingReadsMembers" classname="ArgusUnity.Tests.EditMode.BridgePresentationParsingTests" runstate="Runnable" seed="2133480671" result="Passed" start-time="2026-05-08 11:59:46Z" end-time="2026-05-08 11:59:46Z" duration="0.000289" asserts="0">
                <properties />
              </test-case>
            </test-suite>
            <test-suite type="TestFixture" id="1169" name="HideAndSeekDesignBuilderTests" fullname="ArgusUnity.Tests.EditMode.HideAndSeekDesignBuilderTests" classname="ArgusUnity.Tests.EditMode.HideAndSeekDesignBuilderTests" runstate="Runnable" testcasecount="5" result="Passed" start-time="2026-05-08 11:59:46Z" end-time="2026-05-08 11:59:47Z" duration="1.034314" total="5" passed="5" failed="0" inconclusive="0" skipped="0" asserts="0">
              <properties />
              <test-case id="1171" name="ActiveFurnitureAndMiniBotPhysicsAreDynamic" fullname="ArgusUnity.Tests.EditMode.HideAndSeekDesignBuilderTests.ActiveFurnitureAndMiniBotPhysicsAreDynamic" methodname="ActiveFurnitureAndMiniBotPhysicsAreDynamic" classname="ArgusUnity.Tests.EditMode.HideAndSeekDesignBuilderTests" runstate="Runnable" seed="915726799" result="Passed" start-time="2026-05-08 11:59:46Z" end-time="2026-05-08 11:59:46Z" duration="0.007017" asserts="0">
                <properties />
              </test-case>
              <test-case id="1174" name="AgentMoveHandlerDefaultsCapPaceAndSmoothTurns" fullname="ArgusUnity.Tests.EditMode.HideAndSeekDesignBuilderTests.AgentMoveHandlerDefaultsCapPaceAndSmoothTurns" methodname="AgentMoveHandlerDefaultsCapPaceAndSmoothTurns" classname="ArgusUnity.Tests.EditMode.HideAndSeekDesignBuilderTests" runstate="Runnable" seed="186089235" result="Passed" start-time="2026-05-08 11:59:46Z" end-time="2026-05-08 11:59:46Z" duration="0.000364" asserts="0">
                <properties />
              </test-case>
              <test-case id="1173" name="KeyboardControllerDefaultsFavorSlowerSmoothDiagonalMovement" fullname="ArgusUnity.Tests.EditMode.HideAndSeekDesignBuilderTests.KeyboardControllerDefaultsFavorSlowerSmoothDiagonalMovement" methodname="KeyboardControllerDefaultsFavorSlowerSmoothDiagonalMovement" classname="ArgusUnity.Tests.EditMode.HideAndSeekDesignBuilderTests" runstate="Runnable" seed="506977302" result="Passed" start-time="2026-05-08 11:59:46Z" end-time="2026-05-08 11:59:46Z" duration="0.000251" asserts="0">
                <properties />
              </test-case>
              <test-case id="1172" name="KeyboardTestMiniBotIsRedDynamicAndKeyboardControlled" fullname="ArgusUnity.Tests.EditMode.HideAndSeekDesignBuilderTests.KeyboardTestMiniBotIsRedDynamicAndKeyboardControlled" methodname="KeyboardTestMiniBotIsRedDynamicAndKeyboardControlled" classname="ArgusUnity.Tests.EditMode.HideAndSeekDesignBuilderTests" runstate="Runnable" seed="249811009" result="Passed" start-time="2026-05-08 11:59:46Z" end-time="2026-05-08 11:59:47Z" duration="1.020221" asserts="0">
                <properties />
              </test-case>
              <test-case id="1170" name="WallsFloorCollisionBoxesHaveVisibleDisplays" fullname="ArgusUnity.Tests.EditMode.HideAndSeekDesignBuilderTests.WallsFloorCollisionBoxesHaveVisibleDisplays" methodname="WallsFloorCollisionBoxesHaveVisibleDisplays" classname="ArgusUnity.Tests.EditMode.HideAndSeekDesignBuilderTests" runstate="Runnable" seed="1159826839" result="Passed" start-time="2026-05-08 11:59:47Z" end-time="2026-05-08 11:59:47Z" duration="0.005486" asserts="0">
                <properties />
              </test-case>
            </test-suite>
            <test-suite type="TestFixture" id="1175" name="MiniBotAnimationLibraryTests" fullname="ArgusUnity.Tests.EditMode.MiniBotAnimationLibraryTests" classname="ArgusUnity.Tests.EditMode.MiniBotAnimationLibraryTests" runstate="Runnable" testcasecount="8" result="Passed" start-time="2026-05-08 11:59:47Z" end-time="2026-05-08 11:59:47Z" duration="0.018178" total="8" passed="8" failed="0" inconclusive="0" skipped="0" asserts="0">
              <properties />
              <test-case id="1180" name="ActionClipsAreNotInsertedIntoLocomotionBlendTree" fullname="ArgusUnity.Tests.EditMode.MiniBotAnimationLibraryTests.ActionClipsAreNotInsertedIntoLocomotionBlendTree" methodname="ActionClipsAreNotInsertedIntoLocomotionBlendTree" classname="ArgusUnity.Tests.EditMode.MiniBotAnimationLibraryTests" runstate="Runnable" seed="29946601" result="Passed" start-time="2026-05-08 11:59:47Z" end-time="2026-05-08 11:59:47Z" duration="0.001864" asserts="0">
                <properties />
              </test-case>
              <test-case id="1182" name="AgentLocomotionDriverLogsProductionBriefcaseSources" fullname="ArgusUnity.Tests.EditMode.MiniBotAnimationLibraryTests.AgentLocomotionDriverLogsProductionBriefcaseSources" methodname="AgentLocomotionDriverLogsProductionBriefcaseSources" classname="ArgusUnity.Tests.EditMode.MiniBotAnimationLibraryTests" runstate="Runnable" seed="1470279268" result="Passed" start-time="2026-05-08 11:59:47Z" end-time="2026-05-08 11:59:47Z" duration="0.001564" asserts="0">
                <properties />
              </test-case>
              <test-case id="1181" name="AgentLocomotionDriverRemainsOnlyProductionAnimatorFloatWriter" fullname="ArgusUnity.Tests.EditMode.MiniBotAnimationLibraryTests.AgentLocomotionDriverRemainsOnlyProductionAnimatorFloatWriter" methodname="AgentLocomotionDriverRemainsOnlyProductionAnimatorFloatWriter" classname="ArgusUnity.Tests.EditMode.MiniBotAnimationLibraryTests" runstate="Runnable" seed="855405684" result="Passed" start-time="2026-05-08 11:59:47Z" end-time="2026-05-08 11:59:47Z" duration="0.008475" asserts="0">
                <properties />
              </test-case>
              <test-case id="1178" name="LocomotionBlendTreeUsesOnlyValidatedProductionMotions" fullname="ArgusUnity.Tests.EditMode.MiniBotAnimationLibraryTests.LocomotionBlendTreeUsesOnlyValidatedProductionMotions" methodname="LocomotionBlendTreeUsesOnlyValidatedProductionMotions" classname="ArgusUnity.Tests.EditMode.MiniBotAnimationLibraryTests" runstate="Runnable" seed="1805448210" result="Passed" start-time="2026-05-08 11:59:47Z" end-time="2026-05-08 11:59:47Z" duration="0.000777" asserts="0">
                <properties />
              </test-case>
              <test-case id="1177" name="LocomotionControllerKeepsSpeedAndTurnParameters" fullname="ArgusUnity.Tests.EditMode.MiniBotAnimationLibraryTests.LocomotionControllerKeepsSpeedAndTurnParameters" methodname="LocomotionControllerKeepsSpeedAndTurnParameters" classname="ArgusUnity.Tests.EditMode.MiniBotAnimationLibraryTests" runstate="Runnable" seed="1135335175" result="Passed" start-time="2026-05-08 11:59:47Z" end-time="2026-05-08 11:59:47Z" duration="0.000356" asserts="0">
                <properties />
              </test-case>
              <test-case id="1176" name="PlanDocumentListsAllExpandedAnimationSourceFbx" fullname="ArgusUnity.Tests.EditMode.MiniBotAnimationLibraryTests.PlanDocumentListsAllExpandedAnimationSourceFbx" methodname="PlanDocumentListsAllExpandedAnimationSourceFbx" classname="ArgusUnity.Tests.EditMode.MiniBotAnimationLibraryTests" runstate="Runnable" seed="675397703" result="Passed" start-time="2026-05-08 11:59:47Z" end-time="2026-05-08 11:59:47Z" duration="0.000539" asserts="0">
                <properties />
              </test-case>
              <test-case id="1183" name="PreviewDriverLabelsQuarantinedDiagnosticClips" fullname="ArgusUnity.Tests.EditMode.MiniBotAnimationLibraryTests.PreviewDriverLabelsQuarantinedDiagnosticClips" methodname="PreviewDriverLabelsQuarantinedDiagnosticClips" classname="ArgusUnity.Tests.EditMode.MiniBotAnimationLibraryTests" runstate="Runnable" seed="1435613323" result="Passed" start-time="2026-05-08 11:59:47Z" end-time="2026-05-08 11:59:47Z" duration="0.000353" asserts="0">
                <properties />
              </test-case>
              <test-case id="1179" name="QuarantinedClipsAreNotInsertedIntoLocomotionBlendTree" fullname="ArgusUnity.Tests.EditMode.MiniBotAnimationLibraryTests.QuarantinedClipsAreNotInsertedIntoLocomotionBlendTree" methodname="QuarantinedClipsAreNotInsertedIntoLocomotionBlendTree" classname="ArgusUnity.Tests.EditMode.MiniBotAnimationLibraryTests" runstate="Runnable" seed="443492885" result="Passed" start-time="2026-05-08 11:59:47Z" end-time="2026-05-08 11:59:47Z" duration="0.000129" asserts="0">
                <properties />
              </test-case>
            </test-suite>
            <test-suite type="TestFixture" id="1184" name="SceneOrchestratorTests" fullname="ArgusUnity.Tests.EditMode.SceneOrchestratorTests" classname="ArgusUnity.Tests.EditMode.SceneOrchestratorTests" runstate="Runnable" testcasecount="4" result="Passed" start-time="2026-05-08 11:59:47Z" end-time="2026-05-08 11:59:47Z" duration="0.002220" total="4" passed="4" failed="0" inconclusive="0" skipped="0" asserts="0">
              <properties />
              <test-case id="1188" name="HandlerExceptionReturnsStructuredError" fullname="ArgusUnity.Tests.EditMode.SceneOrchestratorTests.HandlerExceptionReturnsStructuredError" methodname="HandlerExceptionReturnsStructuredError" classname="ArgusUnity.Tests.EditMode.SceneOrchestratorTests" runstate="Runnable" seed="1541946089" result="Passed" start-time="2026-05-08 11:59:47Z" end-time="2026-05-08 11:59:47Z" duration="0.000802" asserts="0">
                <properties />
              </test-case>
              <test-case id="1186" name="KnownButUnroutedTypeReturnsWarning" fullname="ArgusUnity.Tests.EditMode.SceneOrchestratorTests.KnownButUnroutedTypeReturnsWarning" methodname="KnownButUnroutedTypeReturnsWarning" classname="ArgusUnity.Tests.EditMode.SceneOrchestratorTests" runstate="Runnable" seed="1579551882" result="Passed" start-time="2026-05-08 11:59:47Z" end-time="2026-05-08 11:59:47Z" duration="0.000199" asserts="0">
                <properties />
              </test-case>
              <test-case id="1185" name="RoutesRequiredBridgeMessageTypes" fullname="ArgusUnity.Tests.EditMode.SceneOrchestratorTests.RoutesRequiredBridgeMessageTypes" methodname="RoutesRequiredBridgeMessageTypes" classname="ArgusUnity.Tests.EditMode.SceneOrchestratorTests" runstate="Runnable" seed="1801989278" result="Passed" start-time="2026-05-08 11:59:47Z" end-time="2026-05-08 11:59:47Z" duration="0.000503" asserts="0">
                <properties />
              </test-case>
              <test-case id="1187" name="UnknownTypeReturnsErrorWithoutThrowing" fullname="ArgusUnity.Tests.EditMode.SceneOrchestratorTests.UnknownTypeReturnsErrorWithoutThrowing" methodname="UnknownTypeReturnsErrorWithoutThrowing" classname="ArgusUnity.Tests.EditMode.SceneOrchestratorTests" runstate="Runnable" seed="746726515" result="Passed" start-time="2026-05-08 11:59:47Z" end-time="2026-05-08 11:59:47Z" duration="0.000132" asserts="0">
                <properties />
              </test-case>
            </test-suite>
          </test-suite>
        </test-suite>
      </test-suite>
    </test-suite>
    <test-suite type="Assembly" id="1198" name="ArgusUnity.Tests.PlayMode.dll" fullname="/Users/guribbong/code/Argus/unity/EmbodiedDebate/Library/ScriptAssemblies/ArgusUnity.Tests.PlayMode.dll" runstate="Runnable" testcasecount="4" result="Passed" start-time="2026-05-08 11:59:47Z" end-time="2026-05-08 11:59:47Z" duration="0.018041" total="4" passed="4" failed="0" inconclusive="0" skipped="0" asserts="0">
      <properties>
        <property name="_PID" value="67053" />
        <property name="_APPDOMAIN" value="Unity Child Domain" />
        <property name="platform" value="EditMode" />
      </properties>
      <test-suite type="TestSuite" id="1199" name="ArgusUnity" fullname="ArgusUnity" runstate="Runnable" testcasecount="4" result="Passed" start-time="2026-05-08 11:59:47Z" end-time="2026-05-08 11:59:47Z" duration="0.016732" total="4" passed="4" failed="0" inconclusive="0" skipped="0" asserts="0">
        <properties />
        <test-suite type="TestSuite" id="1200" name="Tests" fullname="ArgusUnity.Tests" runstate="Runnable" testcasecount="4" result="Passed" start-time="2026-05-08 11:59:47Z" end-time="2026-05-08 11:59:47Z" duration="0.013243" total="4" passed="4" failed="0" inconclusive="0" skipped="0" asserts="0">
          <properties />
          <test-suite type="TestSuite" id="1201" name="PlayMode" fullname="ArgusUnity.Tests.PlayMode" runstate="Runnable" testcasecount="4" result="Passed" start-time="2026-05-08 11:59:47Z" end-time="2026-05-08 11:59:47Z" duration="0.009689" total="4" passed="4" failed="0" inconclusive="0" skipped="0" asserts="0">
            <properties />
            <test-suite type="TestFixture" id="1193" name="RobotAvatarManagerPlayModeTests" fullname="ArgusUnity.Tests.PlayMode.RobotAvatarManagerPlayModeTests" classname="ArgusUnity.Tests.PlayMode.RobotAvatarManagerPlayModeTests" runstate="Runnable" testcasecount="4" result="Passed" start-time="2026-05-08 11:59:47Z" end-time="2026-05-08 11:59:47Z" duration="0.006158" total="4" passed="4" failed="0" inconclusive="0" skipped="0" asserts="0">
              <properties />
              <test-case id="1195" name="DuplicateSpawnUpdatesExistingAvatar" fullname="ArgusUnity.Tests.PlayMode.RobotAvatarManagerPlayModeTests.DuplicateSpawnUpdatesExistingAvatar" methodname="DuplicateSpawnUpdatesExistingAvatar" classname="ArgusUnity.Tests.PlayMode.RobotAvatarManagerPlayModeTests" runstate="Runnable" seed="1634070970" result="Passed" start-time="2026-05-08 11:59:47Z" end-time="2026-05-08 11:59:47Z" duration="0.001642" asserts="0">
                <properties />
              </test-case>
              <test-case id="1194" name="FirstSpawnCreatesOneAvatar" fullname="ArgusUnity.Tests.PlayMode.RobotAvatarManagerPlayModeTests.FirstSpawnCreatesOneAvatar" methodname="FirstSpawnCreatesOneAvatar" classname="ArgusUnity.Tests.PlayMode.RobotAvatarManagerPlayModeTests" runstate="Runnable" seed="1129014337" result="Passed" start-time="2026-05-08 11:59:47Z" end-time="2026-05-08 11:59:47Z" duration="0.000162" asserts="0">
                <properties />
              </test-case>
              <test-case id="1197" name="GroupPresentationIsApplied" fullname="ArgusUnity.Tests.PlayMode.RobotAvatarManagerPlayModeTests.GroupPresentationIsApplied" methodname="GroupPresentationIsApplied" classname="ArgusUnity.Tests.PlayMode.RobotAvatarManagerPlayModeTests" runstate="Runnable" seed="2131560039" result="Passed" start-time="2026-05-08 11:59:47Z" end-time="2026-05-08 11:59:47Z" duration="0.000244" asserts="0">
                <properties />
              </test-case>
              <test-case id="1196" name="MissingPrefabUsesFallbackAndRecordsWarning" fullname="ArgusUnity.Tests.PlayMode.RobotAvatarManagerPlayModeTests.MissingPrefabUsesFallbackAndRecordsWarning" methodname="MissingPrefabUsesFallbackAndRecordsWarning" classname="ArgusUnity.Tests.PlayMode.RobotAvatarManagerPlayModeTests" runstate="Runnable" seed="1167862590" result="Passed" start-time="2026-05-08 11:59:47Z" end-time="2026-05-08 11:59:47Z" duration="0.000146" asserts="0">
                <properties />
              </test-case>
            </test-suite>
          </test-suite>
        </test-suite>
      </test-suite>
    </test-suite>
    <test-suite type="Assembly" id="1222" name="glTFast.Editor.Tests.dll" fullname="/Users/guribbong/code/Argus/unity/EmbodiedDebate/Library/ScriptAssemblies/glTFast.Editor.Tests.dll" runstate="Runnable" testcasecount="15" result="Passed" start-time="2026-05-08 11:59:47Z" end-time="2026-05-08 11:59:47Z" duration="0.052460" total="15" passed="15" failed="0" inconclusive="0" skipped="0" asserts="0">
      <properties>
        <property name="_PID" value="67053" />
        <property name="_APPDOMAIN" value="Unity Child Domain" />
        <property name="platform" value="EditMode" />
      </properties>
      <test-suite type="TestSuite" id="1223" name="GLTFast" fullname="GLTFast" runstate="Runnable" testcasecount="15" result="Passed" start-time="2026-05-08 11:59:47Z" end-time="2026-05-08 11:59:47Z" duration="0.051129" total="15" passed="15" failed="0" inconclusive="0" skipped="0" asserts="0">
        <properties />
        <test-suite type="TestSuite" id="1224" name="Tests" fullname="GLTFast.Tests" runstate="Runnable" testcasecount="15" result="Passed" start-time="2026-05-08 11:59:47Z" end-time="2026-05-08 11:59:47Z" duration="0.047569" total="15" passed="15" failed="0" inconclusive="0" skipped="0" asserts="0">
          <properties />
          <test-suite type="TestFixture" id="1202" name="JsonParsingTests" fullname="GLTFast.Tests.JsonParsingTests" classname="GLTFast.Tests.JsonParsingTests" runstate="Runnable" testcasecount="6" result="Passed" start-time="2026-05-08 11:59:47Z" end-time="2026-05-08 11:59:47Z" duration="0.009253" total="6" passed="6" failed="0" inconclusive="0" skipped="0" asserts="0">
            <properties />
            <test-case id="1203" name="MaterialExtensions" fullname="GLTFast.Tests.JsonParsingTests.MaterialExtensions" methodname="MaterialExtensions" classname="GLTFast.Tests.JsonParsingTests" runstate="Runnable" seed="1955575809" result="Passed" start-time="2026-05-08 11:59:47Z" end-time="2026-05-08 11:59:47Z" duration="0.003159" asserts="0">
              <properties />
            </test-case>
            <test-case id="1205" name="MeshTargetNames" fullname="GLTFast.Tests.JsonParsingTests.MeshTargetNames" methodname="MeshTargetNames" classname="GLTFast.Tests.JsonParsingTests" runstate="Runnable" seed="2003739467" result="Passed" start-time="2026-05-08 11:59:47Z" end-time="2026-05-08 11:59:47Z" duration="0.000262" asserts="0">
              <properties />
            </test-case>
            <test-case id="1206" name="MinMagFilter" fullname="GLTFast.Tests.JsonParsingTests.MinMagFilter" methodname="MinMagFilter" classname="GLTFast.Tests.JsonParsingTests" runstate="Runnable" seed="1057649225" result="Passed" start-time="2026-05-08 11:59:47Z" end-time="2026-05-08 11:59:47Z" duration="0.000369" asserts="0">
              <properties />
            </test-case>
            <test-case id="1208" name="ParseGarbage" fullname="GLTFast.Tests.JsonParsingTests.ParseGarbage" methodname="ParseGarbage" classname="GLTFast.Tests.JsonParsingTests" runstate="Runnable" seed="563531504" result="Passed" start-time="2026-05-08 11:59:47Z" end-time="2026-05-08 11:59:47Z" duration="0.000092" asserts="0">
              <properties />
            </test-case>
            <test-case id="1204" name="SparseAccessors" fullname="GLTFast.Tests.JsonParsingTests.SparseAccessors" methodname="SparseAccessors" classname="GLTFast.Tests.JsonParsingTests" runstate="Runnable" seed="408640115" result="Passed" start-time="2026-05-08 11:59:47Z" end-time="2026-05-08 11:59:47Z" duration="0.000885" asserts="0">
              <properties />
              <output><![CDATA[Invalid Sparse Accessors will break glTFast
]]></output>
            </test-case>
            <test-case id="1207" name="UnknownNodeExtension" fullname="GLTFast.Tests.JsonParsingTests.UnknownNodeExtension" methodname="UnknownNodeExtension" classname="GLTFast.Tests.JsonParsingTests" runstate="Runnable" seed="813720996" result="Passed" start-time="2026-05-08 11:59:47Z" end-time="2026-05-08 11:59:47Z" duration="0.000477" asserts="0">
              <properties />
            </test-case>
          </test-suite>
          <test-suite type="TestFixture" id="1209" name="LoggerTest" fullname="GLTFast.Tests.LoggerTest" classname="GLTFast.Tests.LoggerTest" runstate="Runnable" testcasecount="2" result="Passed" start-time="2026-05-08 11:59:47Z" end-time="2026-05-08 11:59:47Z" duration="0.003027" total="2" passed="2" failed="0" inconclusive="0" skipped="0" asserts="0">
            <properties />
            <test-case id="1210" name="CollectingLoggerTest" fullname="GLTFast.Tests.LoggerTest.CollectingLoggerTest" methodname="CollectingLoggerTest" classname="GLTFast.Tests.LoggerTest" runstate="Runnable" seed="982916605" result="Passed" start-time="2026-05-08 11:59:47Z" end-time="2026-05-08 11:59:47Z" duration="0.001919" asserts="0">
              <properties />
            </test-case>
            <test-case id="1211" name="ConsoleLoggerTest" fullname="GLTFast.Tests.LoggerTest.ConsoleLoggerTest" methodname="ConsoleLoggerTest" classname="GLTFast.Tests.LoggerTest" runstate="Runnable" seed="1282675889" result="Passed" start-time="2026-05-08 11:59:47Z" end-time="2026-05-08 11:59:47Z" duration="0.000651" asserts="0">
              <properties />
              <output><![CDATA[Download URL https://something.com/nowherfound.glb failed: 404
]]></output>
            </test-case>
          </test-suite>
          <test-suite type="TestFixture" id="1212" name="MatrixExtensionTest" fullname="GLTFast.Tests.MatrixExtensionTest" classname="GLTFast.Tests.MatrixExtensionTest" runstate="Runnable" testcasecount="1" result="Passed" start-time="2026-05-08 11:59:47Z" end-time="2026-05-08 11:59:47Z" duration="0.004917" total="1" passed="1" failed="0" inconclusive="0" skipped="0" asserts="0">
            <properties />
            <test-case id="1213" name="MatrixDecomposeTest" fullname="GLTFast.Tests.MatrixExtensionTest.MatrixDecomposeTest" methodname="MatrixDecomposeTest" classname="GLTFast.Tests.MatrixExtensionTest" runstate="Runnable" seed="40650390" result="Passed" start-time="2026-05-08 11:59:47Z" end-time="2026-05-08 11:59:47Z" duration="0.003448" asserts="0">
              <properties />
            </test-case>
          </test-suite>
          <test-suite type="TestFixture" id="1214" name="MeshPrimitiveTest" fullname="GLTFast.Tests.MeshPrimitiveTest" classname="GLTFast.Tests.MeshPrimitiveTest" runstate="Runnable" testcasecount="1" result="Passed" start-time="2026-05-08 11:59:47Z" end-time="2026-05-08 11:59:47Z" duration="0.000817" total="1" passed="1" failed="0" inconclusive="0" skipped="0" asserts="0">
            <properties />
            <test-case id="1215" name="MeshPrimitiveEqualTest" fullname="GLTFast.Tests.MeshPrimitiveTest.MeshPrimitiveEqualTest" methodname="MeshPrimitiveEqualTest" classname="GLTFast.Tests.MeshPrimitiveTest" runstate="Runnable" seed="651576654" result="Passed" start-time="2026-05-08 11:59:47Z" end-time="2026-05-08 11:59:47Z" duration="0.000473" asserts="0">
              <properties />
            </test-case>
          </test-suite>
          <test-suite type="TestFixture" id="1216" name="UriHelperTest" fullname="GLTFast.Tests.UriHelperTest" classname="GLTFast.Tests.UriHelperTest" runstate="Runnable" testcasecount="5" result="Passed" start-time="2026-05-08 11:59:47Z" end-time="2026-05-08 11:59:47Z" duration="0.025829" total="5" passed="5" failed="0" inconclusive="0" skipped="0" asserts="0">
            <properties />
            <test-case id="1217" name="GetBaseUriTest" fullname="GLTFast.Tests.UriHelperTest.GetBaseUriTest" methodname="GetBaseUriTest" classname="GLTFast.Tests.UriHelperTest" runstate="Runnable" seed="1511050669" result="Passed" start-time="2026-05-08 11:59:47Z" end-time="2026-05-08 11:59:47Z" duration="0.004899" asserts="0">
              <properties />
            </test-case>
            <test-case id="1221" name="GetImageFormatFromUriTest" fullname="GLTFast.Tests.UriHelperTest.GetImageFormatFromUriTest" methodname="GetImageFormatFromUriTest" classname="GLTFast.Tests.UriHelperTest" runstate="Runnable" seed="168872041" result="Passed" start-time="2026-05-08 11:59:47Z" end-time="2026-05-08 11:59:47Z" duration="0.000433" asserts="0">
              <properties />
            </test-case>
            <test-case id="1218" name="GetUriStringTest" fullname="GLTFast.Tests.UriHelperTest.GetUriStringTest" methodname="GetUriStringTest" classname="GLTFast.Tests.UriHelperTest" runstate="Runnable" seed="575818634" result="Passed" start-time="2026-05-08 11:59:47Z" end-time="2026-05-08 11:59:47Z" duration="0.000947" asserts="0">
              <properties />
            </test-case>
            <test-case id="1220" name="IsGltfBinaryTest" fullname="GLTFast.Tests.UriHelperTest.IsGltfBinaryTest" methodname="IsGltfBinaryTest" classname="GLTFast.Tests.UriHelperTest" runstate="Runnable" seed="132387513" result="Passed" start-time="2026-05-08 11:59:47Z" end-time="2026-05-08 11:59:47Z" duration="0.015154" asserts="0">
              <properties />
            </test-case>
            <test-case id="1219" name="RemoveDotSegments" fullname="GLTFast.Tests.UriHelperTest.RemoveDotSegments" methodname="RemoveDotSegments" classname="GLTFast.Tests.UriHelperTest" runstate="Runnable" seed="378960463" result="Passed" start-time="2026-05-08 11:59:47Z" end-time="2026-05-08 11:59:47Z" duration="0.000235" asserts="0">
              <properties />
            </test-case>
          </test-suite>
        </test-suite>
      </test-suite>
    </test-suite>
  </test-suite>
</test-run>