<?xml version="1.0" encoding="utf-8"?>
<test-run id="2" testcasecount="57" result="Passed" total="57" passed="57" failed="0" inconclusive="0" skipped="0" asserts="0" engine-version="3.5.0.0" clr-version="4.0.30319.42000" start-time="2026-05-06 08:15:52Z" end-time="2026-05-06 08:15:52Z" duration="0.5950825">
  <test-suite type="TestSuite" id="1083" name="EmbodiedDebate" fullname="EmbodiedDebate" runstate="Runnable" testcasecount="57" result="Passed" start-time="2026-05-06 08:15:52Z" end-time="2026-05-06 08:15:52Z" duration="0.595083" total="57" passed="57" failed="0" inconclusive="0" skipped="0" asserts="0">
    <properties />
    <test-suite type="Assembly" id="1129" name="ArgusUnity.Tests.EditMode.dll" fullname="/Users/guribbong/code/Argus/unity/EmbodiedDebate/Library/ScriptAssemblies/ArgusUnity.Tests.EditMode.dll" runstate="Runnable" testcasecount="38" result="Passed" start-time="2026-05-06 08:15:52Z" end-time="2026-05-06 08:15:52Z" duration="0.404085" total="38" passed="38" failed="0" inconclusive="0" skipped="0" asserts="0">
      <properties>
        <property name="_PID" value="12889" />
        <property name="_APPDOMAIN" value="Unity Child Domain" />
        <property name="platform" value="EditMode" />
      </properties>
      <test-suite type="TestSuite" id="1130" name="ArgusUnity" fullname="ArgusUnity" runstate="Runnable" testcasecount="38" result="Passed" start-time="2026-05-06 08:15:52Z" end-time="2026-05-06 08:15:52Z" duration="0.403272" total="38" passed="38" failed="0" inconclusive="0" skipped="0" asserts="0">
        <properties />
        <test-suite type="TestSuite" id="1131" name="Tests" fullname="ArgusUnity.Tests" runstate="Runnable" testcasecount="38" result="Passed" start-time="2026-05-06 08:15:52Z" end-time="2026-05-06 08:15:52Z" duration="0.399297" total="38" passed="38" failed="0" inconclusive="0" skipped="0" asserts="0">
          <properties />
          <test-suite type="TestSuite" id="1132" name="EditMode" fullname="ArgusUnity.Tests.EditMode" runstate="Runnable" testcasecount="38" result="Passed" start-time="2026-05-06 08:15:52Z" end-time="2026-05-06 08:15:52Z" duration="0.395096" total="38" passed="38" failed="0" inconclusive="0" skipped="0" asserts="0">
            <properties />
            <test-suite type="TestFixture" id="1084" name="AgentInspectorFormatterTests" fullname="ArgusUnity.Tests.EditMode.AgentInspectorFormatterTests" classname="ArgusUnity.Tests.EditMode.AgentInspectorFormatterTests" runstate="Runnable" testcasecount="1" result="Passed" start-time="2026-05-06 08:15:52Z" end-time="2026-05-06 08:15:52Z" duration="0.105780" total="1" passed="1" failed="0" inconclusive="0" skipped="0" asserts="0">
              <properties />
              <test-case id="1085" name="DropsSensitiveNestedKeysBeyondAllowlist" fullname="ArgusUnity.Tests.EditMode.AgentInspectorFormatterTests.DropsSensitiveNestedKeysBeyondAllowlist" methodname="DropsSensitiveNestedKeysBeyondAllowlist" classname="ArgusUnity.Tests.EditMode.AgentInspectorFormatterTests" runstate="Runnable" seed="1921215638" result="Passed" start-time="2026-05-06 08:15:52Z" end-time="2026-05-06 08:15:52Z" duration="0.047287" asserts="0">
                <properties />
              </test-case>
            </test-suite>
            <test-suite type="TestFixture" id="1086" name="AgentLocomotionDriverTests" fullname="ArgusUnity.Tests.EditMode.AgentLocomotionDriverTests" classname="ArgusUnity.Tests.EditMode.AgentLocomotionDriverTests" runstate="Runnable" testcasecount="12" result="Passed" start-time="2026-05-06 08:15:52Z" end-time="2026-05-06 08:15:52Z" duration="0.052558" total="12" passed="12" failed="0" inconclusive="0" skipped="0" asserts="0">
              <properties />
              <test-case id="1098" name="AgentChildColliderIsIgnoredAsObstacle" fullname="ArgusUnity.Tests.EditMode.AgentLocomotionDriverTests.AgentChildColliderIsIgnoredAsObstacle" methodname="AgentChildColliderIsIgnoredAsObstacle" classname="ArgusUnity.Tests.EditMode.AgentLocomotionDriverTests" runstate="Runnable" seed="1282296918" result="Passed" start-time="2026-05-06 08:15:52Z" end-time="2026-05-06 08:15:52Z" duration="0.010841" asserts="0">
                <properties />
              </test-case>
              <test-case id="1092" name="BoundaryTurnaroundDirectionMovesInwardAndKeepsATangent" fullname="ArgusUnity.Tests.EditMode.AgentLocomotionDriverTests.BoundaryTurnaroundDirectionMovesInwardAndKeepsATangent" methodname="BoundaryTurnaroundDirectionMovesInwardAndKeepsATangent" classname="ArgusUnity.Tests.EditMode.AgentLocomotionDriverTests" runstate="Runnable" seed="597333176" result="Passed" start-time="2026-05-06 08:15:52Z" end-time="2026-05-06 08:15:52Z" duration="0.014499" asserts="0">
                <properties />
              </test-case>
              <test-case id="1090" name="ClampPlanarKeepsPositionInsideWalkableRoom" fullname="ArgusUnity.Tests.EditMode.AgentLocomotionDriverTests.ClampPlanarKeepsPositionInsideWalkableRoom" methodname="ClampPlanarKeepsPositionInsideWalkableRoom" classname="ArgusUnity.Tests.EditMode.AgentLocomotionDriverTests" runstate="Runnable" seed="185908461" result="Passed" start-time="2026-05-06 08:15:52Z" end-time="2026-05-06 08:15:52Z" duration="0.000558" asserts="0">
                <properties />
              </test-case>
              <test-case id="1091" name="ClampPlanarWithInsetMovesPositionAwayFromBoundary" fullname="ArgusUnity.Tests.EditMode.AgentLocomotionDriverTests.ClampPlanarWithInsetMovesPositionAwayFromBoundary" methodname="ClampPlanarWithInsetMovesPositionAwayFromBoundary" classname="ArgusUnity.Tests.EditMode.AgentLocomotionDriverTests" runstate="Runnable" seed="1829846147" result="Passed" start-time="2026-05-06 08:15:52Z" end-time="2026-05-06 08:15:52Z" duration="0.010734" asserts="0">
                <properties />
              </test-case>
              <test-case id="1097" name="DynamicFurnitureColliderIsAvoidedAsObstacle" fullname="ArgusUnity.Tests.EditMode.AgentLocomotionDriverTests.DynamicFurnitureColliderIsAvoidedAsObstacle" methodname="DynamicFurnitureColliderIsAvoidedAsObstacle" classname="ArgusUnity.Tests.EditMode.AgentLocomotionDriverTests" runstate="Runnable" seed="1514457158" result="Passed" start-time="2026-05-06 08:15:52Z" end-time="2026-05-06 08:15:52Z" duration="0.005247" asserts="0">
                <properties />
              </test-case>
              <test-case id="1096" name="MaterialFactoryPrefersUrpShadersBeforeLegacyFallbacks" fullname="ArgusUnity.Tests.EditMode.AgentLocomotionDriverTests.MaterialFactoryPrefersUrpShadersBeforeLegacyFallbacks" methodname="MaterialFactoryPrefersUrpShadersBeforeLegacyFallbacks" classname="ArgusUnity.Tests.EditMode.AgentLocomotionDriverTests" runstate="Runnable" seed="1975769109" result="Passed" start-time="2026-05-06 08:15:52Z" end-time="2026-05-06 08:15:52Z" duration="0.000685" asserts="0">
                <properties />
              </test-case>
              <test-case id="1087" name="PlanarSpeedIgnoresVerticalDelta" fullname="ArgusUnity.Tests.EditMode.AgentLocomotionDriverTests.PlanarSpeedIgnoresVerticalDelta" methodname="PlanarSpeedIgnoresVerticalDelta" classname="ArgusUnity.Tests.EditMode.AgentLocomotionDriverTests" runstate="Runnable" seed="753052463" result="Passed" start-time="2026-05-06 08:15:52Z" end-time="2026-05-06 08:15:52Z" duration="0.000620" asserts="0">
                <properties />
              </test-case>
              <test-case id="1095" name="RandomInteriorTargetStaysInsideBounds" fullname="ArgusUnity.Tests.EditMode.AgentLocomotionDriverTests.RandomInteriorTargetStaysInsideBounds" methodname="RandomInteriorTargetStaysInsideBounds" classname="ArgusUnity.Tests.EditMode.AgentLocomotionDriverTests" runstate="Runnable" seed="16495315" result="Passed" start-time="2026-05-06 08:15:52Z" end-time="2026-05-06 08:15:52Z" duration="0.000974" asserts="0">
                <properties />
              </test-case>
              <test-case id="1088" name="ResolveMovingUsesStartStopHysteresis" fullname="ArgusUnity.Tests.EditMode.AgentLocomotionDriverTests.ResolveMovingUsesStartStopHysteresis" methodname="ResolveMovingUsesStartStopHysteresis" classname="ArgusUnity.Tests.EditMode.AgentLocomotionDriverTests" runstate="Runnable" seed="1152136745" result="Passed" start-time="2026-05-06 08:15:52Z" end-time="2026-05-06 08:15:52Z" duration="0.000277" asserts="0">
                <properties />
              </test-case>
              <test-case id="1094" name="WallContactRecoveryChoosesSideThatMovesAwayFromSideWall" fullname="ArgusUnity.Tests.EditMode.AgentLocomotionDriverTests.WallContactRecoveryChoosesSideThatMovesAwayFromSideWall" methodname="WallContactRecoveryChoosesSideThatMovesAwayFromSideWall" classname="ArgusUnity.Tests.EditMode.AgentLocomotionDriverTests" runstate="Runnable" seed="1935759425" result="Passed" start-time="2026-05-06 08:15:52Z" end-time="2026-05-06 08:15:52Z" duration="0.001712" asserts="0">
                <properties />
              </test-case>
              <test-case id="1093" name="WallContactRecoveryTurnsNinetyDegreesWithInwardBias" fullname="ArgusUnity.Tests.EditMode.AgentLocomotionDriverTests.WallContactRecoveryTurnsNinetyDegreesWithInwardBias" methodname="WallContactRecoveryTurnsNinetyDegreesWithInwardBias" classname="ArgusUnity.Tests.EditMode.AgentLocomotionDriverTests" runstate="Runnable" seed="824748536" result="Passed" start-time="2026-05-06 08:15:52Z" end-time="2026-05-06 08:15:52Z" duration="0.000414" asserts="0">
                <properties />
              </test-case>
              <test-case id="1089" name="YawFromPlanarDirectionUsesUnityForwardAxis" fullname="ArgusUnity.Tests.EditMode.AgentLocomotionDriverTests.YawFromPlanarDirectionUsesUnityForwardAxis" methodname="YawFromPlanarDirectionUsesUnityForwardAxis" classname="ArgusUnity.Tests.EditMode.AgentLocomotionDriverTests" runstate="Runnable" seed="2089798552" result="Passed" start-time="2026-05-06 08:15:52Z" end-time="2026-05-06 08:15:52Z" duration="0.000251" asserts="0">
                <properties />
              </test-case>
            </test-suite>
            <test-suite type="TestFixture" id="1099" name="AnimationStateMapperTests" fullname="ArgusUnity.Tests.EditMode.AnimationStateMapperTests" classname="ArgusUnity.Tests.EditMode.AnimationStateMapperTests" runstate="Runnable" testcasecount="12" result="Passed" start-time="2026-05-06 08:15:52Z" end-time="2026-05-06 08:15:52Z" duration="0.010892" total="12" passed="12" failed="0" inconclusive="0" skipped="0" asserts="0">
              <properties />
              <test-case id="1112" name="EmptyActionFallsBackToIdleWarning" fullname="ArgusUnity.Tests.EditMode.AnimationStateMapperTests.EmptyActionFallsBackToIdleWarning" methodname="EmptyActionFallsBackToIdleWarning" classname="ArgusUnity.Tests.EditMode.AnimationStateMapperTests" runstate="Runnable" seed="1434096937" result="Passed" start-time="2026-05-06 08:15:52Z" end-time="2026-05-06 08:15:52Z" duration="0.001934" asserts="0">
                <properties />
              </test-case>
              <test-suite type="ParameterizedMethod" id="1110" name="KnownActionsMapToConfiguredClips" fullname="ArgusUnity.Tests.EditMode.AnimationStateMapperTests.KnownActionsMapToConfiguredClips" classname="ArgusUnity.Tests.EditMode.AnimationStateMapperTests" runstate="Runnable" testcasecount="10" result="Passed" start-time="2026-05-06 08:15:52Z" end-time="2026-05-06 08:15:52Z" duration="0.005859" total="10" passed="10" failed="0" inconclusive="0" skipped="0" asserts="0">
                <properties />
                <test-case id="1100" name="KnownActionsMapToConfiguredClips(&quot;idle&quot;,&quot;IdleClip&quot;)" fullname="ArgusUnity.Tests.EditMode.AnimationStateMapperTests.KnownActionsMapToConfiguredClips(&quot;idle&quot;,&quot;IdleClip&quot;)" methodname="KnownActionsMapToConfiguredClips" classname="ArgusUnity.Tests.EditMode.AnimationStateMapperTests" runstate="Runnable" seed="1125458765" result="Passed" start-time="2026-05-06 08:15:52Z" end-time="2026-05-06 08:15:52Z" duration="0.001130" asserts="0">
                  <properties />
                </test-case>
                <test-case id="1101" name="KnownActionsMapToConfiguredClips(&quot;walk&quot;,&quot;WalkClip&quot;)" fullname="ArgusUnity.Tests.EditMode.AnimationStateMapperTests.KnownActionsMapToConfiguredClips(&quot;walk&quot;,&quot;WalkClip&quot;)" methodname="KnownActionsMapToConfiguredClips" classname="ArgusUnity.Tests.EditMode.AnimationStateMapperTests" runstate="Runnable" seed="1073320503" result="Passed" start-time="2026-05-06 08:15:52Z" end-time="2026-05-06 08:15:52Z" duration="0.000135" asserts="0">
                  <properties />
                </test-case>
                <test-case id="1102" name="KnownActionsMapToConfiguredClips(&quot;run&quot;,&quot;RunClip&quot;)" fullname="ArgusUnity.Tests.EditMode.AnimationStateMapperTests.KnownActionsMapToConfiguredClips(&quot;run&quot;,&quot;RunClip&quot;)" methodname="KnownActionsMapToConfiguredClips" classname="ArgusUnity.Tests.EditMode.AnimationStateMapperTests" runstate="Runnable" seed="832084385" result="Passed" start-time="2026-05-06 08:15:52Z" end-time="2026-05-06 08:15:52Z" duration="0.000093" asserts="0">
                  <properties />
                </test-case>
                <test-case id="1103" name="KnownActionsMapToConfiguredClips(&quot;speak&quot;,&quot;SpeakClip&quot;)" fullname="ArgusUnity.Tests.EditMode.AnimationStateMapperTests.KnownActionsMapToConfiguredClips(&quot;speak&quot;,&quot;SpeakClip&quot;)" methodname="KnownActionsMapToConfiguredClips" classname="ArgusUnity.Tests.EditMode.AnimationStateMapperTests" runstate="Runnable" seed="1207293539" result="Passed" start-time="2026-05-06 08:15:52Z" end-time="2026-05-06 08:15:52Z" duration="0.000074" asserts="0">
                  <properties />
                </test-case>
                <test-case id="1104" name="KnownActionsMapToConfiguredClips(&quot;argue&quot;,&quot;ArgueClip&quot;)" fullname="ArgusUnity.Tests.EditMode.AnimationStateMapperTests.KnownActionsMapToConfiguredClips(&quot;argue&quot;,&quot;ArgueClip&quot;)" methodname="KnownActionsMapToConfiguredClips" classname="ArgusUnity.Tests.EditMode.AnimationStateMapperTests" runstate="Runnable" seed="213674801" result="Passed" start-time="2026-05-06 08:15:52Z" end-time="2026-05-06 08:15:52Z" duration="0.000375" asserts="0">
                  <properties />
                </test-case>
                <test-case id="1105" name="KnownActionsMapToConfiguredClips(&quot;push&quot;,&quot;PushClip&quot;)" fullname="ArgusUnity.Tests.EditMode.AnimationStateMapperTests.KnownActionsMapToConfiguredClips(&quot;push&quot;,&quot;PushClip&quot;)" methodname="KnownActionsMapToConfiguredClips" classname="ArgusUnity.Tests.EditMode.AnimationStateMapperTests" runstate="Runnable" seed="792436648" result="Passed" start-time="2026-05-06 08:15:52Z" end-time="2026-05-06 08:15:52Z" duration="0.000917" asserts="0">
                  <properties />
                </test-case>
                <test-case id="1106" name="KnownActionsMapToConfiguredClips(&quot;block&quot;,&quot;BlockClip&quot;)" fullname="ArgusUnity.Tests.EditMode.AnimationStateMapperTests.KnownActionsMapToConfiguredClips(&quot;block&quot;,&quot;BlockClip&quot;)" methodname="KnownActionsMapToConfiguredClips" classname="ArgusUnity.Tests.EditMode.AnimationStateMapperTests" runstate="Runnable" seed="1793882" result="Passed" start-time="2026-05-06 08:15:52Z" end-time="2026-05-06 08:15:52Z" duration="0.000196" asserts="0">
                  <properties />
                </test-case>
                <test-case id="1107" name="KnownActionsMapToConfiguredClips(&quot;stumble&quot;,&quot;StumbleClip&quot;)" fullname="ArgusUnity.Tests.EditMode.AnimationStateMapperTests.KnownActionsMapToConfiguredClips(&quot;stumble&quot;,&quot;StumbleClip&quot;)" methodname="KnownActionsMapToConfiguredClips" classname="ArgusUnity.Tests.EditMode.AnimationStateMapperTests" runstate="Runnable" seed="241416378" result="Passed" start-time="2026-05-06 08:15:52Z" end-time="2026-05-06 08:15:52Z" duration="0.000090" asserts="0">
                  <properties />
                </test-case>
                <test-case id="1108" name="KnownActionsMapToConfiguredClips(&quot;fall&quot;,&quot;FallClip&quot;)" fullname="ArgusUnity.Tests.EditMode.AnimationStateMapperTests.KnownActionsMapToConfiguredClips(&quot;fall&quot;,&quot;FallClip&quot;)" methodname="KnownActionsMapToConfiguredClips" classname="ArgusUnity.Tests.EditMode.AnimationStateMapperTests" runstate="Runnable" seed="668989681" result="Passed" start-time="2026-05-06 08:15:52Z" end-time="2026-05-06 08:15:52Z" duration="0.000285" asserts="0">
                  <properties />
                </test-case>
                <test-case id="1109" name="KnownActionsMapToConfiguredClips(&quot;recover&quot;,&quot;RecoverClip&quot;)" fullname="ArgusUnity.Tests.EditMode.AnimationStateMapperTests.KnownActionsMapToConfiguredClips(&quot;recover&quot;,&quot;RecoverClip&quot;)" methodname="KnownActionsMapToConfiguredClips" classname="ArgusUnity.Tests.EditMode.AnimationStateMapperTests" runstate="Runnable" seed="2101554797" result="Passed" start-time="2026-05-06 08:15:52Z" end-time="2026-05-06 08:15:52Z" duration="0.000133" asserts="0">
                  <properties />
                </test-case>
              </test-suite>
              <test-case id="1111" name="UnknownActionFallsBackToIdleWarning" fullname="ArgusUnity.Tests.EditMode.AnimationStateMapperTests.UnknownActionFallsBackToIdleWarning" methodname="UnknownActionFallsBackToIdleWarning" classname="ArgusUnity.Tests.EditMode.AnimationStateMapperTests" runstate="Runnable" seed="968061820" result="Passed" start-time="2026-05-06 08:15:52Z" end-time="2026-05-06 08:15:52Z" duration="0.000381" asserts="0">
                <properties />
              </test-case>
            </test-suite>
            <test-suite type="TestFixture" id="1113" name="BridgeEnvelopeTests" fullname="ArgusUnity.Tests.EditMode.BridgeEnvelopeTests" classname="ArgusUnity.Tests.EditMode.BridgeEnvelopeTests" runstate="Runnable" testcasecount="4" result="Passed" start-time="2026-05-06 08:15:52Z" end-time="2026-05-06 08:15:52Z" duration="0.194743" total="4" passed="4" failed="0" inconclusive="0" skipped="0" asserts="0">
              <properties />
              <test-case id="1115" name="MalformedJsonReturnsStructuredError" fullname="ArgusUnity.Tests.EditMode.BridgeEnvelopeTests.MalformedJsonReturnsStructuredError" methodname="MalformedJsonReturnsStructuredError" classname="ArgusUnity.Tests.EditMode.BridgeEnvelopeTests" runstate="Runnable" seed="1798643547" result="Passed" start-time="2026-05-06 08:15:52Z" end-time="2026-05-06 08:15:52Z" duration="0.127581" asserts="0">
                <properties />
              </test-case>
              <test-case id="1114" name="ParseValidEnvelopePreservesPayload" fullname="ArgusUnity.Tests.EditMode.BridgeEnvelopeTests.ParseValidEnvelopePreservesPayload" methodname="ParseValidEnvelopePreservesPayload" classname="ArgusUnity.Tests.EditMode.BridgeEnvelopeTests" runstate="Runnable" seed="1858223249" result="Passed" start-time="2026-05-06 08:15:52Z" end-time="2026-05-06 08:15:52Z" duration="0.044554" asserts="0">
                <properties />
              </test-case>
              <test-case id="1117" name="UnityAckUsesExpectedPayloadShape" fullname="ArgusUnity.Tests.EditMode.BridgeEnvelopeTests.UnityAckUsesExpectedPayloadShape" methodname="UnityAckUsesExpectedPayloadShape" classname="ArgusUnity.Tests.EditMode.BridgeEnvelopeTests" runstate="Runnable" seed="1373510109" result="Passed" start-time="2026-05-06 08:15:52Z" end-time="2026-05-06 08:15:52Z" duration="0.018044" asserts="0">
                <properties />
              </test-case>
              <test-case id="1116" name="UnknownMessageTypeIsPreservedForCallerHandling" fullname="ArgusUnity.Tests.EditMode.BridgeEnvelopeTests.UnknownMessageTypeIsPreservedForCallerHandling" methodname="UnknownMessageTypeIsPreservedForCallerHandling" classname="ArgusUnity.Tests.EditMode.BridgeEnvelopeTests" runstate="Runnable" seed="323170274" result="Passed" start-time="2026-05-06 08:15:52Z" end-time="2026-05-06 08:15:52Z" duration="0.001493" asserts="0">
                <properties />
              </test-case>
            </test-suite>
            <test-suite type="TestFixture" id="1118" name="BridgePresentationParsingTests" fullname="ArgusUnity.Tests.EditMode.BridgePresentationParsingTests" classname="ArgusUnity.Tests.EditMode.BridgePresentationParsingTests" runstate="Runnable" testcasecount="5" result="Passed" start-time="2026-05-06 08:15:52Z" end-time="2026-05-06 08:15:52Z" duration="0.016800" total="5" passed="5" failed="0" inconclusive="0" skipped="0" asserts="0">
              <properties />
              <test-case id="1123" name="ConflictUpdateNormalizesStageCase" fullname="ArgusUnity.Tests.EditMode.BridgePresentationParsingTests.ConflictUpdateNormalizesStageCase" methodname="ConflictUpdateNormalizesStageCase" classname="ArgusUnity.Tests.EditMode.BridgePresentationParsingTests" runstate="Runnable" seed="2072007765" result="Passed" start-time="2026-05-06 08:15:52Z" end-time="2026-05-06 08:15:52Z" duration="0.003750" asserts="0">
                <properties />
              </test-case>
              <test-case id="1119" name="DialogueParsingExtractsSpeakerTextAndDuration" fullname="ArgusUnity.Tests.EditMode.BridgePresentationParsingTests.DialogueParsingExtractsSpeakerTextAndDuration" methodname="DialogueParsingExtractsSpeakerTextAndDuration" classname="ArgusUnity.Tests.EditMode.BridgePresentationParsingTests" runstate="Runnable" seed="389064079" result="Passed" start-time="2026-05-06 08:15:52Z" end-time="2026-05-06 08:15:52Z" duration="0.001684" asserts="0">
                <properties />
              </test-case>
              <test-case id="1121" name="DialogueTruncationAppendsEllipsis" fullname="ArgusUnity.Tests.EditMode.BridgePresentationParsingTests.DialogueTruncationAppendsEllipsis" methodname="DialogueTruncationAppendsEllipsis" classname="ArgusUnity.Tests.EditMode.BridgePresentationParsingTests" runstate="Runnable" seed="1942596392" result="Passed" start-time="2026-05-06 08:15:52Z" end-time="2026-05-06 08:15:52Z" duration="0.001227" asserts="0">
                <properties />
              </test-case>
              <test-case id="1120" name="EmotionParsingExtractsIntensity" fullname="ArgusUnity.Tests.EditMode.BridgePresentationParsingTests.EmotionParsingExtractsIntensity" methodname="EmotionParsingExtractsIntensity" classname="ArgusUnity.Tests.EditMode.BridgePresentationParsingTests" runstate="Runnable" seed="567238226" result="Passed" start-time="2026-05-06 08:15:52Z" end-time="2026-05-06 08:15:52Z" duration="0.000991" asserts="0">
                <properties />
              </test-case>
              <test-case id="1122" name="GroupUpdateParsingReadsMembers" fullname="ArgusUnity.Tests.EditMode.BridgePresentationParsingTests.GroupUpdateParsingReadsMembers" methodname="GroupUpdateParsingReadsMembers" classname="ArgusUnity.Tests.EditMode.BridgePresentationParsingTests" runstate="Runnable" seed="1203747219" result="Passed" start-time="2026-05-06 08:15:52Z" end-time="2026-05-06 08:15:52Z" duration="0.001029" asserts="0">
                <properties />
              </test-case>
            </test-suite>
            <test-suite type="TestFixture" id="1124" name="SceneOrchestratorTests" fullname="ArgusUnity.Tests.EditMode.SceneOrchestratorTests" classname="ArgusUnity.Tests.EditMode.SceneOrchestratorTests" runstate="Runnable" testcasecount="4" result="Passed" start-time="2026-05-06 08:15:52Z" end-time="2026-05-06 08:15:52Z" duration="0.003660" total="4" passed="4" failed="0" inconclusive="0" skipped="0" asserts="0">
              <properties />
              <test-case id="1128" name="HandlerExceptionReturnsStructuredError" fullname="ArgusUnity.Tests.EditMode.SceneOrchestratorTests.HandlerExceptionReturnsStructuredError" methodname="HandlerExceptionReturnsStructuredError" classname="ArgusUnity.Tests.EditMode.SceneOrchestratorTests" runstate="Runnable" seed="1587808942" result="Passed" start-time="2026-05-06 08:15:52Z" end-time="2026-05-06 08:15:52Z" duration="0.001496" asserts="0">
                <properties />
              </test-case>
              <test-case id="1126" name="KnownButUnroutedTypeReturnsWarning" fullname="ArgusUnity.Tests.EditMode.SceneOrchestratorTests.KnownButUnroutedTypeReturnsWarning" methodname="KnownButUnroutedTypeReturnsWarning" classname="ArgusUnity.Tests.EditMode.SceneOrchestratorTests" runstate="Runnable" seed="1926368485" result="Passed" start-time="2026-05-06 08:15:52Z" end-time="2026-05-06 08:15:52Z" duration="0.000259" asserts="0">
                <properties />
              </test-case>
              <test-case id="1125" name="RoutesRequiredBridgeMessageTypes" fullname="ArgusUnity.Tests.EditMode.SceneOrchestratorTests.RoutesRequiredBridgeMessageTypes" methodname="RoutesRequiredBridgeMessageTypes" classname="ArgusUnity.Tests.EditMode.SceneOrchestratorTests" runstate="Runnable" seed="352370442" result="Passed" start-time="2026-05-06 08:15:52Z" end-time="2026-05-06 08:15:52Z" duration="0.000706" asserts="0">
                <properties />
              </test-case>
              <test-case id="1127" name="UnknownTypeReturnsErrorWithoutThrowing" fullname="ArgusUnity.Tests.EditMode.SceneOrchestratorTests.UnknownTypeReturnsErrorWithoutThrowing" methodname="UnknownTypeReturnsErrorWithoutThrowing" classname="ArgusUnity.Tests.EditMode.SceneOrchestratorTests" runstate="Runnable" seed="1431971373" result="Passed" start-time="2026-05-06 08:15:52Z" end-time="2026-05-06 08:15:52Z" duration="0.000185" asserts="0">
                <properties />
              </test-case>
            </test-suite>
          </test-suite>
        </test-suite>
      </test-suite>
    </test-suite>
    <test-suite type="Assembly" id="1138" name="ArgusUnity.Tests.PlayMode.dll" fullname="/Users/guribbong/code/Argus/unity/EmbodiedDebate/Library/ScriptAssemblies/ArgusUnity.Tests.PlayMode.dll" runstate="Runnable" testcasecount="4" result="Passed" start-time="2026-05-06 08:15:52Z" end-time="2026-05-06 08:15:52Z" duration="0.021269" total="4" passed="4" failed="0" inconclusive="0" skipped="0" asserts="0">
      <properties>
        <property name="_PID" value="12889" />
        <property name="_APPDOMAIN" value="Unity Child Domain" />
        <property name="platform" value="EditMode" />
      </properties>
      <test-suite type="TestSuite" id="1139" name="ArgusUnity" fullname="ArgusUnity" runstate="Runnable" testcasecount="4" result="Passed" start-time="2026-05-06 08:15:52Z" end-time="2026-05-06 08:15:52Z" duration="0.020851" total="4" passed="4" failed="0" inconclusive="0" skipped="0" asserts="0">
        <properties />
        <test-suite type="TestSuite" id="1140" name="Tests" fullname="ArgusUnity.Tests" runstate="Runnable" testcasecount="4" result="Passed" start-time="2026-05-06 08:15:52Z" end-time="2026-05-06 08:15:52Z" duration="0.017106" total="4" passed="4" failed="0" inconclusive="0" skipped="0" asserts="0">
          <properties />
          <test-suite type="TestSuite" id="1141" name="PlayMode" fullname="ArgusUnity.Tests.PlayMode" runstate="Runnable" testcasecount="4" result="Passed" start-time="2026-05-06 08:15:52Z" end-time="2026-05-06 08:15:52Z" duration="0.013383" total="4" passed="4" failed="0" inconclusive="0" skipped="0" asserts="0">
            <properties />
            <test-suite type="TestFixture" id="1133" name="RobotAvatarManagerPlayModeTests" fullname="ArgusUnity.Tests.PlayMode.RobotAvatarManagerPlayModeTests" classname="ArgusUnity.Tests.PlayMode.RobotAvatarManagerPlayModeTests" runstate="Runnable" testcasecount="4" result="Passed" start-time="2026-05-06 08:15:52Z" end-time="2026-05-06 08:15:52Z" duration="0.009541" total="4" passed="4" failed="0" inconclusive="0" skipped="0" asserts="0">
              <properties />
              <test-case id="1135" name="DuplicateSpawnUpdatesExistingAvatar" fullname="ArgusUnity.Tests.PlayMode.RobotAvatarManagerPlayModeTests.DuplicateSpawnUpdatesExistingAvatar" methodname="DuplicateSpawnUpdatesExistingAvatar" classname="ArgusUnity.Tests.PlayMode.RobotAvatarManagerPlayModeTests" runstate="Runnable" seed="99645358" result="Passed" start-time="2026-05-06 08:15:52Z" end-time="2026-05-06 08:15:52Z" duration="0.002872" asserts="0">
                <properties />
              </test-case>
              <test-case id="1134" name="FirstSpawnCreatesOneAvatar" fullname="ArgusUnity.Tests.PlayMode.RobotAvatarManagerPlayModeTests.FirstSpawnCreatesOneAvatar" methodname="FirstSpawnCreatesOneAvatar" classname="ArgusUnity.Tests.PlayMode.RobotAvatarManagerPlayModeTests" runstate="Runnable" seed="2085162720" result="Passed" start-time="2026-05-06 08:15:52Z" end-time="2026-05-06 08:15:52Z" duration="0.000339" asserts="0">
                <properties />
              </test-case>
              <test-case id="1137" name="GroupPresentationIsApplied" fullname="ArgusUnity.Tests.PlayMode.RobotAvatarManagerPlayModeTests.GroupPresentationIsApplied" methodname="GroupPresentationIsApplied" classname="ArgusUnity.Tests.PlayMode.RobotAvatarManagerPlayModeTests" runstate="Runnable" seed="1534049579" result="Passed" start-time="2026-05-06 08:15:52Z" end-time="2026-05-06 08:15:52Z" duration="0.000453" asserts="0">
                <properties />
              </test-case>
              <test-case id="1136" name="MissingPrefabUsesFallbackAndRecordsWarning" fullname="ArgusUnity.Tests.PlayMode.RobotAvatarManagerPlayModeTests.MissingPrefabUsesFallbackAndRecordsWarning" methodname="MissingPrefabUsesFallbackAndRecordsWarning" classname="ArgusUnity.Tests.PlayMode.RobotAvatarManagerPlayModeTests" runstate="Runnable" seed="1569965075" result="Passed" start-time="2026-05-06 08:15:52Z" end-time="2026-05-06 08:15:52Z" duration="0.000647" asserts="0">
                <properties />
              </test-case>
            </test-suite>
          </test-suite>
        </test-suite>
      </test-suite>
    </test-suite>
    <test-suite type="Assembly" id="1162" name="glTFast.Editor.Tests.dll" fullname="/Users/guribbong/code/Argus/unity/EmbodiedDebate/Library/ScriptAssemblies/glTFast.Editor.Tests.dll" runstate="Runnable" testcasecount="15" result="Passed" start-time="2026-05-06 08:15:52Z" end-time="2026-05-06 08:15:52Z" duration="0.138003" total="15" passed="15" failed="0" inconclusive="0" skipped="0" asserts="0">
      <properties>
        <property name="_PID" value="12889" />
        <property name="_APPDOMAIN" value="Unity Child Domain" />
        <property name="platform" value="EditMode" />
      </properties>
      <test-suite type="TestSuite" id="1163" name="GLTFast" fullname="GLTFast" runstate="Runnable" testcasecount="15" result="Passed" start-time="2026-05-06 08:15:52Z" end-time="2026-05-06 08:15:52Z" duration="0.137161" total="15" passed="15" failed="0" inconclusive="0" skipped="0" asserts="0">
        <properties />
        <test-suite type="TestSuite" id="1164" name="Tests" fullname="GLTFast.Tests" runstate="Runnable" testcasecount="15" result="Passed" start-time="2026-05-06 08:15:52Z" end-time="2026-05-06 08:15:52Z" duration="0.133373" total="15" passed="15" failed="0" inconclusive="0" skipped="0" asserts="0">
          <properties />
          <test-suite type="TestFixture" id="1142" name="JsonParsingTests" fullname="GLTFast.Tests.JsonParsingTests" classname="GLTFast.Tests.JsonParsingTests" runstate="Runnable" testcasecount="6" result="Passed" start-time="2026-05-06 08:15:52Z" end-time="2026-05-06 08:15:52Z" duration="0.030547" total="6" passed="6" failed="0" inconclusive="0" skipped="0" asserts="0">
            <properties />
            <test-case id="1143" name="MaterialExtensions" fullname="GLTFast.Tests.JsonParsingTests.MaterialExtensions" methodname="MaterialExtensions" classname="GLTFast.Tests.JsonParsingTests" runstate="Runnable" seed="1306066650" result="Passed" start-time="2026-05-06 08:15:52Z" end-time="2026-05-06 08:15:52Z" duration="0.015590" asserts="0">
              <properties />
            </test-case>
            <test-case id="1145" name="MeshTargetNames" fullname="GLTFast.Tests.JsonParsingTests.MeshTargetNames" methodname="MeshTargetNames" classname="GLTFast.Tests.JsonParsingTests" runstate="Runnable" seed="590406688" result="Passed" start-time="2026-05-06 08:15:52Z" end-time="2026-05-06 08:15:52Z" duration="0.001185" asserts="0">
              <properties />
            </test-case>
            <test-case id="1146" name="MinMagFilter" fullname="GLTFast.Tests.JsonParsingTests.MinMagFilter" methodname="MinMagFilter" classname="GLTFast.Tests.JsonParsingTests" runstate="Runnable" seed="485329164" result="Passed" start-time="2026-05-06 08:15:52Z" end-time="2026-05-06 08:15:52Z" duration="0.001770" asserts="0">
              <properties />
            </test-case>
            <test-case id="1148" name="ParseGarbage" fullname="GLTFast.Tests.JsonParsingTests.ParseGarbage" methodname="ParseGarbage" classname="GLTFast.Tests.JsonParsingTests" runstate="Runnable" seed="1595821060" result="Passed" start-time="2026-05-06 08:15:52Z" end-time="2026-05-06 08:15:52Z" duration="0.000482" asserts="0">
              <properties />
            </test-case>
            <test-case id="1144" name="SparseAccessors" fullname="GLTFast.Tests.JsonParsingTests.SparseAccessors" methodname="SparseAccessors" classname="GLTFast.Tests.JsonParsingTests" runstate="Runnable" seed="891124004" result="Passed" start-time="2026-05-06 08:15:52Z" end-time="2026-05-06 08:15:52Z" duration="0.004836" asserts="0">
              <properties />
              <output><![CDATA[Invalid Sparse Accessors will break glTFast
]]></output>
            </test-case>
            <test-case id="1147" name="UnknownNodeExtension" fullname="GLTFast.Tests.JsonParsingTests.UnknownNodeExtension" methodname="UnknownNodeExtension" classname="GLTFast.Tests.JsonParsingTests" runstate="Runnable" seed="1241473769" result="Passed" start-time="2026-05-06 08:15:52Z" end-time="2026-05-06 08:15:52Z" duration="0.001601" asserts="0">
              <properties />
            </test-case>
          </test-suite>
          <test-suite type="TestFixture" id="1149" name="LoggerTest" fullname="GLTFast.Tests.LoggerTest" classname="GLTFast.Tests.LoggerTest" runstate="Runnable" testcasecount="2" result="Passed" start-time="2026-05-06 08:15:52Z" end-time="2026-05-06 08:15:52Z" duration="0.011470" total="2" passed="2" failed="0" inconclusive="0" skipped="0" asserts="0">
            <properties />
            <test-case id="1150" name="CollectingLoggerTest" fullname="GLTFast.Tests.LoggerTest.CollectingLoggerTest" methodname="CollectingLoggerTest" classname="GLTFast.Tests.LoggerTest" runstate="Runnable" seed="109724931" result="Passed" start-time="2026-05-06 08:15:52Z" end-time="2026-05-06 08:15:52Z" duration="0.007555" asserts="0">
              <properties />
            </test-case>
            <test-case id="1151" name="ConsoleLoggerTest" fullname="GLTFast.Tests.LoggerTest.ConsoleLoggerTest" methodname="ConsoleLoggerTest" classname="GLTFast.Tests.LoggerTest" runstate="Runnable" seed="867611526" result="Passed" start-time="2026-05-06 08:15:52Z" end-time="2026-05-06 08:15:52Z" duration="0.002069" asserts="0">
              <properties />
              <output><![CDATA[Download URL https://something.com/nowherfound.glb failed: 404
]]></output>
            </test-case>
          </test-suite>
          <test-suite type="TestFixture" id="1152" name="MatrixExtensionTest" fullname="GLTFast.Tests.MatrixExtensionTest" classname="GLTFast.Tests.MatrixExtensionTest" runstate="Runnable" testcasecount="1" result="Passed" start-time="2026-05-06 08:15:52Z" end-time="2026-05-06 08:15:52Z" duration="0.010706" total="1" passed="1" failed="0" inconclusive="0" skipped="0" asserts="0">
            <properties />
            <test-case id="1153" name="MatrixDecomposeTest" fullname="GLTFast.Tests.MatrixExtensionTest.MatrixDecomposeTest" methodname="MatrixDecomposeTest" classname="GLTFast.Tests.MatrixExtensionTest" runstate="Runnable" seed="448269194" result="Passed" start-time="2026-05-06 08:15:52Z" end-time="2026-05-06 08:15:52Z" duration="0.009249" asserts="0">
              <properties />
            </test-case>
          </test-suite>
          <test-suite type="TestFixture" id="1154" name="MeshPrimitiveTest" fullname="GLTFast.Tests.MeshPrimitiveTest" classname="GLTFast.Tests.MeshPrimitiveTest" runstate="Runnable" testcasecount="1" result="Passed" start-time="2026-05-06 08:15:52Z" end-time="2026-05-06 08:15:52Z" duration="0.002399" total="1" passed="1" failed="0" inconclusive="0" skipped="0" asserts="0">
            <properties />
            <test-case id="1155" name="MeshPrimitiveEqualTest" fullname="GLTFast.Tests.MeshPrimitiveTest.MeshPrimitiveEqualTest" methodname="MeshPrimitiveEqualTest" classname="GLTFast.Tests.MeshPrimitiveTest" runstate="Runnable" seed="1764625038" result="Passed" start-time="2026-05-06 08:15:52Z" end-time="2026-05-06 08:15:52Z" duration="0.001389" asserts="0">
              <properties />
            </test-case>
          </test-suite>
          <test-suite type="TestFixture" id="1156" name="UriHelperTest" fullname="GLTFast.Tests.UriHelperTest" classname="GLTFast.Tests.UriHelperTest" runstate="Runnable" testcasecount="5" result="Passed" start-time="2026-05-06 08:15:52Z" end-time="2026-05-06 08:15:52Z" duration="0.073165" total="5" passed="5" failed="0" inconclusive="0" skipped="0" asserts="0">
            <properties />
            <test-case id="1157" name="GetBaseUriTest" fullname="GLTFast.Tests.UriHelperTest.GetBaseUriTest" methodname="GetBaseUriTest" classname="GLTFast.Tests.UriHelperTest" runstate="Runnable" seed="2091810306" result="Passed" start-time="2026-05-06 08:15:52Z" end-time="2026-05-06 08:15:52Z" duration="0.013620" asserts="0">
              <properties />
            </test-case>
            <test-case id="1161" name="GetImageFormatFromUriTest" fullname="GLTFast.Tests.UriHelperTest.GetImageFormatFromUriTest" methodname="GetImageFormatFromUriTest" classname="GLTFast.Tests.UriHelperTest" runstate="Runnable" seed="37315981" result="Passed" start-time="2026-05-06 08:15:52Z" end-time="2026-05-06 08:15:52Z" duration="0.001623" asserts="0">
              <properties />
            </test-case>
            <test-case id="1158" name="GetUriStringTest" fullname="GLTFast.Tests.UriHelperTest.GetUriStringTest" methodname="GetUriStringTest" classname="GLTFast.Tests.UriHelperTest" runstate="Runnable" seed="112906547" result="Passed" start-time="2026-05-06 08:15:52Z" end-time="2026-05-06 08:15:52Z" duration="0.001996" asserts="0">
              <properties />
            </test-case>
            <test-case id="1160" name="IsGltfBinaryTest" fullname="GLTFast.Tests.UriHelperTest.IsGltfBinaryTest" methodname="IsGltfBinaryTest" classname="GLTFast.Tests.UriHelperTest" runstate="Runnable" seed="879031274" result="Passed" start-time="2026-05-06 08:15:52Z" end-time="2026-05-06 08:15:52Z" duration="0.051609" asserts="0">
              <properties />
            </test-case>
            <test-case id="1159" name="RemoveDotSegments" fullname="GLTFast.Tests.UriHelperTest.RemoveDotSegments" methodname="RemoveDotSegments" classname="GLTFast.Tests.UriHelperTest" runstate="Runnable" seed="2123032018" result="Passed" start-time="2026-05-06 08:15:52Z" end-time="2026-05-06 08:15:52Z" duration="0.000766" asserts="0">
              <properties />
            </test-case>
          </test-suite>
        </test-suite>
      </test-suite>
    </test-suite>
  </test-suite>
</test-run>